[FERMIHTC-SINGULARITY]: INFO -- No Singulariy image specified
[FERMIHTC-SINGULARITY]: INFO -- Running job on the host machine

[FERMIHTC-SINGULARITY]: INFO -- Running ./condor_exec.exe ./BoostedDiTauReco/plotRecoIdEffQCD.py ./BoostedDiTauReco/filelists/TCP/TCP_cleaned_m10_1.txt eff TCP
Starting job on  Wed Jun 17 14:15:57 UTC 2020
Running on: Linux nbower-66836124-0-cmswn1958.fnal.gov 3.10.0-1127.8.2.el7.x86_64 #1 SMP Wed May 13 10:45:47 CDT 2020 x86_64 x86_64 x86_64 GNU/Linux
System software: Scientific Linux release 7.8 (Nitrogen)
Reading cached build data
Done: ProjectRename
BoostedDiTauReco
condor.jdl
condorOut
docker_stderror
eosHadd.py
eosHadd.py~
graphs
HoverE_EE
makeTeff.py
makeTeff.py~
newQCD
oldgraphs
Out
plotHoverE.py
plotHoverE.py~
plots
QCD_eff_plots
QCD_var_plots
README.md
run_condor.csh
SignalGeneration
submit_condor.csh
submit_condor.csh~
TCP_eff_plots
TCP_var_plots
testDY.txt
test_QCD.txt
test_TCP.txt
Arguments passed to this script are: for 1: ./BoostedDiTauReco/plotRecoIdEffQCD.py
root://cmseos.fnal.gov//store/user/nbower/TCP_eff_plots/h_TCP_cleaned_m10_1_eff.root
process is eff
root://cmseos.fnal.gov//store/user/zhangj/events/ALP/RunIISummer17DR94Premix/ALP_m10_w1_htjmin400_RunIISummer17DR94Premix_reMINIAODSIM_Cleaned_54.root
root://cmseos.fnal.gov//store/user/zhangj/events/ALP/RunIISummer17DR94Premix/ALP_m10_w1_htjmin400_RunIISummer17DR94Premix_reMINIAODSIM_Cleaned_54.root
root://cmseos.fnal.gov//store/user/zhangj/events/ALP/RunIISummer17DR94Premix/ALP_m10_w1_htjmin400_RunIISummer17DR94Premix_reMINIAODSIM_Cleaned_55.root
root://cmseos.fnal.gov//store/user/zhangj/events/ALP/RunIISummer17DR94Premix/ALP_m10_w1_htjmin400_RunIISummer17DR94Premix_reMINIAODSIM_Cleaned_55.root
root://cmseos.fnal.gov//store/user/zhangj/events/ALP/RunIISummer17DR94Premix/ALP_m10_w1_htjmin400_RunIISummer17DR94Premix_reMINIAODSIM_Cleaned_56.root
root://cmseos.fnal.gov//store/user/zhangj/events/ALP/RunIISummer17DR94Premix/ALP_m10_w1_htjmin400_RunIISummer17DR94Premix_reMINIAODSIM_Cleaned_56.root
root://cmseos.fnal.gov//store/user/zhangj/events/ALP/RunIISummer17DR94Premix/ALP_m10_w1_htjmin400_RunIISummer17DR94Premix_reMINIAODSIM_Cleaned_57.root
root://cmseos.fnal.gov//store/user/zhangj/events/ALP/RunIISummer17DR94Premix/ALP_m10_w1_htjmin400_RunIISummer17DR94Premix_reMINIAODSIM_Cleaned_57.root
root://cmseos.fnal.gov//store/user/zhangj/events/ALP/RunIISummer17DR94Premix/ALP_m10_w1_htjmin400_RunIISummer17DR94Premix_reMINIAODSIM_Cleaned_58.root
root://cmseos.fnal.gov//store/user/zhangj/events/ALP/RunIISummer17DR94Premix/ALP_m10_w1_htjmin400_RunIISummer17DR94Premix_reMINIAODSIM_Cleaned_58.root
root://cmseos.fnal.gov//store/user/zhangj/events/ALP/RunIISummer17DR94Premix/ALP_m10_w1_htjmin400_RunIISummer17DR94Premix_reMINIAODSIM_Cleaned_59.root
root://cmseos.fnal.gov//store/user/zhangj/events/ALP/RunIISummer17DR94Premix/ALP_m10_w1_htjmin400_RunIISummer17DR94Premix_reMINIAODSIM_Cleaned_59.root
root://cmseos.fnal.gov//store/user/zhangj/events/ALP/RunIISummer17DR94Premix/ALP_m10_w1_htjmin400_RunIISummer17DR94Premix_reMINIAODSIM_Cleaned_6.root
root://cmseos.fnal.gov//store/user/zhangj/events/ALP/RunIISummer17DR94Premix/ALP_m10_w1_htjmin400_RunIISummer17DR94Premix_reMINIAODSIM_Cleaned_6.root
root://cmseos.fnal.gov//store/user/zhangj/events/ALP/RunIISummer17DR94Premix/ALP_m10_w1_htjmin400_RunIISummer17DR94Premix_reMINIAODSIM_Cleaned_60.root
root://cmseos.fnal.gov//store/user/zhangj/events/ALP/RunIISummer17DR94Premix/ALP_m10_w1_htjmin400_RunIISummer17DR94Premix_reMINIAODSIM_Cleaned_60.root
root://cmseos.fnal.gov//store/user/zhangj/events/ALP/RunIISummer17DR94Premix/ALP_m10_w1_htjmin400_RunIISummer17DR94Premix_reMINIAODSIM_Cleaned_61.root
root://cmseos.fnal.gov//store/user/zhangj/events/ALP/RunIISummer17DR94Premix/ALP_m10_w1_htjmin400_RunIISummer17DR94Premix_reMINIAODSIM_Cleaned_61.root
root://cmseos.fnal.gov//store/user/zhangj/events/ALP/RunIISummer17DR94Premix/ALP_m10_w1_htjmin400_RunIISummer17DR94Premix_reMINIAODSIM_Cleaned_62.root
root://cmseos.fnal.gov//store/user/zhangj/events/ALP/RunIISummer17DR94Premix/ALP_m10_w1_htjmin400_RunIISummer17DR94Premix_reMINIAODSIM_Cleaned_62.root
root://cmseos.fnal.gov//store/user/zhangj/events/ALP/RunIISummer17DR94Premix/ALP_m10_w1_htjmin400_RunIISummer17DR94Premix_reMINIAODSIM_Cleaned_63.root
root://cmseos.fnal.gov//store/user/zhangj/events/ALP/RunIISummer17DR94Premix/ALP_m10_w1_htjmin400_RunIISummer17DR94Premix_reMINIAODSIM_Cleaned_63.root
root://cmseos.fnal.gov//store/user/zhangj/events/ALP/RunIISummer17DR94Premix/ALP_m10_w1_htjmin400_RunIISummer17DR94Premix_reMINIAODSIM_Cleaned_64.root
root://cmseos.fnal.gov//store/user/zhangj/events/ALP/RunIISummer17DR94Premix/ALP_m10_w1_htjmin400_RunIISummer17DR94Premix_reMINIAODSIM_Cleaned_64.root
root://cmseos.fnal.gov//store/user/zhangj/events/ALP/RunIISummer17DR94Premix/ALP_m10_w1_htjmin400_RunIISummer17DR94Premix_reMINIAODSIM_Cleaned_65.root
root://cmseos.fnal.gov//store/user/zhangj/events/ALP/RunIISummer17DR94Premix/ALP_m10_w1_htjmin400_RunIISummer17DR94Premix_reMINIAODSIM_Cleaned_65.root
root://cmseos.fnal.gov//store/user/zhangj/events/ALP/RunIISummer17DR94Premix/ALP_m10_w1_htjmin400_RunIISummer17DR94Premix_reMINIAODSIM_Cleaned_66.root
root://cmseos.fnal.gov//store/user/zhangj/events/ALP/RunIISummer17DR94Premix/ALP_m10_w1_htjmin400_RunIISummer17DR94Premix_reMINIAODSIM_Cleaned_66.root
root://cmseos.fnal.gov//store/user/zhangj/events/ALP/RunIISummer17DR94Premix/ALP_m10_w1_htjmin400_RunIISummer17DR94Premix_reMINIAODSIM_Cleaned_67.root
root://cmseos.fnal.gov//store/user/zhangj/events/ALP/RunIISummer17DR94Premix/ALP_m10_w1_htjmin400_RunIISummer17DR94Premix_reMINIAODSIM_Cleaned_67.root
root://cmseos.fnal.gov//store/user/zhangj/events/ALP/RunIISummer17DR94Premix/ALP_m10_w1_htjmin400_RunIISummer17DR94Premix_reMINIAODSIM_Cleaned_68.root
root://cmseos.fnal.gov//store/user/zhangj/events/ALP/RunIISummer17DR94Premix/ALP_m10_w1_htjmin400_RunIISummer17DR94Premix_reMINIAODSIM_Cleaned_68.root
root://cmseos.fnal.gov//store/user/zhangj/events/ALP/RunIISummer17DR94Premix/ALP_m10_w1_htjmin400_RunIISummer17DR94Premix_reMINIAODSIM_Cleaned_69.root
root://cmseos.fnal.gov//store/user/zhangj/events/ALP/RunIISummer17DR94Premix/ALP_m10_w1_htjmin400_RunIISummer17DR94Premix_reMINIAODSIM_Cleaned_69.root
root://cmseos.fnal.gov//store/user/zhangj/events/ALP/RunIISummer17DR94Premix/ALP_m10_w1_htjmin400_RunIISummer17DR94Premix_reMINIAODSIM_Cleaned_7.root
root://cmseos.fnal.gov//store/user/zhangj/events/ALP/RunIISummer17DR94Premix/ALP_m10_w1_htjmin400_RunIISummer17DR94Premix_reMINIAODSIM_Cleaned_7.root
root://cmseos.fnal.gov//store/user/zhangj/events/ALP/RunIISummer17DR94Premix/ALP_m10_w1_htjmin400_RunIISummer17DR94Premix_reMINIAODSIM_Cleaned_70.root
root://cmseos.fnal.gov//store/user/zhangj/events/ALP/RunIISummer17DR94Premix/ALP_m10_w1_htjmin400_RunIISummer17DR94Premix_reMINIAODSIM_Cleaned_70.root
root://cmseos.fnal.gov//store/user/zhangj/events/ALP/RunIISummer17DR94Premix/ALP_m10_w1_htjmin400_RunIISummer17DR94Premix_reMINIAODSIM_Cleaned_71.root
root://cmseos.fnal.gov//store/user/zhangj/events/ALP/RunIISummer17DR94Premix/ALP_m10_w1_htjmin400_RunIISummer17DR94Premix_reMINIAODSIM_Cleaned_71.root
root://cmseos.fnal.gov//store/user/zhangj/events/ALP/RunIISummer17DR94Premix/ALP_m10_w1_htjmin400_RunIISummer17DR94Premix_reMINIAODSIM_Cleaned_72.root
root://cmseos.fnal.gov//store/user/zhangj/events/ALP/RunIISummer17DR94Premix/ALP_m10_w1_htjmin400_RunIISummer17DR94Premix_reMINIAODSIM_Cleaned_72.root
root://cmseos.fnal.gov//store/user/zhangj/events/ALP/RunIISummer17DR94Premix/ALP_m10_w1_htjmin400_RunIISummer17DR94Premix_reMINIAODSIM_Cleaned_73.root
root://cmseos.fnal.gov//store/user/zhangj/events/ALP/RunIISummer17DR94Premix/ALP_m10_w1_htjmin400_RunIISummer17DR94Premix_reMINIAODSIM_Cleaned_73.root
root://cmseos.fnal.gov//store/user/zhangj/events/ALP/RunIISummer17DR94Premix/ALP_m10_w1_htjmin400_RunIISummer17DR94Premix_reMINIAODSIM_Cleaned_74.root
root://cmseos.fnal.gov//store/user/zhangj/events/ALP/RunIISummer17DR94Premix/ALP_m10_w1_htjmin400_RunIISummer17DR94Premix_reMINIAODSIM_Cleaned_74.root
root://cmseos.fnal.gov//store/user/zhangj/events/ALP/RunIISummer17DR94Premix/ALP_m10_w1_htjmin400_RunIISummer17DR94Premix_reMINIAODSIM_Cleaned_75.root
root://cmseos.fnal.gov//store/user/zhangj/events/ALP/RunIISummer17DR94Premix/ALP_m10_w1_htjmin400_RunIISummer17DR94Premix_reMINIAODSIM_Cleaned_75.root
root://cmseos.fnal.gov//store/user/zhangj/events/ALP/RunIISummer17DR94Premix/ALP_m10_w1_htjmin400_RunIISummer17DR94Premix_reMINIAODSIM_Cleaned_76.root
root://cmseos.fnal.gov//store/user/zhangj/events/ALP/RunIISummer17DR94Premix/ALP_m10_w1_htjmin400_RunIISummer17DR94Premix_reMINIAODSIM_Cleaned_76.root
root://cmseos.fnal.gov//store/user/zhangj/events/ALP/RunIISummer17DR94Premix/ALP_m10_w1_htjmin400_RunIISummer17DR94Premix_reMINIAODSIM_Cleaned_77.root
root://cmseos.fnal.gov//store/user/zhangj/events/ALP/RunIISummer17DR94Premix/ALP_m10_w1_htjmin400_RunIISummer17DR94Premix_reMINIAODSIM_Cleaned_77.root
root://cmseos.fnal.gov//store/user/zhangj/events/ALP/RunIISummer17DR94Premix/ALP_m10_w1_htjmin400_RunIISummer17DR94Premix_reMINIAODSIM_Cleaned_78.root
root://cmseos.fnal.gov//store/user/zhangj/events/ALP/RunIISummer17DR94Premix/ALP_m10_w1_htjmin400_RunIISummer17DR94Premix_reMINIAODSIM_Cleaned_78.root
root://cmseos.fnal.gov//store/user/zhangj/events/ALP/RunIISummer17DR94Premix/ALP_m10_w1_htjmin400_RunIISummer17DR94Premix_reMINIAODSIM_Cleaned_79.root
root://cmseos.fnal.gov//store/user/zhangj/events/ALP/RunIISummer17DR94Premix/ALP_m10_w1_htjmin400_RunIISummer17DR94Premix_reMINIAODSIM_Cleaned_79.root
root://cmseos.fnal.gov//store/user/zhangj/events/ALP/RunIISummer17DR94Premix/ALP_m10_w1_htjmin400_RunIISummer17DR94Premix_reMINIAODSIM_Cleaned_8.root
root://cmseos.fnal.gov//store/user/zhangj/events/ALP/RunIISummer17DR94Premix/ALP_m10_w1_htjmin400_RunIISummer17DR94Premix_reMINIAODSIM_Cleaned_8.root
root://cmseos.fnal.gov//store/user/zhangj/events/ALP/RunIISummer17DR94Premix/ALP_m10_w1_htjmin400_RunIISummer17DR94Premix_reMINIAODSIM_Cleaned_80.root
root://cmseos.fnal.gov//store/user/zhangj/events/ALP/RunIISummer17DR94Premix/ALP_m10_w1_htjmin400_RunIISummer17DR94Premix_reMINIAODSIM_Cleaned_80.root
root://cmseos.fnal.gov//store/user/zhangj/events/ALP/RunIISummer17DR94Premix/ALP_m10_w1_htjmin400_RunIISummer17DR94Premix_reMINIAODSIM_Cleaned_81.root
root://cmseos.fnal.gov//store/user/zhangj/events/ALP/RunIISummer17DR94Premix/ALP_m10_w1_htjmin400_RunIISummer17DR94Premix_reMINIAODSIM_Cleaned_81.root
root://cmseos.fnal.gov//store/user/zhangj/events/ALP/RunIISummer17DR94Premix/ALP_m10_w1_htjmin400_RunIISummer17DR94Premix_reMINIAODSIM_Cleaned_82.root
root://cmseos.fnal.gov//store/user/zhangj/events/ALP/RunIISummer17DR94Premix/ALP_m10_w1_htjmin400_RunIISummer17DR94Premix_reMINIAODSIM_Cleaned_82.root
root://cmseos.fnal.gov//store/user/zhangj/events/ALP/RunIISummer17DR94Premix/ALP_m10_w1_htjmin400_RunIISummer17DR94Premix_reMINIAODSIM_Cleaned_83.root
root://cmseos.fnal.gov//store/user/zhangj/events/ALP/RunIISummer17DR94Premix/ALP_m10_w1_htjmin400_RunIISummer17DR94Premix_reMINIAODSIM_Cleaned_83.root
root://cmseos.fnal.gov//store/user/zhangj/events/ALP/RunIISummer17DR94Premix/ALP_m10_w1_htjmin400_RunIISummer17DR94Premix_reMINIAODSIM_Cleaned_84.root
root://cmseos.fnal.gov//store/user/zhangj/events/ALP/RunIISummer17DR94Premix/ALP_m10_w1_htjmin400_RunIISummer17DR94Premix_reMINIAODSIM_Cleaned_84.root
root://cmseos.fnal.gov//store/user/zhangj/events/ALP/RunIISummer17DR94Premix/ALP_m10_w1_htjmin400_RunIISummer17DR94Premix_reMINIAODSIM_Cleaned_85.root
root://cmseos.fnal.gov//store/user/zhangj/events/ALP/RunIISummer17DR94Premix/ALP_m10_w1_htjmin400_RunIISummer17DR94Premix_reMINIAODSIM_Cleaned_85.root
root://cmseos.fnal.gov//store/user/zhangj/events/ALP/RunIISummer17DR94Premix/ALP_m10_w1_htjmin400_RunIISummer17DR94Premix_reMINIAODSIM_Cleaned_86.root
root://cmseos.fnal.gov//store/user/zhangj/events/ALP/RunIISummer17DR94Premix/ALP_m10_w1_htjmin400_RunIISummer17DR94Premix_reMINIAODSIM_Cleaned_86.root
root://cmseos.fnal.gov//store/user/zhangj/events/ALP/RunIISummer17DR94Premix/ALP_m10_w1_htjmin400_RunIISummer17DR94Premix_reMINIAODSIM_Cleaned_87.root
root://cmseos.fnal.gov//store/user/zhangj/events/ALP/RunIISummer17DR94Premix/ALP_m10_w1_htjmin400_RunIISummer17DR94Premix_reMINIAODSIM_Cleaned_87.root
root://cmseos.fnal.gov//store/user/zhangj/events/ALP/RunIISummer17DR94Premix/ALP_m10_w1_htjmin400_RunIISummer17DR94Premix_reMINIAODSIM_Cleaned_88.root
root://cmseos.fnal.gov//store/user/zhangj/events/ALP/RunIISummer17DR94Premix/ALP_m10_w1_htjmin400_RunIISummer17DR94Premix_reMINIAODSIM_Cleaned_88.root
root://cmseos.fnal.gov//store/user/zhangj/events/ALP/RunIISummer17DR94Premix/ALP_m10_w1_htjmin400_RunIISummer17DR94Premix_reMINIAODSIM_Cleaned_89.root
root://cmseos.fnal.gov//store/user/zhangj/events/ALP/RunIISummer17DR94Premix/ALP_m10_w1_htjmin400_RunIISummer17DR94Premix_reMINIAODSIM_Cleaned_89.root
root://cmseos.fnal.gov//store/user/zhangj/events/ALP/RunIISummer17DR94Premix/ALP_m10_w1_htjmin400_RunIISummer17DR94Premix_reMINIAODSIM_Cleaned_9.root
root://cmseos.fnal.gov//store/user/zhangj/events/ALP/RunIISummer17DR94Premix/ALP_m10_w1_htjmin400_RunIISummer17DR94Premix_reMINIAODSIM_Cleaned_9.root
root://cmseos.fnal.gov//store/user/zhangj/events/ALP/RunIISummer17DR94Premix/ALP_m10_w1_htjmin400_RunIISummer17DR94Premix_reMINIAODSIM_Cleaned_90.root
root://cmseos.fnal.gov//store/user/zhangj/events/ALP/RunIISummer17DR94Premix/ALP_m10_w1_htjmin400_RunIISummer17DR94Premix_reMINIAODSIM_Cleaned_90.root
root://cmseos.fnal.gov//store/user/zhangj/events/ALP/RunIISummer17DR94Premix/ALP_m10_w1_htjmin400_RunIISummer17DR94Premix_reMINIAODSIM_Cleaned_91.root
root://cmseos.fnal.gov//store/user/zhangj/events/ALP/RunIISummer17DR94Premix/ALP_m10_w1_htjmin400_RunIISummer17DR94Premix_reMINIAODSIM_Cleaned_91.root
root://cmseos.fnal.gov//store/user/zhangj/events/ALP/RunIISummer17DR94Premix/ALP_m10_w1_htjmin400_RunIISummer17DR94Premix_reMINIAODSIM_Cleaned_92.root
root://cmseos.fnal.gov//store/user/zhangj/events/ALP/RunIISummer17DR94Premix/ALP_m10_w1_htjmin400_RunIISummer17DR94Premix_reMINIAODSIM_Cleaned_92.root
root://cmseos.fnal.gov//store/user/zhangj/events/ALP/RunIISummer17DR94Premix/ALP_m10_w1_htjmin400_RunIISummer17DR94Premix_reMINIAODSIM_Cleaned_93.root
root://cmseos.fnal.gov//store/user/zhangj/events/ALP/RunIISummer17DR94Premix/ALP_m10_w1_htjmin400_RunIISummer17DR94Premix_reMINIAODSIM_Cleaned_93.root
root://cmseos.fnal.gov//store/user/zhangj/events/ALP/RunIISummer17DR94Premix/ALP_m10_w1_htjmin400_RunIISummer17DR94Premix_reMINIAODSIM_Cleaned_94.root
root://cmseos.fnal.gov//store/user/zhangj/events/ALP/RunIISummer17DR94Premix/ALP_m10_w1_htjmin400_RunIISummer17DR94Premix_reMINIAODSIM_Cleaned_94.root
root://cmseos.fnal.gov//store/user/zhangj/events/ALP/RunIISummer17DR94Premix/ALP_m10_w1_htjmin400_RunIISummer17DR94Premix_reMINIAODSIM_Cleaned_95.root
root://cmseos.fnal.gov//store/user/zhangj/events/ALP/RunIISummer17DR94Premix/ALP_m10_w1_htjmin400_RunIISummer17DR94Premix_reMINIAODSIM_Cleaned_95.root
root://cmseos.fnal.gov//store/user/zhangj/events/ALP/RunIISummer17DR94Premix/ALP_m10_w1_htjmin400_RunIISummer17DR94Premix_reMINIAODSIM_Cleaned_96.root
root://cmseos.fnal.gov//store/user/zhangj/events/ALP/RunIISummer17DR94Premix/ALP_m10_w1_htjmin400_RunIISummer17DR94Premix_reMINIAODSIM_Cleaned_96.root
root://cmseos.fnal.gov//store/user/zhangj/events/ALP/RunIISummer17DR94Premix/ALP_m10_w1_htjmin400_RunIISummer17DR94Premix_reMINIAODSIM_Cleaned_97.root
root://cmseos.fnal.gov//store/user/zhangj/events/ALP/RunIISummer17DR94Premix/ALP_m10_w1_htjmin400_RunIISummer17DR94Premix_reMINIAODSIM_Cleaned_97.root
root://cmseos.fnal.gov//store/user/zhangj/events/ALP/RunIISummer17DR94Premix/ALP_m10_w1_htjmin400_RunIISummer17DR94Premix_reMINIAODSIM_Cleaned_98.root
root://cmseos.fnal.gov//store/user/zhangj/events/ALP/RunIISummer17DR94Premix/ALP_m10_w1_htjmin400_RunIISummer17DR94Premix_reMINIAODSIM_Cleaned_98.root
root://cmseos.fnal.gov//store/user/zhangj/events/ALP/RunIISummer17DR94Premix/ALP_m10_w1_htjmin400_RunIISummer17DR94Premix_reMINIAODSIM_Cleaned_99.root
root://cmseos.fnal.gov//store/user/zhangj/events/ALP/RunIISummer17DR94Premix/ALP_m10_w1_htjmin400_RunIISummer17DR94Premix_reMINIAODSIM_Cleaned_99.root
