[701.8kB/701.8kB][100%][==================================================][701.8kB/s]  [701.8kB/701.8kB][100%][==================================================][701.8kB/s]  
200617 04:22:33 227 secgsi_ParseCAlist: nothing to parse
Error in <TNetXNGFile::ReadBuffer>: [ERROR] Server responded with an error: [3005] Unable to read /store/mc/RunIIFall17MiniAODv2/QCD_HT1000to1500_TuneCP5_13TeV-madgraph-pythia8/MINIAODSIM/PU2017_12Apr2018_new_pmx_94X_mc2017_realistic_v14-v1/20000/EE72C69D-1694-E811-B107-AC1F6B1E303E.root; unknown error 255

Error in <TNetXNGFile::Init>: root://cmsxrootd.fnal.gov//store/mc/RunIIFall17MiniAODv2/QCD_HT1000to1500_TuneCP5_13TeV-madgraph-pythia8/MINIAODSIM/PU2017_12Apr2018_new_pmx_94X_mc2017_realistic_v14-v1/20000/EE72C69D-1694-E811-B107-AC1F6B1E303E.root failed to read the file type data.
Error in <TNetXNGFile::TNetXNGFile>: Object is in 'zombie' state
Error in <TNetXNGFile::ReadBuffer>: [ERROR] Server responded with an error: [3005] Unable to read /store/mc/RunIIFall17MiniAODv2/QCD_HT1000to1500_TuneCP5_13TeV-madgraph-pythia8/MINIAODSIM/PU2017_12Apr2018_new_pmx_94X_mc2017_realistic_v14-v1/20000/EE72C69D-1694-E811-B107-AC1F6B1E303E.root; unknown error 255

Error in <TNetXNGFile::Init>: root://cmsxrootd.fnal.gov//store/mc/RunIIFall17MiniAODv2/QCD_HT1000to1500_TuneCP5_13TeV-madgraph-pythia8/MINIAODSIM/PU2017_12Apr2018_new_pmx_94X_mc2017_realistic_v14-v1/20000/EE72C69D-1694-E811-B107-AC1F6B1E303E.root failed to read the file type data.
Error in <TNetXNGFile::TNetXNGFile>: Object is in 'zombie' state

 *** Break *** segmentation violation



===========================================================
There was a crash.
This is the entire stack trace of all threads:
===========================================================

Thread 6 (Thread 0x7f8555527700 (LWP 231)):
#0  0x00007f8565376bf9 in syscall () from /lib64/libc.so.6
#1  0x00007f855782589f in XrdSys::LinuxSemaphore::Wait (this=0x44df790) at /build/cmsbld/auto-builds/CMSSW_9_4_0_pre1-slc7_amd64_gcc630/build/CMSSW_9_4_0_pre1-build/BUILD/slc7_amd64_gcc630/external/xrootd/4.6.1-fmblme/xrootd-4.6.1/src/./XrdSys/XrdSysLinuxSemaphore.hh:161
#2  XrdCl::SyncQueue<XrdCl::JobManager::JobHelper>::Get (this=0x44e4458) at /build/cmsbld/auto-builds/CMSSW_9_4_0_pre1-slc7_amd64_gcc630/build/CMSSW_9_4_0_pre1-build/BUILD/slc7_amd64_gcc630/external/xrootd/4.6.1-fmblme/xrootd-4.6.1/src/./XrdCl/XrdClSyncQueue.hh:67
#3  XrdCl::JobManager::RunJobs (this=0x44e4440) at /build/cmsbld/auto-builds/CMSSW_9_4_0_pre1-slc7_amd64_gcc630/build/CMSSW_9_4_0_pre1-build/BUILD/slc7_amd64_gcc630/external/xrootd/4.6.1-fmblme/xrootd-4.6.1/src/XrdCl/XrdClJobManager.cc:146
#4  0x00007f8557825a59 in RunRunnerThread (arg=<optimized out>) at /build/cmsbld/auto-builds/CMSSW_9_4_0_pre1-slc7_amd64_gcc630/build/CMSSW_9_4_0_pre1-build/BUILD/slc7_amd64_gcc630/external/xrootd/4.6.1-fmblme/xrootd-4.6.1/src/XrdCl/XrdClJobManager.cc:33
#5  0x00007f8565d5cea5 in start_thread () from /lib64/libpthread.so.0
#6  0x00007f856537c8dd in clone () from /lib64/libc.so.6

Thread 5 (Thread 0x7f8555d28700 (LWP 230)):
#0  0x00007f8565376bf9 in syscall () from /lib64/libc.so.6
#1  0x00007f855782589f in XrdSys::LinuxSemaphore::Wait (this=0x44df790) at /build/cmsbld/auto-builds/CMSSW_9_4_0_pre1-slc7_amd64_gcc630/build/CMSSW_9_4_0_pre1-build/BUILD/slc7_amd64_gcc630/external/xrootd/4.6.1-fmblme/xrootd-4.6.1/src/./XrdSys/XrdSysLinuxSemaphore.hh:161
#2  XrdCl::SyncQueue<XrdCl::JobManager::JobHelper>::Get (this=0x44e4458) at /build/cmsbld/auto-builds/CMSSW_9_4_0_pre1-slc7_amd64_gcc630/build/CMSSW_9_4_0_pre1-build/BUILD/slc7_amd64_gcc630/external/xrootd/4.6.1-fmblme/xrootd-4.6.1/src/./XrdCl/XrdClSyncQueue.hh:67
#3  XrdCl::JobManager::RunJobs (this=0x44e4440) at /build/cmsbld/auto-builds/CMSSW_9_4_0_pre1-slc7_amd64_gcc630/build/CMSSW_9_4_0_pre1-build/BUILD/slc7_amd64_gcc630/external/xrootd/4.6.1-fmblme/xrootd-4.6.1/src/XrdCl/XrdClJobManager.cc:146
#4  0x00007f8557825a59 in RunRunnerThread (arg=<optimized out>) at /build/cmsbld/auto-builds/CMSSW_9_4_0_pre1-slc7_amd64_gcc630/build/CMSSW_9_4_0_pre1-build/BUILD/slc7_amd64_gcc630/external/xrootd/4.6.1-fmblme/xrootd-4.6.1/src/XrdCl/XrdClJobManager.cc:33
#5  0x00007f8565d5cea5 in start_thread () from /lib64/libpthread.so.0
#6  0x00007f856537c8dd in clone () from /lib64/libc.so.6

Thread 4 (Thread 0x7f8556529700 (LWP 229)):
#0  0x00007f8565376bf9 in syscall () from /lib64/libc.so.6
#1  0x00007f855782589f in XrdSys::LinuxSemaphore::Wait (this=0x44df790) at /build/cmsbld/auto-builds/CMSSW_9_4_0_pre1-slc7_amd64_gcc630/build/CMSSW_9_4_0_pre1-build/BUILD/slc7_amd64_gcc630/external/xrootd/4.6.1-fmblme/xrootd-4.6.1/src/./XrdSys/XrdSysLinuxSemaphore.hh:161
#2  XrdCl::SyncQueue<XrdCl::JobManager::JobHelper>::Get (this=0x44e4458) at /build/cmsbld/auto-builds/CMSSW_9_4_0_pre1-slc7_amd64_gcc630/build/CMSSW_9_4_0_pre1-build/BUILD/slc7_amd64_gcc630/external/xrootd/4.6.1-fmblme/xrootd-4.6.1/src/./XrdCl/XrdClSyncQueue.hh:67
#3  XrdCl::JobManager::RunJobs (this=0x44e4440) at /build/cmsbld/auto-builds/CMSSW_9_4_0_pre1-slc7_amd64_gcc630/build/CMSSW_9_4_0_pre1-build/BUILD/slc7_amd64_gcc630/external/xrootd/4.6.1-fmblme/xrootd-4.6.1/src/XrdCl/XrdClJobManager.cc:146
#4  0x00007f8557825a59 in RunRunnerThread (arg=<optimized out>) at /build/cmsbld/auto-builds/CMSSW_9_4_0_pre1-slc7_amd64_gcc630/build/CMSSW_9_4_0_pre1-build/BUILD/slc7_amd64_gcc630/external/xrootd/4.6.1-fmblme/xrootd-4.6.1/src/XrdCl/XrdClJobManager.cc:33
#5  0x00007f8565d5cea5 in start_thread () from /lib64/libpthread.so.0
#6  0x00007f856537c8dd in clone () from /lib64/libc.so.6

Thread 3 (Thread 0x7f8556d2a700 (LWP 228)):
#0  0x00007f8565d63e9d in nanosleep () from /lib64/libpthread.so.0
#1  0x00007f855792a753 in XrdSysTimer::Wait (mills=<optimized out>) at /build/cmsbld/auto-builds/CMSSW_9_4_0_pre1-slc7_amd64_gcc630/build/CMSSW_9_4_0_pre1-build/BUILD/slc7_amd64_gcc630/external/xrootd/4.6.1-fmblme/xrootd-4.6.1/src/XrdSys/XrdSysTimer.cc:239
#2  0x00007f85577ca627 in XrdCl::TaskManager::RunTasks (this=0x44662c0) at /build/cmsbld/auto-builds/CMSSW_9_4_0_pre1-slc7_amd64_gcc630/build/CMSSW_9_4_0_pre1-build/BUILD/slc7_amd64_gcc630/external/xrootd/4.6.1-fmblme/xrootd-4.6.1/src/XrdCl/XrdClTaskManager.cc:244
#3  0x00007f85577ca779 in RunRunnerThread (arg=<optimized out>) at /build/cmsbld/auto-builds/CMSSW_9_4_0_pre1-slc7_amd64_gcc630/build/CMSSW_9_4_0_pre1-build/BUILD/slc7_amd64_gcc630/external/xrootd/4.6.1-fmblme/xrootd-4.6.1/src/XrdCl/XrdClTaskManager.cc:37
#4  0x00007f8565d5cea5 in start_thread () from /lib64/libpthread.so.0
#5  0x00007f856537c8dd in clone () from /lib64/libc.so.6

Thread 2 (Thread 0x7f855752b700 (LWP 227)):
#0  0x00007f856537ceb3 in epoll_wait () from /lib64/libc.so.6
#1  0x00007f855792f804 in XrdSys::IOEvents::PollE::Begin (this=0x44351f0, syncsem=<optimized out>, retcode=<optimized out>, eTxt=<optimized out>) at /build/cmsbld/auto-builds/CMSSW_9_4_0_pre1-slc7_amd64_gcc630/build/CMSSW_9_4_0_pre1-build/BUILD/slc7_amd64_gcc630/external/xrootd/4.6.1-fmblme/xrootd-4.6.1/src/./XrdSys/XrdSysIOEventsPollE.icc:213
#2  0x00007f855792be75 in XrdSys::IOEvents::BootStrap::Start (parg=0x7ffec0ea3230) at /build/cmsbld/auto-builds/CMSSW_9_4_0_pre1-slc7_amd64_gcc630/build/CMSSW_9_4_0_pre1-build/BUILD/slc7_amd64_gcc630/external/xrootd/4.6.1-fmblme/xrootd-4.6.1/src/XrdSys/XrdSysIOEvents.cc:131
#3  0x00007f8557929f78 in XrdSysThread_Xeq (myargs=0x442de50) at /build/cmsbld/auto-builds/CMSSW_9_4_0_pre1-slc7_amd64_gcc630/build/CMSSW_9_4_0_pre1-build/BUILD/slc7_amd64_gcc630/external/xrootd/4.6.1-fmblme/xrootd-4.6.1/src/XrdSys/XrdSysPthread.cc:86
#4  0x00007f8565d5cea5 in start_thread () from /lib64/libpthread.so.0
#5  0x00007f856537c8dd in clone () from /lib64/libc.so.6

Thread 1 (Thread 0x7f8566386740 (LWP 203)):
#0  0x00007f85653434b9 in waitpid () from /lib64/libc.so.6
#1  0x00007f85652c0f62 in do_system () from /lib64/libc.so.6
#2  0x00007f85652c1311 in system () from /lib64/libc.so.6
#3  0x00007f85648ed702 in TUnixSystem::StackTrace() () from /cvmfs/cms.cern.ch/slc7_amd64_gcc630/cms/cmssw/CMSSW_9_4_13/external/slc7_amd64_gcc630/lib/libCore.so
#4  0x00007f85648efbac in TUnixSystem::DispatchSignals(ESignals) () from /cvmfs/cms.cern.ch/slc7_amd64_gcc630/cms/cmssw/CMSSW_9_4_13/external/slc7_amd64_gcc630/lib/libCore.so
#5  <signal handler called>
#6  0x00007f853dc50c08 in fwlite::ChainEvent::ChainEvent(std::vector<std::__cxx11::basic_string<char, std::char_traits<char>, std::allocator<char> >, std::allocator<std::__cxx11::basic_string<char, std::char_traits<char>, std::allocator<char> > > > const&) () from /cvmfs/cms.cern.ch/slc7_amd64_gcc630/cms/cmssw/CMSSW_9_4_13/lib/slc7_amd64_gcc630/libDataFormatsFWLite.so
#7  0x00007f853dc3104b in ?? ()
#8  0x00007f853dc31010 in ?? ()
#9  0x00007ffec0ea4cf0 in ?? ()
#10 0x0000000000000056 in ?? ()
#11 0x00007f8565215554 in ?? () from /cvmfs/cms.cern.ch/slc7_amd64_gcc630/lcg/root/6.10.08-fmblme2/lib/libPyROOT.so
#12 0x00007ffec0ea48c0 in ?? ()
#13 0x00007f85651dd811 in FastCall(long, void*, void*, void*) () from /cvmfs/cms.cern.ch/slc7_amd64_gcc630/lcg/root/6.10.08-fmblme2/lib/libPyROOT.so
===========================================================


The lines below might hint at the cause of the crash.
You may get help by asking at the ROOT forum http://root.cern.ch/forum.
Only if you are really convinced it is a bug in ROOT then please submit a
report at http://root.cern.ch/bugs. Please post the ENTIRE stack trace
from above as an attachment in addition to anything else
that might help us fixing this issue.
===========================================================
#6  0x00007f853dc50c08 in fwlite::ChainEvent::ChainEvent(std::vector<std::__cxx11::basic_string<char, std::char_traits<char>, std::allocator<char> >, std::allocator<std::__cxx11::basic_string<char, std::char_traits<char>, std::allocator<char> > > > const&) () from /cvmfs/cms.cern.ch/slc7_amd64_gcc630/cms/cmssw/CMSSW_9_4_13/lib/slc7_amd64_gcc630/libDataFormatsFWLite.so
#7  0x00007f853dc3104b in ?? ()
#8  0x00007f853dc31010 in ?? ()
#9  0x00007ffec0ea4cf0 in ?? ()
#10 0x0000000000000056 in ?? ()
#11 0x00007f8565215554 in ?? () from /cvmfs/cms.cern.ch/slc7_amd64_gcc630/lcg/root/6.10.08-fmblme2/lib/libPyROOT.so
#12 0x00007ffec0ea48c0 in ?? ()
#13 0x00007f85651dd811 in FastCall(long, void*, void*, void*) () from /cvmfs/cms.cern.ch/slc7_amd64_gcc630/lcg/root/6.10.08-fmblme2/lib/libPyROOT.so
===========================================================


Traceback (most recent call last):
  File "./BoostedDiTauReco/plotRecoIdEffQCD.py", line 224, in <module>
    for event in events:
  File "/cvmfs/cms.cern.ch/slc7_amd64_gcc630/cms/cmssw/CMSSW_9_4_13/python/DataFormats/FWLite/__init__.py", line 663, in _next
    self._createFWLiteEvent()
  File "/cvmfs/cms.cern.ch/slc7_amd64_gcc630/cms/cmssw/CMSSW_9_4_13/python/DataFormats/FWLite/__init__.py", line 655, in _createFWLiteEvent
    self._event = ROOT.fwlite.ChainEvent (filenamesSVec)
TypeError: none of the 2 overloaded methods succeeded. Full details:
  fwlite::ChainEvent::fwlite::ChainEvent(const vector<string>& iFileNames) =>
    problem in C++; program state has been reset
  fwlite::ChainEvent::fwlite::ChainEvent(const fwlite::ChainEvent&) =>
    could not convert argument 1
Error in <TNetXNGFile::Close>: [ERROR] Invalid session
Error in <TNetXNGFile::Close>: [ERROR] Invalid session
