[FERMIHTC-SINGULARITY]: INFO -- No Singulariy image specified
[FERMIHTC-SINGULARITY]: INFO -- Running job on the host machine

[FERMIHTC-SINGULARITY]: INFO -- Running ./condor_exec.exe ./BoostedDiTauReco/plotRecoIdEffQCD.py ./BoostedDiTauReco/filelists/QCD94/HT300to500/QCD_HT300to500_2.txt var QCD
Starting job on  Wed Jun 17 04:04:11 UTC 2020
Running on: Linux nbower-37044327-0-cmswn1860.fnal.gov 3.10.0-1127.el7.x86_64 #1 SMP Wed Apr 1 12:25:50 CDT 2020 x86_64 x86_64 x86_64 GNU/Linux
System software: Scientific Linux release 7.8 (Nitrogen)
Reading cached build data
Done: ProjectRename
BoostedDiTauReco
condor.jdl
condorOut
docker_stderror
eosHadd.py
eosHadd.py~
graphs
HoverE_EE
makeTeff.py
makeTeff.py~
newQCD
oldgraphs
Out
plotHoverE.py
plotHoverE.py~
plots
QCD_eff_plots
QCD_var_plots
README.md
run_condor.csh
SignalGeneration
submit_condor.csh
submit_condor.csh~
TCP_eff_plots
TCP_var_plots
testDY.txt
test_QCD.txt
test_TCP.txt
Arguments passed to this script are: for 1: ./BoostedDiTauReco/plotRecoIdEffQCD.py
root://cmseos.fnal.gov//store/user/nbower/QCD_var_plots/h_QCD_HT300to500_2_var.root
process is var
root://cmsxrootd.fnal.gov//store/mc/RunIIFall17MiniAODv2/QCD_HT300to500_TuneCP5_13TeV-madgraph-pythia8/MINIAODSIM/PU2017_12Apr2018_new_pmx_94X_mc2017_realistic_v14-v1/10000/C6B49502-2127-E911-A501-0CC47A7C35E0.root
root://cmsxrootd.fnal.gov//store/mc/RunIIFall17MiniAODv2/QCD_HT300to500_TuneCP5_13TeV-madgraph-pythia8/MINIAODSIM/PU2017_12Apr2018_new_pmx_94X_mc2017_realistic_v14-v1/10000/7EC1F49E-4227-E911-B970-0CC47A78A30E.root
root://cmsxrootd.fnal.gov//store/mc/RunIIFall17MiniAODv2/QCD_HT300to500_TuneCP5_13TeV-madgraph-pythia8/MINIAODSIM/PU2017_12Apr2018_new_pmx_94X_mc2017_realistic_v14-v1/10000/4E34F452-E727-E911-9AC2-AC1F6BAC7EAC.root
root://cmsxrootd.fnal.gov//store/mc/RunIIFall17MiniAODv2/QCD_HT300to500_TuneCP5_13TeV-madgraph-pythia8/MINIAODSIM/PU2017_12Apr2018_new_pmx_94X_mc2017_realistic_v14-v1/10000/7C318038-7327-E911-87E9-0CC47A4D75F4.root
root://cmsxrootd.fnal.gov//store/mc/RunIIFall17MiniAODv2/QCD_HT300to500_TuneCP5_13TeV-madgraph-pythia8/MINIAODSIM/PU2017_12Apr2018_new_pmx_94X_mc2017_realistic_v14-v1/10000/EE6050D0-E627-E911-9B3E-0CC47A4D762E.root
root://cmsxrootd.fnal.gov//store/mc/RunIIFall17MiniAODv2/QCD_HT300to500_TuneCP5_13TeV-madgraph-pythia8/MINIAODSIM/PU2017_12Apr2018_new_pmx_94X_mc2017_realistic_v14-v1/10000/821AB2A6-B127-E911-90DE-0CC47A4D7674.root
root://cmsxrootd.fnal.gov//store/mc/RunIIFall17MiniAODv2/QCD_HT300to500_TuneCP5_13TeV-madgraph-pythia8/MINIAODSIM/PU2017_12Apr2018_new_pmx_94X_mc2017_realistic_v14-v1/10000/FCFDE455-E527-E911-BCC5-0CC47A4D763C.root
root://cmsxrootd.fnal.gov//store/mc/RunIIFall17MiniAODv2/QCD_HT300to500_TuneCP5_13TeV-madgraph-pythia8/MINIAODSIM/PU2017_12Apr2018_new_pmx_94X_mc2017_realistic_v14-v1/10000/AC41BE8D-E126-E911-9A14-0025905A6082.root
root://cmsxrootd.fnal.gov//store/mc/RunIIFall17MiniAODv2/QCD_HT300to500_TuneCP5_13TeV-madgraph-pythia8/MINIAODSIM/PU2017_12Apr2018_new_pmx_94X_mc2017_realistic_v14-v1/40000/CCCE29D0-6533-E911-A509-0CC47A4D7626.root
root://cmsxrootd.fnal.gov//store/mc/RunIIFall17MiniAODv2/QCD_HT300to500_TuneCP5_13TeV-madgraph-pythia8/MINIAODSIM/PU2017_12Apr2018_new_pmx_94X_mc2017_realistic_v14-v1/40000/E8FB2069-0533-E911-AD1D-0CC47A7C360E.root
root://cmsxrootd.fnal.gov//store/mc/RunIIFall17MiniAODv2/QCD_HT300to500_TuneCP5_13TeV-madgraph-pythia8/MINIAODSIM/PU2017_12Apr2018_new_pmx_94X_mc2017_realistic_v14-v1/40000/1E67FA08-4533-E911-8AC9-0CC47A4C8E38.root
root://cmsxrootd.fnal.gov//store/mc/RunIIFall17MiniAODv2/QCD_HT300to500_TuneCP5_13TeV-madgraph-pythia8/MINIAODSIM/PU2017_12Apr2018_new_pmx_94X_mc2017_realistic_v14-v1/40000/96C01297-2733-E911-8DAF-0CC47A7C3450.root
root://cmsxrootd.fnal.gov//store/mc/RunIIFall17MiniAODv2/QCD_HT300to500_TuneCP5_13TeV-madgraph-pythia8/MINIAODSIM/PU2017_12Apr2018_new_pmx_94X_mc2017_realistic_v14-v1/40000/6269C218-3B33-E911-8772-0CC47A4C8E38.root
root://cmsxrootd.fnal.gov//store/mc/RunIIFall17MiniAODv2/QCD_HT300to500_TuneCP5_13TeV-madgraph-pythia8/MINIAODSIM/PU2017_12Apr2018_new_pmx_94X_mc2017_realistic_v14-v1/40000/02A918B7-0733-E911-BCD1-0CC47A4D7658.root
root://cmsxrootd.fnal.gov//store/mc/RunIIFall17MiniAODv2/QCD_HT300to500_TuneCP5_13TeV-madgraph-pythia8/MINIAODSIM/PU2017_12Apr2018_new_pmx_94X_mc2017_realistic_v14-v1/40000/6669657A-1933-E911-900E-0CC47A78A42C.root
root://cmsxrootd.fnal.gov//store/mc/RunIIFall17MiniAODv2/QCD_HT300to500_TuneCP5_13TeV-madgraph-pythia8/MINIAODSIM/PU2017_12Apr2018_new_pmx_94X_mc2017_realistic_v14-v1/40000/FC462B10-3133-E911-AF14-0CC47A78A418.root
root://cmsxrootd.fnal.gov//store/mc/RunIIFall17MiniAODv2/QCD_HT300to500_TuneCP5_13TeV-madgraph-pythia8/MINIAODSIM/PU2017_12Apr2018_new_pmx_94X_mc2017_realistic_v14-v1/40000/D2559F11-E132-E911-B922-0CC47A4D75F0.root
root://cmsxrootd.fnal.gov//store/mc/RunIIFall17MiniAODv2/QCD_HT300to500_TuneCP5_13TeV-madgraph-pythia8/MINIAODSIM/PU2017_12Apr2018_new_pmx_94X_mc2017_realistic_v14-v1/40000/BCF3B793-2C33-E911-BF9E-0CC47A4D75F0.root
root://cmsxrootd.fnal.gov//store/mc/RunIIFall17MiniAODv2/QCD_HT300to500_TuneCP5_13TeV-madgraph-pythia8/MINIAODSIM/PU2017_12Apr2018_new_pmx_94X_mc2017_realistic_v14-v1/40000/04FD0F50-1233-E911-9264-0CC47A4C8E16.root
root://cmsxrootd.fnal.gov//store/mc/RunIIFall17MiniAODv2/QCD_HT300to500_TuneCP5_13TeV-madgraph-pythia8/MINIAODSIM/PU2017_12Apr2018_new_pmx_94X_mc2017_realistic_v14-v1/40000/461D0093-7C33-E911-82E2-0CC47A4D767E.root
root://cmsxrootd.fnal.gov//store/mc/RunIIFall17MiniAODv2/QCD_HT300to500_TuneCP5_13TeV-madgraph-pythia8/MINIAODSIM/PU2017_12Apr2018_new_pmx_94X_mc2017_realistic_v14-v1/40000/42EA8D84-7533-E911-8A92-0CC47A4D7626.root
root://cmsxrootd.fnal.gov//store/mc/RunIIFall17MiniAODv2/QCD_HT300to500_TuneCP5_13TeV-madgraph-pythia8/MINIAODSIM/PU2017_12Apr2018_new_pmx_94X_mc2017_realistic_v14-v1/40000/70C3F919-FF32-E911-9547-0CC47A4D7616.root
root://cmsxrootd.fnal.gov//store/mc/RunIIFall17MiniAODv2/QCD_HT300to500_TuneCP5_13TeV-madgraph-pythia8/MINIAODSIM/PU2017_12Apr2018_new_pmx_94X_mc2017_realistic_v14-v1/40000/84B9DF4A-4233-E911-900D-0CC47A4D7604.root
root://cmsxrootd.fnal.gov//store/mc/RunIIFall17MiniAODv2/QCD_HT300to500_TuneCP5_13TeV-madgraph-pythia8/MINIAODSIM/PU2017_12Apr2018_new_pmx_94X_mc2017_realistic_v14-v1/40000/808292F0-F732-E911-A648-0CC47A4D7670.root
root://cmsxrootd.fnal.gov//store/mc/RunIIFall17MiniAODv2/QCD_HT300to500_TuneCP5_13TeV-madgraph-pythia8/MINIAODSIM/PU2017_12Apr2018_new_pmx_94X_mc2017_realistic_v14-v1/40000/88218246-8333-E911-B7F3-0CC47A7C3422.root
root://cmsxrootd.fnal.gov//store/mc/RunIIFall17MiniAODv2/QCD_HT300to500_TuneCP5_13TeV-madgraph-pythia8/MINIAODSIM/PU2017_12Apr2018_new_pmx_94X_mc2017_realistic_v14-v1/40000/EE760ADB-1E33-E911-B51A-0CC47A4D76C8.root
root://cmsxrootd.fnal.gov//store/mc/RunIIFall17MiniAODv2/QCD_HT300to500_TuneCP5_13TeV-madgraph-pythia8/MINIAODSIM/PU2017_12Apr2018_new_pmx_94X_mc2017_realistic_v14-v1/40000/D2E37192-6D33-E911-9CED-0CC47A78A436.root
root://cmsxrootd.fnal.gov//store/mc/RunIIFall17MiniAODv2/QCD_HT300to500_TuneCP5_13TeV-madgraph-pythia8/MINIAODSIM/PU2017_12Apr2018_new_pmx_94X_mc2017_realistic_v14-v1/40000/966FBFA9-9F33-E911-B66C-0CC47A7C3432.root
root://cmsxrootd.fnal.gov//store/mc/RunIIFall17MiniAODv2/QCD_HT300to500_TuneCP5_13TeV-madgraph-pythia8/MINIAODSIM/PU2017_12Apr2018_new_pmx_94X_mc2017_realistic_v14-v1/40000/869E1B13-6B33-E911-9B01-0CC47A7C3638.root
root://cmsxrootd.fnal.gov//store/mc/RunIIFall17MiniAODv2/QCD_HT300to500_TuneCP5_13TeV-madgraph-pythia8/MINIAODSIM/PU2017_12Apr2018_new_pmx_94X_mc2017_realistic_v14-v1/40000/F6644D4F-0D33-E911-8CB0-0CC47A4C8E20.root
root://cmsxrootd.fnal.gov//store/mc/RunIIFall17MiniAODv2/QCD_HT300to500_TuneCP5_13TeV-madgraph-pythia8/MINIAODSIM/PU2017_12Apr2018_new_pmx_94X_mc2017_realistic_v14-v1/40000/542995A6-F132-E911-A8A8-0CC47A78A426.root
root://cmsxrootd.fnal.gov//store/mc/RunIIFall17MiniAODv2/QCD_HT300to500_TuneCP5_13TeV-madgraph-pythia8/MINIAODSIM/PU2017_12Apr2018_new_pmx_94X_mc2017_realistic_v14-v1/40000/5E5956D3-2D33-E911-822D-0CC47A4D7666.root
root://cmsxrootd.fnal.gov//store/mc/RunIIFall17MiniAODv2/QCD_HT300to500_TuneCP5_13TeV-madgraph-pythia8/MINIAODSIM/PU2017_12Apr2018_new_pmx_94X_mc2017_realistic_v14-v1/40000/18D453F9-5C33-E911-8BB0-0CC47A4C8E64.root
root://cmsxrootd.fnal.gov//store/mc/RunIIFall17MiniAODv2/QCD_HT300to500_TuneCP5_13TeV-madgraph-pythia8/MINIAODSIM/PU2017_12Apr2018_new_pmx_94X_mc2017_realistic_v14-v1/40000/B6BC2C4B-4233-E911-BF92-0CC47A7C3430.root
root://cmsxrootd.fnal.gov//store/mc/RunIIFall17MiniAODv2/QCD_HT300to500_TuneCP5_13TeV-madgraph-pythia8/MINIAODSIM/PU2017_12Apr2018_new_pmx_94X_mc2017_realistic_v14-v1/40000/829A2B0E-3B33-E911-BF33-0CC47A7C35E0.root
root://cmsxrootd.fnal.gov//store/mc/RunIIFall17MiniAODv2/QCD_HT300to500_TuneCP5_13TeV-madgraph-pythia8/MINIAODSIM/PU2017_12Apr2018_new_pmx_94X_mc2017_realistic_v14-v1/40000/260B5B43-1733-E911-8C0D-0CC47A4D76C8.root
root://cmsxrootd.fnal.gov//store/mc/RunIIFall17MiniAODv2/QCD_HT300to500_TuneCP5_13TeV-madgraph-pythia8/MINIAODSIM/PU2017_12Apr2018_new_pmx_94X_mc2017_realistic_v14-v1/40000/F83846F2-BE32-E911-8F67-0CC47A4D7690.root
root://cmsxrootd.fnal.gov//store/mc/RunIIFall17MiniAODv2/QCD_HT300to500_TuneCP5_13TeV-madgraph-pythia8/MINIAODSIM/PU2017_12Apr2018_new_pmx_94X_mc2017_realistic_v14-v1/40000/7C8E3D3A-5533-E911-9F8A-0CC47A4C8E64.root
root://cmsxrootd.fnal.gov//store/mc/RunIIFall17MiniAODv2/QCD_HT300to500_TuneCP5_13TeV-madgraph-pythia8/MINIAODSIM/PU2017_12Apr2018_new_pmx_94X_mc2017_realistic_v14-v1/40000/DC55E0D4-9033-E911-91BC-0CC47A4C8ECA.root
root://cmsxrootd.fnal.gov//store/mc/RunIIFall17MiniAODv2/QCD_HT300to500_TuneCP5_13TeV-madgraph-pythia8/MINIAODSIM/PU2017_12Apr2018_new_pmx_94X_mc2017_realistic_v14-v1/40000/38535E29-ED32-E911-977F-0CC47A7C354A.root
root://cmsxrootd.fnal.gov//store/mc/RunIIFall17MiniAODv2/QCD_HT300to500_TuneCP5_13TeV-madgraph-pythia8/MINIAODSIM/PU2017_12Apr2018_new_pmx_94X_mc2017_realistic_v14-v1/40000/AC3198E3-2833-E911-A760-0CC47A78A3EC.root
root://cmsxrootd.fnal.gov//store/mc/RunIIFall17MiniAODv2/QCD_HT300to500_TuneCP5_13TeV-madgraph-pythia8/MINIAODSIM/PU2017_12Apr2018_new_pmx_94X_mc2017_realistic_v14-v1/40000/F605FE8E-5333-E911-9F00-0CC47A4D75F4.root
root://cmsxrootd.fnal.gov//store/mc/RunIIFall17MiniAODv2/QCD_HT300to500_TuneCP5_13TeV-madgraph-pythia8/MINIAODSIM/PU2017_12Apr2018_new_pmx_94X_mc2017_realistic_v14-v1/40000/8006A0A7-F532-E911-85D0-0CC47A4D7600.root
root://cmsxrootd.fnal.gov//store/mc/RunIIFall17MiniAODv2/QCD_HT300to500_TuneCP5_13TeV-madgraph-pythia8/MINIAODSIM/PU2017_12Apr2018_new_pmx_94X_mc2017_realistic_v14-v1/40000/C8E071A0-1733-E911-B3FB-0CC47A4C8E56.root
root://cmsxrootd.fnal.gov//store/mc/RunIIFall17MiniAODv2/QCD_HT300to500_TuneCP5_13TeV-madgraph-pythia8/MINIAODSIM/PU2017_12Apr2018_new_pmx_94X_mc2017_realistic_v14-v1/40000/00E5BC01-6133-E911-A6A7-0CC47A4D7628.root
root://cmsxrootd.fnal.gov//store/mc/RunIIFall17MiniAODv2/QCD_HT300to500_TuneCP5_13TeV-madgraph-pythia8/MINIAODSIM/PU2017_12Apr2018_new_pmx_94X_mc2017_realistic_v14-v1/40000/FCECAABC-8B33-E911-8C9C-0CC47A4C8E2E.root
root://cmsxrootd.fnal.gov//store/mc/RunIIFall17MiniAODv2/QCD_HT300to500_TuneCP5_13TeV-madgraph-pythia8/MINIAODSIM/PU2017_12Apr2018_new_pmx_94X_mc2017_realistic_v14-v1/40000/66417492-7933-E911-93E2-0CC47A4D762E.root
root://cmsxrootd.fnal.gov//store/mc/RunIIFall17MiniAODv2/QCD_HT300to500_TuneCP5_13TeV-madgraph-pythia8/MINIAODSIM/PU2017_12Apr2018_new_pmx_94X_mc2017_realistic_v14-v1/40000/1E057A2B-DD32-E911-B635-0CC47A78A42C.root
root://cmsxrootd.fnal.gov//store/mc/RunIIFall17MiniAODv2/QCD_HT300to500_TuneCP5_13TeV-madgraph-pythia8/MINIAODSIM/PU2017_12Apr2018_new_pmx_94X_mc2017_realistic_v14-v1/40000/141941D3-9A33-E911-9CA7-0CC47A4D7632.root
root://cmsxrootd.fnal.gov//store/mc/RunIIFall17MiniAODv2/QCD_HT300to500_TuneCP5_13TeV-madgraph-pythia8/MINIAODSIM/PU2017_12Apr2018_new_pmx_94X_mc2017_realistic_v14-v1/40000/465F732B-F332-E911-B2F4-0CC47A4D76D2.root
root://cmsxrootd.fnal.gov//store/mc/RunIIFall17MiniAODv2/QCD_HT300to500_TuneCP5_13TeV-madgraph-pythia8/MINIAODSIM/PU2017_12Apr2018_new_pmx_94X_mc2017_realistic_v14-v1/40000/04135ECB-5A33-E911-9026-0CC47A4C8EE2.root
root://cmsxrootd.fnal.gov//store/mc/RunIIFall17MiniAODv2/QCD_HT300to500_TuneCP5_13TeV-madgraph-pythia8/MINIAODSIM/PU2017_12Apr2018_new_pmx_94X_mc2017_realistic_v14-v1/40000/E6D74E54-9933-E911-B105-0CC47A74525A.root
root://cmsxrootd.fnal.gov//store/mc/RunIIFall17MiniAODv2/QCD_HT300to500_TuneCP5_13TeV-madgraph-pythia8/MINIAODSIM/PU2017_12Apr2018_new_pmx_94X_mc2017_realistic_v14-v1/40000/F8E1A2B6-4933-E911-ADEC-0CC47A4D767C.root
root://cmsxrootd.fnal.gov//store/mc/RunIIFall17MiniAODv2/QCD_HT300to500_TuneCP5_13TeV-madgraph-pythia8/MINIAODSIM/PU2017_12Apr2018_new_pmx_94X_mc2017_realistic_v14-v1/40000/26FB7F75-7033-E911-9D52-0CC47A4C8E7E.root
root://cmsxrootd.fnal.gov//store/mc/RunIIFall17MiniAODv2/QCD_HT300to500_TuneCP5_13TeV-madgraph-pythia8/MINIAODSIM/PU2017_12Apr2018_new_pmx_94X_mc2017_realistic_v14-v1/40000/2A5E805A-0633-E911-A4FE-0CC47A4D7614.root
root://cmsxrootd.fnal.gov//store/mc/RunIIFall17MiniAODv2/QCD_HT300to500_TuneCP5_13TeV-madgraph-pythia8/MINIAODSIM/PU2017_12Apr2018_new_pmx_94X_mc2017_realistic_v14-v1/80000/E249A2F2-6C37-E911-86BB-0025905B8572.root
root://cmsxrootd.fnal.gov//store/mc/RunIIFall17MiniAODv2/QCD_HT300to500_TuneCP5_13TeV-madgraph-pythia8/MINIAODSIM/PU2017_12Apr2018_new_pmx_94X_mc2017_realistic_v14-v1/80000/2CAC7B75-5A37-E911-920D-0025905B85DA.root
root://cmsxrootd.fnal.gov//store/mc/RunIIFall17MiniAODv2/QCD_HT300to500_TuneCP5_13TeV-madgraph-pythia8/MINIAODSIM/PU2017_12Apr2018_new_pmx_94X_mc2017_realistic_v14-v1/80000/A8854DD4-5736-E911-83D5-0025905B856E.root
root://cmsxrootd.fnal.gov//store/mc/RunIIFall17MiniAODv2/QCD_HT300to500_TuneCP5_13TeV-madgraph-pythia8/MINIAODSIM/PU2017_12Apr2018_new_pmx_94X_mc2017_realistic_v14-v1/80000/90C5AB7C-B536-E911-86AE-AC1F6BAC7F24.root
root://cmsxrootd.fnal.gov//store/mc/RunIIFall17MiniAODv2/QCD_HT300to500_TuneCP5_13TeV-madgraph-pythia8/MINIAODSIM/PU2017_12Apr2018_new_pmx_94X_mc2017_realistic_v14-v1/80000/840959A4-4837-E911-8EA2-0025905B8580.root
root://cmsxrootd.fnal.gov//store/mc/RunIIFall17MiniAODv2/QCD_HT300to500_TuneCP5_13TeV-madgraph-pythia8/MINIAODSIM/PU2017_12Apr2018_new_pmx_94X_mc2017_realistic_v14-v1/90000/D651D2E0-9535-E911-AC24-AC1F6BAC7D10.root
root://cmsxrootd.fnal.gov//store/mc/RunIIFall17MiniAODv2/QCD_HT300to500_TuneCP5_13TeV-madgraph-pythia8/MINIAODSIM/PU2017_12Apr2018_new_pmx_94X_mc2017_realistic_v14-v1/90000/6E3E4787-5A35-E911-A941-0025905B858C.root
root://cmsxrootd.fnal.gov//store/mc/RunIIFall17MiniAODv2/QCD_HT300to500_TuneCP5_13TeV-madgraph-pythia8/MINIAODSIM/PU2017_12Apr2018_new_pmx_94X_mc2017_realistic_v14-v1/90000/B4233208-6E35-E911-B27A-AC1F6BAC7EB0.root
root://cmsxrootd.fnal.gov//store/mc/RunIIFall17MiniAODv2/QCD_HT300to500_TuneCP5_13TeV-madgraph-pythia8/MINIAODSIM/PU2017_12Apr2018_new_pmx_94X_mc2017_realistic_v14-v1/90000/C68A2CA8-6935-E911-ADAD-0CC47A78A418.root
root://cmsxrootd.fnal.gov//store/mc/RunIIFall17MiniAODv2/QCD_HT300to500_TuneCP5_13TeV-madgraph-pythia8/MINIAODSIM/PU2017_12Apr2018_new_pmx_94X_mc2017_realistic_v14-v1/90000/3A30B8A7-7E35-E911-AC1D-0CC47A78A42E.root
root://cmsxrootd.fnal.gov//store/mc/RunIIFall17MiniAODv2/QCD_HT300to500_TuneCP5_13TeV-madgraph-pythia8/MINIAODSIM/PU2017_12Apr2018_new_pmx_94X_mc2017_realistic_v14-v1/90000/C6B3DD91-9135-E911-94C9-0CC47A7C349C.root
root://cmsxrootd.fnal.gov//store/mc/RunIIFall17MiniAODv2/QCD_HT300to500_TuneCP5_13TeV-madgraph-pythia8/MINIAODSIM/PU2017_12Apr2018_new_pmx_94X_mc2017_realistic_v14-v1/90000/B88E0823-5E35-E911-8F03-0CC47A7C34A0.root
root://cmsxrootd.fnal.gov//store/mc/RunIIFall17MiniAODv2/QCD_HT300to500_TuneCP5_13TeV-madgraph-pythia8/MINIAODSIM/PU2017_12Apr2018_new_pmx_94X_mc2017_realistic_v14-v1/90000/50791EAA-5C35-E911-A1E7-0CC47A7C35A4.root
root://cmsxrootd.fnal.gov//store/mc/RunIIFall17MiniAODv2/QCD_HT300to500_TuneCP5_13TeV-madgraph-pythia8/MINIAODSIM/PU2017_12Apr2018_new_pmx_94X_mc2017_realistic_v14-v1/90000/66319452-5C35-E911-895F-0CC47A4C8F10.root
root://cmsxrootd.fnal.gov//store/mc/RunIIFall17MiniAODv2/QCD_HT300to500_TuneCP5_13TeV-madgraph-pythia8/MINIAODSIM/PU2017_12Apr2018_new_pmx_94X_mc2017_realistic_v14-v1/90000/AC89B3BA-5935-E911-A118-0CC47A78A440.root
root://cmsxrootd.fnal.gov//store/mc/RunIIFall17MiniAODv2/QCD_HT300to500_TuneCP5_13TeV-madgraph-pythia8/MINIAODSIM/PU2017_12Apr2018_new_pmx_94X_mc2017_realistic_v14-v1/90000/7CAE7ECD-5935-E911-BCE8-0CC47A78A4B0.root
root://cmsxrootd.fnal.gov//store/mc/RunIIFall17MiniAODv2/QCD_HT300to500_TuneCP5_13TeV-madgraph-pythia8/MINIAODSIM/PU2017_12Apr2018_new_pmx_94X_mc2017_realistic_v14-v1/90000/2AAB8B75-7735-E911-82ED-0CC47A4D765A.root
root://cmsxrootd.fnal.gov//store/mc/RunIIFall17MiniAODv2/QCD_HT300to500_TuneCP5_13TeV-madgraph-pythia8/MINIAODSIM/PU2017_12Apr2018_new_pmx_94X_mc2017_realistic_v14-v1/90000/1C3DA112-8235-E911-96A7-0CC47A4C8E8A.root
root://cmsxrootd.fnal.gov//store/mc/RunIIFall17MiniAODv2/QCD_HT300to500_TuneCP5_13TeV-madgraph-pythia8/MINIAODSIM/PU2017_12Apr2018_new_pmx_94X_mc2017_realistic_v14-v1/90000/EA6F067F-5A35-E911-9FFE-0CC47A4D7626.root
root://cmsxrootd.fnal.gov//store/mc/RunIIFall17MiniAODv2/QCD_HT300to500_TuneCP5_13TeV-madgraph-pythia8/MINIAODSIM/PU2017_12Apr2018_new_pmx_94X_mc2017_realistic_v14-v1/90000/727446D9-7435-E911-A252-0CC47A78A42C.root
root://cmsxrootd.fnal.gov//store/mc/RunIIFall17MiniAODv2/QCD_HT300to500_TuneCP5_13TeV-madgraph-pythia8/MINIAODSIM/PU2017_12Apr2018_new_pmx_94X_mc2017_realistic_v14-v1/90000/C6418984-7935-E911-9B3B-0025905A606A.root
root://cmsxrootd.fnal.gov//store/mc/RunIIFall17MiniAODv2/QCD_HT300to500_TuneCP5_13TeV-madgraph-pythia8/MINIAODSIM/PU2017_12Apr2018_new_pmx_94X_mc2017_realistic_v14-v1/90000/D6B501BC-5935-E911-B605-0CC47A78A468.root
root://cmsxrootd.fnal.gov//store/mc/RunIIFall17MiniAODv2/QCD_HT300to500_TuneCP5_13TeV-madgraph-pythia8/MINIAODSIM/PU2017_12Apr2018_new_pmx_94X_mc2017_realistic_v14-v1/90000/4879B144-5535-E911-9695-0CC47A78A468.root
root://cmsxrootd.fnal.gov//store/mc/RunIIFall17MiniAODv2/QCD_HT300to500_TuneCP5_13TeV-madgraph-pythia8/MINIAODSIM/PU2017_12Apr2018_new_pmx_94X_mc2017_realistic_v14-v1/90000/18AE7C08-6735-E911-8B2A-0CC47A78A2F6.root
root://cmsxrootd.fnal.gov//store/mc/RunIIFall17MiniAODv2/QCD_HT300to500_TuneCP5_13TeV-madgraph-pythia8/MINIAODSIM/PU2017_12Apr2018_new_pmx_94X_mc2017_realistic_v14-v1/90000/705A10E2-5935-E911-A61B-AC1F6BAC815A.root
root://cmsxrootd.fnal.gov//store/mc/RunIIFall17MiniAODv2/QCD_HT300to500_TuneCP5_13TeV-madgraph-pythia8/MINIAODSIM/PU2017_12Apr2018_new_pmx_94X_mc2017_realistic_v14-v1/90000/782DDF55-6935-E911-B5AF-0CC47A7C357E.root
root://cmsxrootd.fnal.gov//store/mc/RunIIFall17MiniAODv2/QCD_HT300to500_TuneCP5_13TeV-madgraph-pythia8/MINIAODSIM/PU2017_12Apr2018_new_pmx_94X_mc2017_realistic_v14-v1/90000/D0B6E2AA-7F35-E911-BC4F-0025905B8576.root
root://cmsxrootd.fnal.gov//store/mc/RunIIFall17MiniAODv2/QCD_HT300to500_TuneCP5_13TeV-madgraph-pythia8/MINIAODSIM/PU2017_12Apr2018_new_pmx_94X_mc2017_realistic_v14-v1/90000/84AEB7A2-7F35-E911-AA1F-0CC47A7C3450.root
root://cmsxrootd.fnal.gov//store/mc/RunIIFall17MiniAODv2/QCD_HT300to500_TuneCP5_13TeV-madgraph-pythia8/MINIAODSIM/PU2017_12Apr2018_new_pmx_94X_mc2017_realistic_v14-v1/90000/145827A0-8335-E911-9AB5-0CC47A4C8E1E.root
root://cmsxrootd.fnal.gov//store/mc/RunIIFall17MiniAODv2/QCD_HT300to500_TuneCP5_13TeV-madgraph-pythia8/MINIAODSIM/PU2017_12Apr2018_new_pmx_94X_mc2017_realistic_v14-v1/90000/CE5199DC-9435-E911-9152-0CC47A78A426.root
root://cmsxrootd.fnal.gov//store/mc/RunIIFall17MiniAODv2/QCD_HT300to500_TuneCP5_13TeV-madgraph-pythia8/MINIAODSIM/PU2017_12Apr2018_new_pmx_94X_mc2017_realistic_v14-v1/90000/6CBE308A-7C35-E911-9AEE-0CC47A745298.root
root://cmsxrootd.fnal.gov//store/mc/RunIIFall17MiniAODv2/QCD_HT300to500_TuneCP5_13TeV-madgraph-pythia8/MINIAODSIM/PU2017_12Apr2018_new_pmx_94X_mc2017_realistic_v14-v1/90000/00271B25-6935-E911-ACF0-0CC47A78A2F6.root
root://cmsxrootd.fnal.gov//store/mc/RunIIFall17MiniAODv2/QCD_HT300to500_TuneCP5_13TeV-madgraph-pythia8/MINIAODSIM/PU2017_12Apr2018_new_pmx_94X_mc2017_realistic_v14-v1/90000/BA248980-7E35-E911-BA85-0CC47A745298.root
root://cmsxrootd.fnal.gov//store/mc/RunIIFall17MiniAODv2/QCD_HT300to500_TuneCP5_13TeV-madgraph-pythia8/MINIAODSIM/PU2017_12Apr2018_new_pmx_94X_mc2017_realistic_v14-v1/90000/062A69D6-9735-E911-856F-AC1F6BAC7C06.root
root://cmsxrootd.fnal.gov//store/mc/RunIIFall17MiniAODv2/QCD_HT300to500_TuneCP5_13TeV-madgraph-pythia8/MINIAODSIM/PU2017_12Apr2018_new_pmx_94X_mc2017_realistic_v14-v1/90000/FEF1F2D6-7A35-E911-9FCC-0025905B8592.root
root://cmsxrootd.fnal.gov//store/mc/RunIIFall17MiniAODv2/QCD_HT300to500_TuneCP5_13TeV-madgraph-pythia8/MINIAODSIM/PU2017_12Apr2018_new_pmx_94X_mc2017_realistic_v14-v1/90000/3038D5DC-7E35-E911-866F-AC1F6BAC7EB0.root
root://cmsxrootd.fnal.gov//store/mc/RunIIFall17MiniAODv2/QCD_HT300to500_TuneCP5_13TeV-madgraph-pythia8/MINIAODSIM/PU2017_12Apr2018_new_pmx_94X_mc2017_realistic_v14-v1/90000/788054B1-5935-E911-933B-0CC47A7C361E.root
root://cmsxrootd.fnal.gov//store/mc/RunIIFall17MiniAODv2/QCD_HT300to500_TuneCP5_13TeV-madgraph-pythia8/MINIAODSIM/PU2017_12Apr2018_new_pmx_94X_mc2017_realistic_v14-v1/90000/DC5AA51B-8335-E911-8584-0CC47A4D765E.root
root://cmsxrootd.fnal.gov//store/mc/RunIIFall17MiniAODv2/QCD_HT300to500_TuneCP5_13TeV-madgraph-pythia8/MINIAODSIM/PU2017_12Apr2018_new_pmx_94X_mc2017_realistic_v14-v1/90000/5C944266-7835-E911-8230-AC1F6BAC7EB0.root
root://cmsxrootd.fnal.gov//store/mc/RunIIFall17MiniAODv2/QCD_HT300to500_TuneCP5_13TeV-madgraph-pythia8/MINIAODSIM/PU2017_12Apr2018_new_pmx_94X_mc2017_realistic_v14-v1/90000/C80D3954-8135-E911-9034-0025905A606A.root
root://cmsxrootd.fnal.gov//store/mc/RunIIFall17MiniAODv2/QCD_HT300to500_TuneCP5_13TeV-madgraph-pythia8/MINIAODSIM/PU2017_12Apr2018_new_pmx_94X_mc2017_realistic_v14-v1/90000/B883F522-5E35-E911-A48B-0CC47A7C345E.root
root://cmsxrootd.fnal.gov//store/mc/RunIIFall17MiniAODv2/QCD_HT300to500_TuneCP5_13TeV-madgraph-pythia8/MINIAODSIM/PU2017_12Apr2018_new_pmx_94X_mc2017_realistic_v14-v1/90000/1A3FC720-5835-E911-A97F-0CC47A4C8F26.root
root://cmsxrootd.fnal.gov//store/mc/RunIIFall17MiniAODv2/QCD_HT300to500_TuneCP5_13TeV-madgraph-pythia8/MINIAODSIM/PU2017_12Apr2018_new_pmx_94X_mc2017_realistic_v14-v1/90000/74474E4A-8135-E911-A880-0CC47A78A42E.root
root://cmsxrootd.fnal.gov//store/mc/RunIIFall17MiniAODv2/QCD_HT300to500_TuneCP5_13TeV-madgraph-pythia8/MINIAODSIM/PU2017_12Apr2018_new_pmx_94X_mc2017_realistic_v14-v1/90000/9A727CA9-6B35-E911-B326-AC1F6BAC7D18.root
root://cmsxrootd.fnal.gov//store/mc/RunIIFall17MiniAODv2/QCD_HT300to500_TuneCP5_13TeV-madgraph-pythia8/MINIAODSIM/PU2017_12Apr2018_new_pmx_94X_mc2017_realistic_v14-v1/90000/F62B060F-6235-E911-A3E5-0025905AA9CC.root
