[FERMIHTC-SINGULARITY]: INFO -- No Singulariy image specified
[FERMIHTC-SINGULARITY]: INFO -- Running job on the host machine

[FERMIHTC-SINGULARITY]: INFO -- Running ./condor_exec.exe ./BoostedDiTauReco/plotRecoIdEffQCD.py ./BoostedDiTauReco/filelists/QCD94/HT500to700/QCD_HT500to700_0.txt var QCD
Starting job on  Wed Jun 17 04:06:27 UTC 2020
Running on: Linux nbower-37044335-0-cmswn1936.fnal.gov 3.10.0-1127.el7.x86_64 #1 SMP Wed Apr 1 12:25:50 CDT 2020 x86_64 x86_64 x86_64 GNU/Linux
System software: Scientific Linux release 7.8 (Nitrogen)
Reading cached build data
Done: ProjectRename
BoostedDiTauReco
condor.jdl
condorOut
docker_stderror
eosHadd.py
eosHadd.py~
graphs
HoverE_EE
makeTeff.py
makeTeff.py~
newQCD
oldgraphs
Out
plotHoverE.py
plotHoverE.py~
plots
QCD_eff_plots
QCD_var_plots
README.md
run_condor.csh
SignalGeneration
submit_condor.csh
submit_condor.csh~
TCP_eff_plots
TCP_var_plots
testDY.txt
test_QCD.txt
test_TCP.txt
Arguments passed to this script are: for 1: ./BoostedDiTauReco/plotRecoIdEffQCD.py
root://cmseos.fnal.gov//store/user/nbower/QCD_var_plots/h_QCD_HT500to700_0_var.root
process is var
root://cmsxrootd.fnal.gov//store/mc/RunIIFall17MiniAODv2/QCD_HT500to700_TuneCP5_13TeV-madgraph-pythia8/MINIAODSIM/PU2017_12Apr2018_old_pmx_94X_mc2017_realistic_v14-v1/60000/E69635D7-C359-E811-A108-5065F381F291.root
root://cmsxrootd.fnal.gov//store/mc/RunIIFall17MiniAODv2/QCD_HT500to700_TuneCP5_13TeV-madgraph-pythia8/MINIAODSIM/PU2017_12Apr2018_old_pmx_94X_mc2017_realistic_v14-v1/60000/E6015089-8C59-E811-9203-24BE05C48821.root
root://cmsxrootd.fnal.gov//store/mc/RunIIFall17MiniAODv2/QCD_HT500to700_TuneCP5_13TeV-madgraph-pythia8/MINIAODSIM/PU2017_12Apr2018_old_pmx_94X_mc2017_realistic_v14-v1/60000/EAA534D0-6D59-E811-A0ED-9CDC715D9050.root
root://cmsxrootd.fnal.gov//store/mc/RunIIFall17MiniAODv2/QCD_HT500to700_TuneCP5_13TeV-madgraph-pythia8/MINIAODSIM/PU2017_12Apr2018_old_pmx_94X_mc2017_realistic_v14-v1/60000/AC26C516-8159-E811-A44D-24BE05C6E7E1.root
root://cmsxrootd.fnal.gov//store/mc/RunIIFall17MiniAODv2/QCD_HT500to700_TuneCP5_13TeV-madgraph-pythia8/MINIAODSIM/PU2017_12Apr2018_old_pmx_94X_mc2017_realistic_v14-v1/60000/CC29A593-7959-E811-AC15-24BE05C6D5B1.root
root://cmsxrootd.fnal.gov//store/mc/RunIIFall17MiniAODv2/QCD_HT500to700_TuneCP5_13TeV-madgraph-pythia8/MINIAODSIM/PU2017_12Apr2018_old_pmx_94X_mc2017_realistic_v14-v1/60000/E448157E-8859-E811-9A7B-5065F3818291.root
root://cmsxrootd.fnal.gov//store/mc/RunIIFall17MiniAODv2/QCD_HT500to700_TuneCP5_13TeV-madgraph-pythia8/MINIAODSIM/PU2017_12Apr2018_old_pmx_94X_mc2017_realistic_v14-v1/60000/EC81CB73-B459-E811-A3AF-5065F381B211.root
root://cmsxrootd.fnal.gov//store/mc/RunIIFall17MiniAODv2/QCD_HT500to700_TuneCP5_13TeV-madgraph-pythia8/MINIAODSIM/PU2017_12Apr2018_old_pmx_94X_mc2017_realistic_v14-v1/60000/4CE39096-7959-E811-8A4E-E0071B6C9DF0.root
root://cmsxrootd.fnal.gov//store/mc/RunIIFall17MiniAODv2/QCD_HT500to700_TuneCP5_13TeV-madgraph-pythia8/MINIAODSIM/PU2017_12Apr2018_old_pmx_94X_mc2017_realistic_v14-v1/60000/84A0221F-8359-E811-9846-24BE05C3CBE1.root
root://cmsxrootd.fnal.gov//store/mc/RunIIFall17MiniAODv2/QCD_HT500to700_TuneCP5_13TeV-madgraph-pythia8/MINIAODSIM/PU2017_12Apr2018_old_pmx_94X_mc2017_realistic_v14-v1/60000/C2F2C162-9C59-E811-A0F8-E0071B7A3540.root
root://cmsxrootd.fnal.gov//store/mc/RunIIFall17MiniAODv2/QCD_HT500to700_TuneCP5_13TeV-madgraph-pythia8/MINIAODSIM/PU2017_12Apr2018_old_pmx_94X_mc2017_realistic_v14-v1/60000/78AD0FC3-7359-E811-B389-E0071B7A8550.root
root://cmsxrootd.fnal.gov//store/mc/RunIIFall17MiniAODv2/QCD_HT500to700_TuneCP5_13TeV-madgraph-pythia8/MINIAODSIM/PU2017_12Apr2018_old_pmx_94X_mc2017_realistic_v14-v1/60000/C824E0D6-5E59-E811-A200-5065F3810301.root
root://cmsxrootd.fnal.gov//store/mc/RunIIFall17MiniAODv2/QCD_HT500to700_TuneCP5_13TeV-madgraph-pythia8/MINIAODSIM/PU2017_12Apr2018_old_pmx_94X_mc2017_realistic_v14-v1/60000/B8910CF2-A059-E811-BC0A-EC0D9A82237E.root
root://cmsxrootd.fnal.gov//store/mc/RunIIFall17MiniAODv2/QCD_HT500to700_TuneCP5_13TeV-madgraph-pythia8/MINIAODSIM/PU2017_12Apr2018_old_pmx_94X_mc2017_realistic_v14-v1/60000/323711F6-A059-E811-B868-E0071B7A8560.root
root://cmsxrootd.fnal.gov//store/mc/RunIIFall17MiniAODv2/QCD_HT500to700_TuneCP5_13TeV-madgraph-pythia8/MINIAODSIM/PU2017_12Apr2018_old_pmx_94X_mc2017_realistic_v14-v1/60000/4C70ED8C-4459-E811-862A-24BE05C6C741.root
root://cmsxrootd.fnal.gov//store/mc/RunIIFall17MiniAODv2/QCD_HT500to700_TuneCP5_13TeV-madgraph-pythia8/MINIAODSIM/PU2017_12Apr2018_old_pmx_94X_mc2017_realistic_v14-v1/60000/9CFB918B-C559-E811-9DEC-E0071B73C640.root
root://cmsxrootd.fnal.gov//store/mc/RunIIFall17MiniAODv2/QCD_HT500to700_TuneCP5_13TeV-madgraph-pythia8/MINIAODSIM/PU2017_12Apr2018_old_pmx_94X_mc2017_realistic_v14-v1/60000/F260DE76-B459-E811-B031-E0071B7A5650.root
root://cmsxrootd.fnal.gov//store/mc/RunIIFall17MiniAODv2/QCD_HT500to700_TuneCP5_13TeV-madgraph-pythia8/MINIAODSIM/PU2017_12Apr2018_old_pmx_94X_mc2017_realistic_v14-v1/60000/D8F51BC8-5A59-E811-9F68-24BE05C44BC1.root
root://cmsxrootd.fnal.gov//store/mc/RunIIFall17MiniAODv2/QCD_HT500to700_TuneCP5_13TeV-madgraph-pythia8/MINIAODSIM/PU2017_12Apr2018_old_pmx_94X_mc2017_realistic_v14-v1/60000/18CCDF72-BC59-E811-81BB-E0071B73C650.root
root://cmsxrootd.fnal.gov//store/mc/RunIIFall17MiniAODv2/QCD_HT500to700_TuneCP5_13TeV-madgraph-pythia8/MINIAODSIM/PU2017_12Apr2018_old_pmx_94X_mc2017_realistic_v14-v1/60000/BAE80DAF-B159-E811-AE6E-E0071B7A8590.root
root://cmsxrootd.fnal.gov//store/mc/RunIIFall17MiniAODv2/QCD_HT500to700_TuneCP5_13TeV-madgraph-pythia8/MINIAODSIM/PU2017_12Apr2018_old_pmx_94X_mc2017_realistic_v14-v1/60000/9A2745EF-5759-E811-9F86-E0071B6C9DA0.root
root://cmsxrootd.fnal.gov//store/mc/RunIIFall17MiniAODv2/QCD_HT500to700_TuneCP5_13TeV-madgraph-pythia8/MINIAODSIM/PU2017_12Apr2018_old_pmx_94X_mc2017_realistic_v14-v1/60000/26603876-B459-E811-9CF6-24BE05BDAE61.root
root://cmsxrootd.fnal.gov//store/mc/RunIIFall17MiniAODv2/QCD_HT500to700_TuneCP5_13TeV-madgraph-pythia8/MINIAODSIM/PU2017_12Apr2018_old_pmx_94X_mc2017_realistic_v14-v1/60000/0826ADC7-7359-E811-9F56-A0369F310374.root
root://cmsxrootd.fnal.gov//store/mc/RunIIFall17MiniAODv2/QCD_HT500to700_TuneCP5_13TeV-madgraph-pythia8/MINIAODSIM/PU2017_12Apr2018_old_pmx_94X_mc2017_realistic_v14-v1/60000/B88B0A46-A559-E811-8221-24BE05CEEDA1.root
root://cmsxrootd.fnal.gov//store/mc/RunIIFall17MiniAODv2/QCD_HT500to700_TuneCP5_13TeV-madgraph-pythia8/MINIAODSIM/PU2017_12Apr2018_old_pmx_94X_mc2017_realistic_v14-v1/60000/DE2E6C97-7959-E811-ACC4-EC0D9A82261E.root
root://cmsxrootd.fnal.gov//store/mc/RunIIFall17MiniAODv2/QCD_HT500to700_TuneCP5_13TeV-madgraph-pythia8/MINIAODSIM/PU2017_12Apr2018_old_pmx_94X_mc2017_realistic_v14-v1/60000/EC8918A8-B759-E811-BDB6-24BE05CEDC81.root
root://cmsxrootd.fnal.gov//store/mc/RunIIFall17MiniAODv2/QCD_HT500to700_TuneCP5_13TeV-madgraph-pythia8/MINIAODSIM/PU2017_12Apr2018_old_pmx_94X_mc2017_realistic_v14-v1/60000/509DA1A6-5459-E811-8083-E0071B6C9DF0.root
root://cmsxrootd.fnal.gov//store/mc/RunIIFall17MiniAODv2/QCD_HT500to700_TuneCP5_13TeV-madgraph-pythia8/MINIAODSIM/PU2017_12Apr2018_old_pmx_94X_mc2017_realistic_v14-v1/60000/A0B8E7F3-6459-E811-9474-5065F3812291.root
root://cmsxrootd.fnal.gov//store/mc/RunIIFall17MiniAODv2/QCD_HT500to700_TuneCP5_13TeV-madgraph-pythia8/MINIAODSIM/PU2017_12Apr2018_old_pmx_94X_mc2017_realistic_v14-v1/60000/DA731F86-7D59-E811-977A-5065F3818271.root
root://cmsxrootd.fnal.gov//store/mc/RunIIFall17MiniAODv2/QCD_HT500to700_TuneCP5_13TeV-madgraph-pythia8/MINIAODSIM/PU2017_12Apr2018_old_pmx_94X_mc2017_realistic_v14-v1/60000/1252DAC5-9959-E811-B6A2-5065F381C251.root
root://cmsxrootd.fnal.gov//store/mc/RunIIFall17MiniAODv2/QCD_HT500to700_TuneCP5_13TeV-madgraph-pythia8/MINIAODSIM/PU2017_12Apr2018_old_pmx_94X_mc2017_realistic_v14-v1/60000/267E71F6-A059-E811-9E9C-E0071B6C9DD0.root
root://cmsxrootd.fnal.gov//store/mc/RunIIFall17MiniAODv2/QCD_HT500to700_TuneCP5_13TeV-madgraph-pythia8/MINIAODSIM/PU2017_12Apr2018_old_pmx_94X_mc2017_realistic_v14-v1/60000/94CF482F-9A59-E811-B438-24BE05C33C81.root
root://cmsxrootd.fnal.gov//store/mc/RunIIFall17MiniAODv2/QCD_HT500to700_TuneCP5_13TeV-madgraph-pythia8/MINIAODSIM/PU2017_12Apr2018_old_pmx_94X_mc2017_realistic_v14-v1/60000/2CFEA7C1-7359-E811-8F6C-24BE05CE1E31.root
root://cmsxrootd.fnal.gov//store/mc/RunIIFall17MiniAODv2/QCD_HT500to700_TuneCP5_13TeV-madgraph-pythia8/MINIAODSIM/PU2017_12Apr2018_old_pmx_94X_mc2017_realistic_v14-v1/60000/4657311E-B659-E811-8024-E0071B7AC750.root
root://cmsxrootd.fnal.gov//store/mc/RunIIFall17MiniAODv2/QCD_HT500to700_TuneCP5_13TeV-madgraph-pythia8/MINIAODSIM/PU2017_12Apr2018_old_pmx_94X_mc2017_realistic_v14-v1/60000/DECFC302-A759-E811-861F-E0071B691B81.root
root://cmsxrootd.fnal.gov//store/mc/RunIIFall17MiniAODv2/QCD_HT500to700_TuneCP5_13TeV-madgraph-pythia8/MINIAODSIM/PU2017_12Apr2018_old_pmx_94X_mc2017_realistic_v14-v1/60000/9055FE5E-9C59-E811-BBDD-24BE05BDAE61.root
root://cmsxrootd.fnal.gov//store/mc/RunIIFall17MiniAODv2/QCD_HT500to700_TuneCP5_13TeV-madgraph-pythia8/MINIAODSIM/PU2017_12Apr2018_old_pmx_94X_mc2017_realistic_v14-v1/60000/70B955D4-6D59-E811-9207-4C79BA181117.root
root://cmsxrootd.fnal.gov//store/mc/RunIIFall17MiniAODv2/QCD_HT500to700_TuneCP5_13TeV-madgraph-pythia8/MINIAODSIM/PU2017_12Apr2018_old_pmx_94X_mc2017_realistic_v14-v1/60000/3014FFB4-A559-E811-9C84-24BE05CE1E01.root
root://cmsxrootd.fnal.gov//store/mc/RunIIFall17MiniAODv2/QCD_HT500to700_TuneCP5_13TeV-madgraph-pythia8/MINIAODSIM/PU2017_12Apr2018_old_pmx_94X_mc2017_realistic_v14-v1/60000/5E5D58BA-B159-E811-852C-E0071B7A7830.root
root://cmsxrootd.fnal.gov//store/mc/RunIIFall17MiniAODv2/QCD_HT500to700_TuneCP5_13TeV-madgraph-pythia8/MINIAODSIM/PU2017_12Apr2018_old_pmx_94X_mc2017_realistic_v14-v1/60000/6CF5D3EF-8759-E811-AD31-A0369F310374.root
root://cmsxrootd.fnal.gov//store/mc/RunIIFall17MiniAODv2/QCD_HT500to700_TuneCP5_13TeV-madgraph-pythia8/MINIAODSIM/PU2017_12Apr2018_old_pmx_94X_mc2017_realistic_v14-v1/60000/6027E07A-6659-E811-8298-E0071B7A8550.root
root://cmsxrootd.fnal.gov//store/mc/RunIIFall17MiniAODv2/QCD_HT500to700_TuneCP5_13TeV-madgraph-pythia8/MINIAODSIM/PU2017_12Apr2018_old_pmx_94X_mc2017_realistic_v14-v1/60000/2CF7CBC7-5A59-E811-9B58-E0071B695B81.root
root://cmsxrootd.fnal.gov//store/mc/RunIIFall17MiniAODv2/QCD_HT500to700_TuneCP5_13TeV-madgraph-pythia8/MINIAODSIM/PU2017_12Apr2018_old_pmx_94X_mc2017_realistic_v14-v1/60000/7A178C8A-8C59-E811-9524-24BE05C3CBE1.root
root://cmsxrootd.fnal.gov//store/mc/RunIIFall17MiniAODv2/QCD_HT500to700_TuneCP5_13TeV-madgraph-pythia8/MINIAODSIM/PU2017_12Apr2018_old_pmx_94X_mc2017_realistic_v14-v1/60000/C616725B-BC59-E811-9016-E0071B6C9DE0.root
root://cmsxrootd.fnal.gov//store/mc/RunIIFall17MiniAODv2/QCD_HT500to700_TuneCP5_13TeV-madgraph-pythia8/MINIAODSIM/PU2017_12Apr2018_old_pmx_94X_mc2017_realistic_v14-v1/60000/8ADD7802-A759-E811-A141-E0071B691B81.root
root://cmsxrootd.fnal.gov//store/mc/RunIIFall17MiniAODv2/QCD_HT500to700_TuneCP5_13TeV-madgraph-pythia8/MINIAODSIM/PU2017_12Apr2018_old_pmx_94X_mc2017_realistic_v14-v1/60000/328BF84B-BF59-E811-B9F6-24BE05C6F792.root
root://cmsxrootd.fnal.gov//store/mc/RunIIFall17MiniAODv2/QCD_HT500to700_TuneCP5_13TeV-madgraph-pythia8/MINIAODSIM/PU2017_12Apr2018_old_pmx_94X_mc2017_realistic_v14-v1/60000/0099890F-B259-E811-BA31-EC0D9A822616.root
root://cmsxrootd.fnal.gov//store/mc/RunIIFall17MiniAODv2/QCD_HT500to700_TuneCP5_13TeV-madgraph-pythia8/MINIAODSIM/PU2017_12Apr2018_old_pmx_94X_mc2017_realistic_v14-v1/60000/48C6FAF3-A059-E811-A4E2-E0071B6C9DC0.root
root://cmsxrootd.fnal.gov//store/mc/RunIIFall17MiniAODv2/QCD_HT500to700_TuneCP5_13TeV-madgraph-pythia8/MINIAODSIM/PU2017_12Apr2018_old_pmx_94X_mc2017_realistic_v14-v1/60000/A8A5A924-6E59-E811-BAC4-EC0D9A822666.root
root://cmsxrootd.fnal.gov//store/mc/RunIIFall17MiniAODv2/QCD_HT500to700_TuneCP5_13TeV-madgraph-pythia8/MINIAODSIM/PU2017_12Apr2018_old_pmx_94X_mc2017_realistic_v14-v1/60000/EA8F10B7-B159-E811-B40C-24BE05C6D731.root
root://cmsxrootd.fnal.gov//store/mc/RunIIFall17MiniAODv2/QCD_HT500to700_TuneCP5_13TeV-madgraph-pythia8/MINIAODSIM/PU2017_12Apr2018_old_pmx_94X_mc2017_realistic_v14-v1/60000/DCD29CD4-B959-E811-A459-E0071B73C650.root
root://cmsxrootd.fnal.gov//store/mc/RunIIFall17MiniAODv2/QCD_HT500to700_TuneCP5_13TeV-madgraph-pythia8/MINIAODSIM/PU2017_12Apr2018_old_pmx_94X_mc2017_realistic_v14-v1/60000/22D27AAF-B159-E811-9F92-E0071B7A7870.root
root://cmsxrootd.fnal.gov//store/mc/RunIIFall17MiniAODv2/QCD_HT500to700_TuneCP5_13TeV-madgraph-pythia8/MINIAODSIM/PU2017_12Apr2018_old_pmx_94X_mc2017_realistic_v14-v1/60000/92D90522-8859-E811-A229-24BE05CE6D61.root
root://cmsxrootd.fnal.gov//store/mc/RunIIFall17MiniAODv2/QCD_HT500to700_TuneCP5_13TeV-madgraph-pythia8/MINIAODSIM/PU2017_12Apr2018_old_pmx_94X_mc2017_realistic_v14-v1/60000/E8005395-9A59-E811-9882-24BE05C668E1.root
root://cmsxrootd.fnal.gov//store/mc/RunIIFall17MiniAODv2/QCD_HT500to700_TuneCP5_13TeV-madgraph-pythia8/MINIAODSIM/PU2017_12Apr2018_old_pmx_94X_mc2017_realistic_v14-v1/60000/0AEB891D-B659-E811-8659-24BE05CEEDD1.root
root://cmsxrootd.fnal.gov//store/mc/RunIIFall17MiniAODv2/QCD_HT500to700_TuneCP5_13TeV-madgraph-pythia8/MINIAODSIM/PU2017_12Apr2018_old_pmx_94X_mc2017_realistic_v14-v1/60000/A87ED5FB-A059-E811-846A-4C79BA320DA9.root
root://cmsxrootd.fnal.gov//store/mc/RunIIFall17MiniAODv2/QCD_HT500to700_TuneCP5_13TeV-madgraph-pythia8/MINIAODSIM/PU2017_12Apr2018_old_pmx_94X_mc2017_realistic_v14-v1/60000/02D3CD95-7959-E811-AD5D-E0071B7A18F0.root
root://cmsxrootd.fnal.gov//store/mc/RunIIFall17MiniAODv2/QCD_HT500to700_TuneCP5_13TeV-madgraph-pythia8/MINIAODSIM/PU2017_12Apr2018_old_pmx_94X_mc2017_realistic_v14-v1/60000/D6529DE2-BD59-E811-AFDF-A0369F30FFD2.root
root://cmsxrootd.fnal.gov//store/mc/RunIIFall17MiniAODv2/QCD_HT500to700_TuneCP5_13TeV-madgraph-pythia8/MINIAODSIM/PU2017_12Apr2018_old_pmx_94X_mc2017_realistic_v14-v1/60000/D8CB1011-9759-E811-99A4-5065F3817281.root
root://cmsxrootd.fnal.gov//store/mc/RunIIFall17MiniAODv2/QCD_HT500to700_TuneCP5_13TeV-madgraph-pythia8/MINIAODSIM/PU2017_12Apr2018_old_pmx_94X_mc2017_realistic_v14-v1/60000/BAAA93A7-B759-E811-8834-5065F3815221.root
root://cmsxrootd.fnal.gov//store/mc/RunIIFall17MiniAODv2/QCD_HT500to700_TuneCP5_13TeV-madgraph-pythia8/MINIAODSIM/PU2017_12Apr2018_old_pmx_94X_mc2017_realistic_v14-v1/60000/709DB274-B459-E811-8C4F-24BE05C33C81.root
root://cmsxrootd.fnal.gov//store/mc/RunIIFall17MiniAODv2/QCD_HT500to700_TuneCP5_13TeV-madgraph-pythia8/MINIAODSIM/PU2017_12Apr2018_old_pmx_94X_mc2017_realistic_v14-v1/60000/26857BA5-5459-E811-BB02-5065F381C1D1.root
root://cmsxrootd.fnal.gov//store/mc/RunIIFall17MiniAODv2/QCD_HT500to700_TuneCP5_13TeV-madgraph-pythia8/MINIAODSIM/PU2017_12Apr2018_old_pmx_94X_mc2017_realistic_v14-v1/60000/9A8992C4-7359-E811-BABF-E0071B6C9DF0.root
root://cmsxrootd.fnal.gov//store/mc/RunIIFall17MiniAODv2/QCD_HT500to700_TuneCP5_13TeV-madgraph-pythia8/MINIAODSIM/PU2017_12Apr2018_old_pmx_94X_mc2017_realistic_v14-v1/60000/CCD99563-C259-E811-9575-5065F381F291.root
root://cmsxrootd.fnal.gov//store/mc/RunIIFall17MiniAODv2/QCD_HT500to700_TuneCP5_13TeV-madgraph-pythia8/MINIAODSIM/PU2017_12Apr2018_old_pmx_94X_mc2017_realistic_v14-v1/60000/163DE024-6E59-E811-9A73-E0071B7AC750.root
root://cmsxrootd.fnal.gov//store/mc/RunIIFall17MiniAODv2/QCD_HT500to700_TuneCP5_13TeV-madgraph-pythia8/MINIAODSIM/PU2017_12Apr2018_old_pmx_94X_mc2017_realistic_v14-v1/60000/4A207CA2-7959-E811-ABB7-24BE05CE3EA1.root
root://cmsxrootd.fnal.gov//store/mc/RunIIFall17MiniAODv2/QCD_HT500to700_TuneCP5_13TeV-madgraph-pythia8/MINIAODSIM/PU2017_12Apr2018_old_pmx_94X_mc2017_realistic_v14-v1/60000/66AC48AF-B159-E811-8628-24BE05BDCEF1.root
root://cmsxrootd.fnal.gov//store/mc/RunIIFall17MiniAODv2/QCD_HT500to700_TuneCP5_13TeV-madgraph-pythia8/MINIAODSIM/PU2017_12Apr2018_old_pmx_94X_mc2017_realistic_v14-v1/60000/D45871D6-BF59-E811-A107-5065F381C251.root
root://cmsxrootd.fnal.gov//store/mc/RunIIFall17MiniAODv2/QCD_HT500to700_TuneCP5_13TeV-madgraph-pythia8/MINIAODSIM/PU2017_12Apr2018_old_pmx_94X_mc2017_realistic_v14-v1/60000/58F28576-6659-E811-B5A5-5065F3810301.root
root://cmsxrootd.fnal.gov//store/mc/RunIIFall17MiniAODv2/QCD_HT500to700_TuneCP5_13TeV-madgraph-pythia8/MINIAODSIM/PU2017_12Apr2018_old_pmx_94X_mc2017_realistic_v14-v1/60000/B025C724-6E59-E811-B866-E0071B7AE500.root
root://cmsxrootd.fnal.gov//store/mc/RunIIFall17MiniAODv2/QCD_HT500to700_TuneCP5_13TeV-madgraph-pythia8/MINIAODSIM/PU2017_12Apr2018_old_pmx_94X_mc2017_realistic_v14-v1/60000/8E971643-7959-E811-9C79-B8CA3A709028.root
root://cmsxrootd.fnal.gov//store/mc/RunIIFall17MiniAODv2/QCD_HT500to700_TuneCP5_13TeV-madgraph-pythia8/MINIAODSIM/PU2017_12Apr2018_old_pmx_94X_mc2017_realistic_v14-v1/60000/CC71361E-A759-E811-ACED-24BE05CEEDA1.root
root://cmsxrootd.fnal.gov//store/mc/RunIIFall17MiniAODv2/QCD_HT500to700_TuneCP5_13TeV-madgraph-pythia8/MINIAODSIM/PU2017_12Apr2018_old_pmx_94X_mc2017_realistic_v14-v1/60000/A83CD41A-B659-E811-A91A-E0071B7901F1.root
root://cmsxrootd.fnal.gov//store/mc/RunIIFall17MiniAODv2/QCD_HT500to700_TuneCP5_13TeV-madgraph-pythia8/MINIAODSIM/PU2017_12Apr2018_old_pmx_94X_mc2017_realistic_v14-v1/60000/C805161E-9C59-E811-B48B-24BE05C33C81.root
root://cmsxrootd.fnal.gov//store/mc/RunIIFall17MiniAODv2/QCD_HT500to700_TuneCP5_13TeV-madgraph-pythia8/MINIAODSIM/PU2017_12Apr2018_old_pmx_94X_mc2017_realistic_v14-v1/60000/2A1D87F7-8259-E811-A40E-5065F3815221.root
root://cmsxrootd.fnal.gov//store/mc/RunIIFall17MiniAODv2/QCD_HT500to700_TuneCP5_13TeV-madgraph-pythia8/MINIAODSIM/PU2017_12Apr2018_old_pmx_94X_mc2017_realistic_v14-v1/60000/1EA5FC2F-9A59-E811-A91F-24BE05C3B8B1.root
root://cmsxrootd.fnal.gov//store/mc/RunIIFall17MiniAODv2/QCD_HT500to700_TuneCP5_13TeV-madgraph-pythia8/MINIAODSIM/PU2017_12Apr2018_old_pmx_94X_mc2017_realistic_v14-v1/60000/201043C9-B159-E811-B9D7-4C79BA181123.root
root://cmsxrootd.fnal.gov//store/mc/RunIIFall17MiniAODv2/QCD_HT500to700_TuneCP5_13TeV-madgraph-pythia8/MINIAODSIM/PU2017_12Apr2018_old_pmx_94X_mc2017_realistic_v14-v1/60000/C659CA07-C059-E811-BF6B-A0369F310374.root
root://cmsxrootd.fnal.gov//store/mc/RunIIFall17MiniAODv2/QCD_HT500to700_TuneCP5_13TeV-madgraph-pythia8/MINIAODSIM/PU2017_12Apr2018_old_pmx_94X_mc2017_realistic_v14-v1/60000/DA5C7E1A-9C59-E811-AC4A-24BE05CEECD1.root
root://cmsxrootd.fnal.gov//store/mc/RunIIFall17MiniAODv2/QCD_HT500to700_TuneCP5_13TeV-madgraph-pythia8/MINIAODSIM/PU2017_12Apr2018_old_pmx_94X_mc2017_realistic_v14-v1/60000/E46503C6-9959-E811-8D87-00000086FE80.root
root://cmsxrootd.fnal.gov//store/mc/RunIIFall17MiniAODv2/QCD_HT500to700_TuneCP5_13TeV-madgraph-pythia8/MINIAODSIM/PU2017_12Apr2018_old_pmx_94X_mc2017_realistic_v14-v1/60000/42AA7177-B459-E811-9F55-E0071B7B2320.root
root://cmsxrootd.fnal.gov//store/mc/RunIIFall17MiniAODv2/QCD_HT500to700_TuneCP5_13TeV-madgraph-pythia8/MINIAODSIM/PU2017_12Apr2018_old_pmx_94X_mc2017_realistic_v14-v1/60000/E81E4722-8859-E811-AA7F-24BE05CE6D61.root
root://cmsxrootd.fnal.gov//store/mc/RunIIFall17MiniAODv2/QCD_HT500to700_TuneCP5_13TeV-madgraph-pythia8/MINIAODSIM/PU2017_12Apr2018_old_pmx_94X_mc2017_realistic_v14-v1/60000/EAFE1FDC-9559-E811-BC76-24BE05CEECD1.root
root://cmsxrootd.fnal.gov//store/mc/RunIIFall17MiniAODv2/QCD_HT500to700_TuneCP5_13TeV-madgraph-pythia8/MINIAODSIM/PU2017_12Apr2018_old_pmx_94X_mc2017_realistic_v14-v1/60000/14BBF9F2-A059-E811-B0CE-24BE05C6D731.root
root://cmsxrootd.fnal.gov//store/mc/RunIIFall17MiniAODv2/QCD_HT500to700_TuneCP5_13TeV-madgraph-pythia8/MINIAODSIM/PU2017_12Apr2018_old_pmx_94X_mc2017_realistic_v14-v1/60000/7AC4888B-8C59-E811-A608-E0071B7A18F0.root
root://cmsxrootd.fnal.gov//store/mc/RunIIFall17MiniAODv2/QCD_HT500to700_TuneCP5_13TeV-madgraph-pythia8/MINIAODSIM/PU2017_12Apr2018_old_pmx_94X_mc2017_realistic_v14-v1/60000/3EF3E10E-9559-E811-92DD-B8CA3A709648.root
root://cmsxrootd.fnal.gov//store/mc/RunIIFall17MiniAODv2/QCD_HT500to700_TuneCP5_13TeV-madgraph-pythia8/MINIAODSIM/PU2017_12Apr2018_old_pmx_94X_mc2017_realistic_v14-v1/60000/96DDA217-A759-E811-8499-24BE05CEACA1.root
root://cmsxrootd.fnal.gov//store/mc/RunIIFall17MiniAODv2/QCD_HT500to700_TuneCP5_13TeV-madgraph-pythia8/MINIAODSIM/PU2017_12Apr2018_old_pmx_94X_mc2017_realistic_v14-v1/60000/78979C74-B459-E811-B264-24BE05C44BC1.root
root://cmsxrootd.fnal.gov//store/mc/RunIIFall17MiniAODv2/QCD_HT500to700_TuneCP5_13TeV-madgraph-pythia8/MINIAODSIM/PU2017_12Apr2018_old_pmx_94X_mc2017_realistic_v14-v1/60000/80FCC232-9A59-E811-B626-E0071B7B2320.root
root://cmsxrootd.fnal.gov//store/mc/RunIIFall17MiniAODv2/QCD_HT500to700_TuneCP5_13TeV-madgraph-pythia8/MINIAODSIM/PU2017_12Apr2018_old_pmx_94X_mc2017_realistic_v14-v1/60000/2459DBA5-5459-E811-BC0B-E0071B7A5650.root
root://cmsxrootd.fnal.gov//store/mc/RunIIFall17MiniAODv2/QCD_HT500to700_TuneCP5_13TeV-madgraph-pythia8/MINIAODSIM/PU2017_12Apr2018_old_pmx_94X_mc2017_realistic_v14-v1/60000/921965F6-A059-E811-BD31-E0071B6C9DA0.root
root://cmsxrootd.fnal.gov//store/mc/RunIIFall17MiniAODv2/QCD_HT500to700_TuneCP5_13TeV-madgraph-pythia8/MINIAODSIM/PU2017_12Apr2018_old_pmx_94X_mc2017_realistic_v14-v1/60000/C2141C1D-B659-E811-B318-E0071B7B2380.root
root://cmsxrootd.fnal.gov//store/mc/RunIIFall17MiniAODv2/QCD_HT500to700_TuneCP5_13TeV-madgraph-pythia8/MINIAODSIM/PU2017_12Apr2018_old_pmx_94X_mc2017_realistic_v14-v1/60000/40D512DB-5E59-E811-8684-E0071B73B6D0.root
root://cmsxrootd.fnal.gov//store/mc/RunIIFall17MiniAODv2/QCD_HT500to700_TuneCP5_13TeV-madgraph-pythia8/MINIAODSIM/PU2017_12Apr2018_old_pmx_94X_mc2017_realistic_v14-v1/60000/4AC3812E-9A59-E811-8E33-5065F38102F1.root
root://cmsxrootd.fnal.gov//store/mc/RunIIFall17MiniAODv2/QCD_HT500to700_TuneCP5_13TeV-madgraph-pythia8/MINIAODSIM/PU2017_12Apr2018_old_pmx_94X_mc2017_realistic_v14-v1/60000/560C222F-9A59-E811-A4A0-5065F38182E1.root
root://cmsxrootd.fnal.gov//store/mc/RunIIFall17MiniAODv2/QCD_HT500to700_TuneCP5_13TeV-madgraph-pythia8/MINIAODSIM/PU2017_12Apr2018_old_pmx_94X_mc2017_realistic_v14-v1/60000/AE3D0C77-6659-E811-8F03-24BE05C616E1.root
root://cmsxrootd.fnal.gov//store/mc/RunIIFall17MiniAODv2/QCD_HT500to700_TuneCP5_13TeV-madgraph-pythia8/MINIAODSIM/PU2017_12Apr2018_old_pmx_94X_mc2017_realistic_v14-v1/60000/AA113A18-8159-E811-B3C1-EC0D9A8222F6.root
root://cmsxrootd.fnal.gov//store/mc/RunIIFall17MiniAODv2/QCD_HT500to700_TuneCP5_13TeV-madgraph-pythia8/MINIAODSIM/PU2017_12Apr2018_old_pmx_94X_mc2017_realistic_v14-v1/60000/4A7163CF-A059-E811-BCAD-A0369F3016EC.root
root://cmsxrootd.fnal.gov//store/mc/RunIIFall17MiniAODv2/QCD_HT500to700_TuneCP5_13TeV-madgraph-pythia8/MINIAODSIM/PU2017_12Apr2018_old_pmx_94X_mc2017_realistic_v14-v1/60000/F05AF55A-BC59-E811-ABC7-E0071B7B2350.root
root://cmsxrootd.fnal.gov//store/mc/RunIIFall17MiniAODv2/QCD_HT500to700_TuneCP5_13TeV-madgraph-pythia8/MINIAODSIM/PU2017_12Apr2018_old_pmx_94X_mc2017_realistic_v14-v1/60000/24AECBA6-5459-E811-BF14-E0071B7A6850.root
