[FERMIHTC-SINGULARITY]: INFO -- No Singulariy image specified
[FERMIHTC-SINGULARITY]: INFO -- Running job on the host machine

[FERMIHTC-SINGULARITY]: INFO -- Running ./condor_exec.exe ./BoostedDiTauReco/plotRecoIdEffQCD.py ./BoostedDiTauReco/filelists/QCD94/HT2000toInf/QCD_HT2000toInf_0.txt eff QCD
Starting job on  Wed Jun 17 20:42:31 UTC 2020
Running on: Linux nbower-7483242-0-cmswn2020.fnal.gov 3.10.0-1127.8.2.el7.x86_64 #1 SMP Wed May 13 10:45:47 CDT 2020 x86_64 x86_64 x86_64 GNU/Linux
System software: Scientific Linux release 7.8 (Nitrogen)
Reading cached build data
Done: ProjectRename
BoostedDiTauReco
condor.jdl
condorOut
docker_stderror
eosHadd.py
eosHadd.py~
graphs
HoverE_EE
makeTeff.py
makeTeff.py~
newgraphs
newQCD
oldgraphs
Out
plotHoverE.py
plotHoverE.py~
plots
QCD_eff_plots
QCD_var_plots
README.md
run_condor.csh
SignalGeneration
submit_condor.csh
submit_condor.csh~
TCP_var_plots
testDY.txt
test_QCD.txt
test_TCP.txt
Arguments passed to this script are: for 1: ./BoostedDiTauReco/plotRecoIdEffQCD.py
root://cmseos.fnal.gov//store/user/nbower/QCD_eff_plots/h_QCD_HT2000toInf_0_eff.root
process is eff
root://cmsxrootd.fnal.gov//store/mc/RunIIFall17MiniAODv2/QCD_HT2000toInf_TuneCP5_13TeV-madgraph-pythia8/MINIAODSIM/PU2017_12Apr2018_old_pmx_94X_mc2017_realistic_v14-v1/60000/9E7B61A4-8859-E811-9070-0025904A9472.root
root://cmsxrootd.fnal.gov//store/mc/RunIIFall17MiniAODv2/QCD_HT2000toInf_TuneCP5_13TeV-madgraph-pythia8/MINIAODSIM/PU2017_12Apr2018_old_pmx_94X_mc2017_realistic_v14-v1/60000/905F088B-7F59-E811-846A-0CC47A13D09C.root
root://cmsxrootd.fnal.gov//store/mc/RunIIFall17MiniAODv2/QCD_HT2000toInf_TuneCP5_13TeV-madgraph-pythia8/MINIAODSIM/PU2017_12Apr2018_old_pmx_94X_mc2017_realistic_v14-v1/60000/C01D5FCF-9159-E811-9DD4-0CC47A13CC7A.root
root://cmsxrootd.fnal.gov//store/mc/RunIIFall17MiniAODv2/QCD_HT2000toInf_TuneCP5_13TeV-madgraph-pythia8/MINIAODSIM/PU2017_12Apr2018_old_pmx_94X_mc2017_realistic_v14-v1/60000/026AFF2E-8B59-E811-BF6E-0CC47AD98D26.root
root://cmsxrootd.fnal.gov//store/mc/RunIIFall17MiniAODv2/QCD_HT2000toInf_TuneCP5_13TeV-madgraph-pythia8/MINIAODSIM/PU2017_12Apr2018_old_pmx_94X_mc2017_realistic_v14-v1/60000/B26DA7C8-9F59-E811-8BE8-003048F7CC92.root
root://cmsxrootd.fnal.gov//store/mc/RunIIFall17MiniAODv2/QCD_HT2000toInf_TuneCP5_13TeV-madgraph-pythia8/MINIAODSIM/PU2017_12Apr2018_old_pmx_94X_mc2017_realistic_v14-v1/60000/C824E0B4-B759-E811-B51D-0CC47AD98B8E.root
root://cmsxrootd.fnal.gov//store/mc/RunIIFall17MiniAODv2/QCD_HT2000toInf_TuneCP5_13TeV-madgraph-pythia8/MINIAODSIM/PU2017_12Apr2018_old_pmx_94X_mc2017_realistic_v14-v1/60000/0C0F7099-8859-E811-88FE-90B11C2AAEEC.root
root://cmsxrootd.fnal.gov//store/mc/RunIIFall17MiniAODv2/QCD_HT2000toInf_TuneCP5_13TeV-madgraph-pythia8/MINIAODSIM/PU2017_12Apr2018_old_pmx_94X_mc2017_realistic_v14-v1/60000/56E88A87-7F59-E811-82D2-0CC47AD98A92.root
root://cmsxrootd.fnal.gov//store/mc/RunIIFall17MiniAODv2/QCD_HT2000toInf_TuneCP5_13TeV-madgraph-pythia8/MINIAODSIM/PU2017_12Apr2018_old_pmx_94X_mc2017_realistic_v14-v1/60000/BE1DFF8F-8859-E811-84F9-0CC47AD98F78.root
root://cmsxrootd.fnal.gov//store/mc/RunIIFall17MiniAODv2/QCD_HT2000toInf_TuneCP5_13TeV-madgraph-pythia8/MINIAODSIM/PU2017_12Apr2018_old_pmx_94X_mc2017_realistic_v14-v1/60000/B6D853BC-9F59-E811-98F8-0CC47AD98F78.root
root://cmsxrootd.fnal.gov//store/mc/RunIIFall17MiniAODv2/QCD_HT2000toInf_TuneCP5_13TeV-madgraph-pythia8/MINIAODSIM/PU2017_12Apr2018_old_pmx_94X_mc2017_realistic_v14-v1/60000/B0A5C58F-7F59-E811-B30D-002590E3A024.root
root://cmsxrootd.fnal.gov//store/mc/RunIIFall17MiniAODv2/QCD_HT2000toInf_TuneCP5_13TeV-madgraph-pythia8/MINIAODSIM/PU2017_12Apr2018_old_pmx_94X_mc2017_realistic_v14-v1/60000/DC08C6B9-B159-E811-AAB0-002590E2F65E.root
root://cmsxrootd.fnal.gov//store/mc/RunIIFall17MiniAODv2/QCD_HT2000toInf_TuneCP5_13TeV-madgraph-pythia8/MINIAODSIM/PU2017_12Apr2018_old_pmx_94X_mc2017_realistic_v14-v1/60000/341E64C0-9F59-E811-8EBC-90B11C28232B.root
root://cmsxrootd.fnal.gov//store/mc/RunIIFall17MiniAODv2/QCD_HT2000toInf_TuneCP5_13TeV-madgraph-pythia8/MINIAODSIM/PU2017_12Apr2018_old_pmx_94X_mc2017_realistic_v14-v1/60000/ECA5944B-7259-E811-8BBC-002590E3A0FC.root
root://cmsxrootd.fnal.gov//store/mc/RunIIFall17MiniAODv2/QCD_HT2000toInf_TuneCP5_13TeV-madgraph-pythia8/MINIAODSIM/PU2017_12Apr2018_old_pmx_94X_mc2017_realistic_v14-v1/60000/0C576093-8859-E811-A82B-002590E3A0FA.root
root://cmsxrootd.fnal.gov//store/mc/RunIIFall17MiniAODv2/QCD_HT2000toInf_TuneCP5_13TeV-madgraph-pythia8/MINIAODSIM/PU2017_12Apr2018_old_pmx_94X_mc2017_realistic_v14-v1/60000/ACA51C48-A659-E811-9096-0CC47A3B0308.root
root://cmsxrootd.fnal.gov//store/mc/RunIIFall17MiniAODv2/QCD_HT2000toInf_TuneCP5_13TeV-madgraph-pythia8/MINIAODSIM/PU2017_12Apr2018_old_pmx_94X_mc2017_realistic_v14-v1/60000/1A8AAEB9-A559-E811-8080-1C6A7A26BCDB.root
root://cmsxrootd.fnal.gov//store/mc/RunIIFall17MiniAODv2/QCD_HT2000toInf_TuneCP5_13TeV-madgraph-pythia8/MINIAODSIM/PU2017_12Apr2018_old_pmx_94X_mc2017_realistic_v14-v1/60000/00439389-7F59-E811-B68E-0CC47AD9908C.root
root://cmsxrootd.fnal.gov//store/mc/RunIIFall17MiniAODv2/QCD_HT2000toInf_TuneCP5_13TeV-madgraph-pythia8/MINIAODSIM/PU2017_12Apr2018_old_pmx_94X_mc2017_realistic_v14-v1/60000/7EAE669A-9859-E811-BF12-0025900E3508.root
root://cmsxrootd.fnal.gov//store/mc/RunIIFall17MiniAODv2/QCD_HT2000toInf_TuneCP5_13TeV-madgraph-pythia8/MINIAODSIM/PU2017_12Apr2018_old_pmx_94X_mc2017_realistic_v14-v1/60000/B63DEC98-7F59-E811-BE8A-0CC47A2B04CC.root
root://cmsxrootd.fnal.gov//store/mc/RunIIFall17MiniAODv2/QCD_HT2000toInf_TuneCP5_13TeV-madgraph-pythia8/MINIAODSIM/PU2017_12Apr2018_old_pmx_94X_mc2017_realistic_v14-v1/60000/64523BB9-B159-E811-811F-0CC47AD98D06.root
root://cmsxrootd.fnal.gov//store/mc/RunIIFall17MiniAODv2/QCD_HT2000toInf_TuneCP5_13TeV-madgraph-pythia8/MINIAODSIM/PU2017_12Apr2018_old_pmx_94X_mc2017_realistic_v14-v1/60000/0CC26DD4-CE59-E811-845F-0CC47AA9943A.root
root://cmsxrootd.fnal.gov//store/mc/RunIIFall17MiniAODv2/QCD_HT2000toInf_TuneCP5_13TeV-madgraph-pythia8/MINIAODSIM/PU2017_12Apr2018_old_pmx_94X_mc2017_realistic_v14-v1/60000/0C62BB34-8B59-E811-B4DC-0CC47A13CB18.root
root://cmsxrootd.fnal.gov//store/mc/RunIIFall17MiniAODv2/QCD_HT2000toInf_TuneCP5_13TeV-madgraph-pythia8/MINIAODSIM/PU2017_12Apr2018_old_pmx_94X_mc2017_realistic_v14-v1/60000/9EDD94F5-B559-E811-89BA-0CC47A2B04A6.root
root://cmsxrootd.fnal.gov//store/mc/RunIIFall17MiniAODv2/QCD_HT2000toInf_TuneCP5_13TeV-madgraph-pythia8/MINIAODSIM/PU2017_12Apr2018_old_pmx_94X_mc2017_realistic_v14-v1/60000/B2EFF293-9859-E811-B107-0CC47AD98CFA.root
root://cmsxrootd.fnal.gov//store/mc/RunIIFall17MiniAODv2/QCD_HT2000toInf_TuneCP5_13TeV-madgraph-pythia8/MINIAODSIM/PU2017_12Apr2018_old_pmx_94X_mc2017_realistic_v14-v1/60000/1846068E-8859-E811-865F-002590E2F65E.root
root://cmsxrootd.fnal.gov//store/mc/RunIIFall17MiniAODv2/QCD_HT2000toInf_TuneCP5_13TeV-madgraph-pythia8/MINIAODSIM/PU2017_12Apr2018_old_pmx_94X_mc2017_realistic_v14-v1/60000/98D49293-8859-E811-95AE-0CC47A2B06DE.root
root://cmsxrootd.fnal.gov//store/mc/RunIIFall17MiniAODv2/QCD_HT2000toInf_TuneCP5_13TeV-madgraph-pythia8/MINIAODSIM/PU2017_12Apr2018_old_pmx_94X_mc2017_realistic_v14-v1/60000/7435F28D-8859-E811-B26F-0CC47A2B06DC.root
root://cmsxrootd.fnal.gov//store/mc/RunIIFall17MiniAODv2/QCD_HT2000toInf_TuneCP5_13TeV-madgraph-pythia8/MINIAODSIM/PU2017_12Apr2018_old_pmx_94X_mc2017_realistic_v14-v1/60000/CC6C06A3-9859-E811-AF6F-002590491B22.root
root://cmsxrootd.fnal.gov//store/mc/RunIIFall17MiniAODv2/QCD_HT2000toInf_TuneCP5_13TeV-madgraph-pythia8/MINIAODSIM/PU2017_12Apr2018_old_pmx_94X_mc2017_realistic_v14-v1/60000/7489B143-A659-E811-8622-0CC47A3B04E4.root
root://cmsxrootd.fnal.gov//store/mc/RunIIFall17MiniAODv2/QCD_HT2000toInf_TuneCP5_13TeV-madgraph-pythia8/MINIAODSIM/PU2017_12Apr2018_old_pmx_94X_mc2017_realistic_v14-v1/60000/7ECC9FBE-9F59-E811-8832-0CC47AA98A0E.root
root://cmsxrootd.fnal.gov//store/mc/RunIIFall17MiniAODv2/QCD_HT2000toInf_TuneCP5_13TeV-madgraph-pythia8/MINIAODSIM/PU2017_12Apr2018_old_pmx_94X_mc2017_realistic_v14-v1/60000/CCC5FA05-7A59-E811-8372-90B11C2CC76A.root
root://cmsxrootd.fnal.gov//store/mc/RunIIFall17MiniAODv2/QCD_HT2000toInf_TuneCP5_13TeV-madgraph-pythia8/MINIAODSIM/PU2017_12Apr2018_old_pmx_94X_mc2017_realistic_v14-v1/60000/5C45A587-7F59-E811-A5A0-0CC47A2B0388.root
root://cmsxrootd.fnal.gov//store/mc/RunIIFall17MiniAODv2/QCD_HT2000toInf_TuneCP5_13TeV-madgraph-pythia8/MINIAODSIM/PU2017_12Apr2018_old_pmx_94X_mc2017_realistic_v14-v1/30000/F8D93B69-9A59-E811-9C35-0025905B85D6.root
root://cmsxrootd.fnal.gov//store/mc/RunIIFall17MiniAODv2/QCD_HT2000toInf_TuneCP5_13TeV-madgraph-pythia8/MINIAODSIM/PU2017_12Apr2018_old_pmx_94X_mc2017_realistic_v14-v1/30000/3C1216B5-A259-E811-8C79-0025905B8572.root
root://cmsxrootd.fnal.gov//store/mc/RunIIFall17MiniAODv2/QCD_HT2000toInf_TuneCP5_13TeV-madgraph-pythia8/MINIAODSIM/PU2017_12Apr2018_old_pmx_94X_mc2017_realistic_v14-v1/30000/4AB232BF-8759-E811-B89B-0CC47AD98BCC.root
root://cmsxrootd.fnal.gov//store/mc/RunIIFall17MiniAODv2/QCD_HT2000toInf_TuneCP5_13TeV-madgraph-pythia8/MINIAODSIM/PU2017_12Apr2018_old_pmx_94X_mc2017_realistic_v14-v1/30000/90D65EA9-7F59-E811-9C52-0CC47A6C186E.root
root://cmsxrootd.fnal.gov//store/mc/RunIIFall17MiniAODv2/QCD_HT2000toInf_TuneCP5_13TeV-madgraph-pythia8/MINIAODSIM/PU2017_12Apr2018_old_pmx_94X_mc2017_realistic_v14-v1/30000/BEBE2F23-9759-E811-BFE2-0CC47AD98CF2.root
root://cmsxrootd.fnal.gov//store/mc/RunIIFall17MiniAODv2/QCD_HT2000toInf_TuneCP5_13TeV-madgraph-pythia8/MINIAODSIM/PU2017_12Apr2018_old_pmx_94X_mc2017_realistic_v14-v1/30000/2AA9E346-8C59-E811-9958-002590490020.root
root://cmsxrootd.fnal.gov//store/mc/RunIIFall17MiniAODv2/QCD_HT2000toInf_TuneCP5_13TeV-madgraph-pythia8/MINIAODSIM/PU2017_12Apr2018_old_pmx_94X_mc2017_realistic_v14-v1/30000/E4D7F768-DB59-E811-B675-0CC47A2B0906.root
root://cmsxrootd.fnal.gov//store/mc/RunIIFall17MiniAODv2/QCD_HT2000toInf_TuneCP5_13TeV-madgraph-pythia8/MINIAODSIM/PU2017_12Apr2018_old_pmx_94X_mc2017_realistic_v14-v1/30000/E27463F2-7D59-E811-8370-0CC47A6C14C8.root
root://cmsxrootd.fnal.gov//store/mc/RunIIFall17MiniAODv2/QCD_HT2000toInf_TuneCP5_13TeV-madgraph-pythia8/MINIAODSIM/PU2017_12Apr2018_old_pmx_94X_mc2017_realistic_v14-v1/30000/20FD68C4-6C59-E811-A819-0CC47A6C0682.root
root://cmsxrootd.fnal.gov//store/mc/RunIIFall17MiniAODv2/QCD_HT2000toInf_TuneCP5_13TeV-madgraph-pythia8/MINIAODSIM/PU2017_12Apr2018_old_pmx_94X_mc2017_realistic_v14-v1/30000/68EF1D6B-7C59-E811-B225-0CC47AA992AE.root
root://cmsxrootd.fnal.gov//store/mc/RunIIFall17MiniAODv2/QCD_HT2000toInf_TuneCP5_13TeV-madgraph-pythia8/MINIAODSIM/PU2017_12Apr2018_old_pmx_94X_mc2017_realistic_v14-v1/30000/F62BD42E-8359-E811-9DA6-0025901D094A.root
root://cmsxrootd.fnal.gov//store/mc/RunIIFall17MiniAODv2/QCD_HT2000toInf_TuneCP5_13TeV-madgraph-pythia8/MINIAODSIM/PU2017_12Apr2018_old_pmx_94X_mc2017_realistic_v14-v1/30000/A8AD36D5-AA59-E811-9C52-0CC47AD98F78.root
root://cmsxrootd.fnal.gov//store/mc/RunIIFall17MiniAODv2/QCD_HT2000toInf_TuneCP5_13TeV-madgraph-pythia8/MINIAODSIM/PU2017_12Apr2018_old_pmx_94X_mc2017_realistic_v14-v1/30000/664C13F6-7D59-E811-A372-0025904A91F6.root
root://cmsxrootd.fnal.gov//store/mc/RunIIFall17MiniAODv2/QCD_HT2000toInf_TuneCP5_13TeV-madgraph-pythia8/MINIAODSIM/PU2017_12Apr2018_old_pmx_94X_mc2017_realistic_v14-v1/30000/BE665460-6059-E811-9F79-1C6A7A26C193.root
root://cmsxrootd.fnal.gov//store/mc/RunIIFall17MiniAODv2/QCD_HT2000toInf_TuneCP5_13TeV-madgraph-pythia8/MINIAODSIM/PU2017_12Apr2018_old_pmx_94X_mc2017_realistic_v14-v1/30000/BED1C8C8-9F59-E811-B0D5-0006F6309499.root
root://cmsxrootd.fnal.gov//store/mc/RunIIFall17MiniAODv2/QCD_HT2000toInf_TuneCP5_13TeV-madgraph-pythia8/MINIAODSIM/PU2017_12Apr2018_old_pmx_94X_mc2017_realistic_v14-v1/30000/B224F40A-D759-E811-B0F8-0CC47AD99044.root
root://cmsxrootd.fnal.gov//store/mc/RunIIFall17MiniAODv2/QCD_HT2000toInf_TuneCP5_13TeV-madgraph-pythia8/MINIAODSIM/PU2017_12Apr2018_old_pmx_94X_mc2017_realistic_v14-v1/30000/A0B8C154-8959-E811-A95E-1C6A7A26C85B.root
root://cmsxrootd.fnal.gov//store/mc/RunIIFall17MiniAODv2/QCD_HT2000toInf_TuneCP5_13TeV-madgraph-pythia8/MINIAODSIM/PU2017_12Apr2018_old_pmx_94X_mc2017_realistic_v14-v1/30000/EEC91B77-8F59-E811-8C94-0CC47A2B04A6.root
root://cmsxrootd.fnal.gov//store/mc/RunIIFall17MiniAODv2/QCD_HT2000toInf_TuneCP5_13TeV-madgraph-pythia8/MINIAODSIM/PU2017_12Apr2018_old_pmx_94X_mc2017_realistic_v14-v1/30000/F88B92EB-A059-E811-B470-0CC47AD98F72.root
root://cmsxrootd.fnal.gov//store/mc/RunIIFall17MiniAODv2/QCD_HT2000toInf_TuneCP5_13TeV-madgraph-pythia8/MINIAODSIM/PU2017_12Apr2018_old_pmx_94X_mc2017_realistic_v14-v1/30000/B81E28C7-8759-E811-B88B-90B11C1DBFB4.root
root://cmsxrootd.fnal.gov//store/mc/RunIIFall17MiniAODv2/QCD_HT2000toInf_TuneCP5_13TeV-madgraph-pythia8/MINIAODSIM/PU2017_12Apr2018_old_pmx_94X_mc2017_realistic_v14-v1/30000/3A0F8508-5959-E811-9805-0CC47AA99436.root
root://cmsxrootd.fnal.gov//store/mc/RunIIFall17MiniAODv2/QCD_HT2000toInf_TuneCP5_13TeV-madgraph-pythia8/MINIAODSIM/PU2017_12Apr2018_old_pmx_94X_mc2017_realistic_v14-v1/30000/1C17A773-B959-E811-8795-0CC47AD98CFA.root
root://cmsxrootd.fnal.gov//store/mc/RunIIFall17MiniAODv2/QCD_HT2000toInf_TuneCP5_13TeV-madgraph-pythia8/MINIAODSIM/PU2017_12Apr2018_old_pmx_94X_mc2017_realistic_v14-v1/30000/B0E455AC-7F59-E811-8119-002590E3A0EE.root
root://cmsxrootd.fnal.gov//store/mc/RunIIFall17MiniAODv2/QCD_HT2000toInf_TuneCP5_13TeV-madgraph-pythia8/MINIAODSIM/PU2017_12Apr2018_old_pmx_94X_mc2017_realistic_v14-v1/30000/F4D8217A-8F59-E811-B978-1C6A7A26C85B.root
root://cmsxrootd.fnal.gov//store/mc/RunIIFall17MiniAODv2/QCD_HT2000toInf_TuneCP5_13TeV-madgraph-pythia8/MINIAODSIM/PU2017_12Apr2018_old_pmx_94X_mc2017_realistic_v14-v1/30000/8E4ED6BB-7A59-E811-97F8-0CC47A6C1058.root
root://cmsxrootd.fnal.gov//store/mc/RunIIFall17MiniAODv2/QCD_HT2000toInf_TuneCP5_13TeV-madgraph-pythia8/MINIAODSIM/PU2017_12Apr2018_old_pmx_94X_mc2017_realistic_v14-v1/30000/3071F6EE-8559-E811-A738-90B11C27E141.root
root://cmsxrootd.fnal.gov//store/mc/RunIIFall17MiniAODv2/QCD_HT2000toInf_TuneCP5_13TeV-madgraph-pythia8/MINIAODSIM/PU2017_12Apr2018_old_pmx_94X_mc2017_realistic_v14-v1/30000/445EB3D3-BF59-E811-9349-00238BBD754A.root
root://cmsxrootd.fnal.gov//store/mc/RunIIFall17MiniAODv2/QCD_HT2000toInf_TuneCP5_13TeV-madgraph-pythia8/MINIAODSIM/PU2017_12Apr2018_old_pmx_94X_mc2017_realistic_v14-v1/30000/7E880426-7759-E811-85F2-0CC47A6C1058.root
root://cmsxrootd.fnal.gov//store/mc/RunIIFall17MiniAODv2/QCD_HT2000toInf_TuneCP5_13TeV-madgraph-pythia8/MINIAODSIM/PU2017_12Apr2018_old_pmx_94X_mc2017_realistic_v14-v1/30000/8C6F8E6C-8959-E811-90DE-0025901D08E8.root
root://cmsxrootd.fnal.gov//store/mc/RunIIFall17MiniAODv2/QCD_HT2000toInf_TuneCP5_13TeV-madgraph-pythia8/MINIAODSIM/PU2017_12Apr2018_old_pmx_94X_mc2017_realistic_v14-v1/30000/0E14BA6A-B159-E811-8ABB-0CC47AA992C8.root
root://cmsxrootd.fnal.gov//store/mc/RunIIFall17MiniAODv2/QCD_HT2000toInf_TuneCP5_13TeV-madgraph-pythia8/MINIAODSIM/PU2017_12Apr2018_old_pmx_94X_mc2017_realistic_v14-v1/30000/7082C2EA-8559-E811-B8BE-002590E3A212.root
root://cmsxrootd.fnal.gov//store/mc/RunIIFall17MiniAODv2/QCD_HT2000toInf_TuneCP5_13TeV-madgraph-pythia8/MINIAODSIM/PU2017_12Apr2018_old_pmx_94X_mc2017_realistic_v14-v1/30000/300DE0AB-9D59-E811-8BFF-90B11C28232B.root
root://cmsxrootd.fnal.gov//store/mc/RunIIFall17MiniAODv2/QCD_HT2000toInf_TuneCP5_13TeV-madgraph-pythia8/MINIAODSIM/PU2017_12Apr2018_old_pmx_94X_mc2017_realistic_v14-v1/30000/1CFD3F2B-8359-E811-922F-88F031B3DC28.root
root://cmsxrootd.fnal.gov//store/mc/RunIIFall17MiniAODv2/QCD_HT2000toInf_TuneCP5_13TeV-madgraph-pythia8/MINIAODSIM/PU2017_12Apr2018_old_pmx_94X_mc2017_realistic_v14-v1/30000/7608BB4F-C459-E811-99A7-0CC47AA992D0.root
root://cmsxrootd.fnal.gov//store/mc/RunIIFall17MiniAODv2/QCD_HT2000toInf_TuneCP5_13TeV-madgraph-pythia8/MINIAODSIM/PU2017_12Apr2018_old_pmx_94X_mc2017_realistic_v14-v1/30000/D829B690-6E59-E811-8F9F-0CC47A13CFC0.root
root://cmsxrootd.fnal.gov//store/mc/RunIIFall17MiniAODv2/QCD_HT2000toInf_TuneCP5_13TeV-madgraph-pythia8/MINIAODSIM/PU2017_12Apr2018_old_pmx_94X_mc2017_realistic_v14-v1/30000/924B82E5-8A59-E811-B3CD-0CC47AD98D70.root
root://cmsxrootd.fnal.gov//store/mc/RunIIFall17MiniAODv2/QCD_HT2000toInf_TuneCP5_13TeV-madgraph-pythia8/MINIAODSIM/PU2017_12Apr2018_old_pmx_94X_mc2017_realistic_v14-v1/30000/E4C8196A-C259-E811-BD80-0CC47AD98D6C.root
root://cmsxrootd.fnal.gov//store/mc/RunIIFall17MiniAODv2/QCD_HT2000toInf_TuneCP5_13TeV-madgraph-pythia8/MINIAODSIM/PU2017_12Apr2018_old_pmx_94X_mc2017_realistic_v14-v1/30000/58FBBC04-8E59-E811-A0F6-0CC47A6C115C.root
root://cmsxrootd.fnal.gov//store/mc/RunIIFall17MiniAODv2/QCD_HT2000toInf_TuneCP5_13TeV-madgraph-pythia8/MINIAODSIM/PU2017_12Apr2018_old_pmx_94X_mc2017_realistic_v14-v1/30000/325DA2DD-A259-E811-B209-0CC47ADAF3DA.root
root://cmsxrootd.fnal.gov//store/mc/RunIIFall17MiniAODv2/QCD_HT2000toInf_TuneCP5_13TeV-madgraph-pythia8/MINIAODSIM/PU2017_12Apr2018_old_pmx_94X_mc2017_realistic_v14-v1/30000/9AB5B10C-C759-E811-8CC5-0CC47AD98F78.root
root://cmsxrootd.fnal.gov//store/mc/RunIIFall17MiniAODv2/QCD_HT2000toInf_TuneCP5_13TeV-madgraph-pythia8/MINIAODSIM/PU2017_12Apr2018_old_pmx_94X_mc2017_realistic_v14-v1/30000/26B94E21-AE59-E811-A416-002590E2DA08.root
root://cmsxrootd.fnal.gov//store/mc/RunIIFall17MiniAODv2/QCD_HT2000toInf_TuneCP5_13TeV-madgraph-pythia8/MINIAODSIM/PU2017_12Apr2018_old_pmx_94X_mc2017_realistic_v14-v1/30000/9CBFDB4D-8C59-E811-9AE0-0025901D08EC.root
root://cmsxrootd.fnal.gov//store/mc/RunIIFall17MiniAODv2/QCD_HT2000toInf_TuneCP5_13TeV-madgraph-pythia8/MINIAODSIM/PU2017_12Apr2018_old_pmx_94X_mc2017_realistic_v14-v1/30000/3E65323D-9A59-E811-B147-0CC47AD98CF2.root
root://cmsxrootd.fnal.gov//store/mc/RunIIFall17MiniAODv2/QCD_HT2000toInf_TuneCP5_13TeV-madgraph-pythia8/MINIAODSIM/PU2017_12Apr2018_old_pmx_94X_mc2017_realistic_v14-v1/30000/48C5BBD9-8259-E811-AEF1-0CC47A2AECFA.root
root://cmsxrootd.fnal.gov//store/mc/RunIIFall17MiniAODv2/QCD_HT2000toInf_TuneCP5_13TeV-madgraph-pythia8/MINIAODSIM/PU2017_12Apr2018_old_pmx_94X_mc2017_realistic_v14-v1/30000/14BD18F0-7D59-E811-A9F4-0CC47AA98F96.root
root://cmsxrootd.fnal.gov//store/mc/RunIIFall17MiniAODv2/QCD_HT2000toInf_TuneCP5_13TeV-madgraph-pythia8/MINIAODSIM/PU2017_12Apr2018_old_pmx_94X_mc2017_realistic_v14-v1/30000/FEA46F31-D259-E811-B294-002590E2DA08.root
root://cmsxrootd.fnal.gov//store/mc/RunIIFall17MiniAODv2/QCD_HT2000toInf_TuneCP5_13TeV-madgraph-pythia8/MINIAODSIM/PU2017_12Apr2018_old_pmx_94X_mc2017_realistic_v14-v1/30000/769B36EE-8559-E811-B0D8-0CC47AD99148.root
root://cmsxrootd.fnal.gov//store/mc/RunIIFall17MiniAODv2/QCD_HT2000toInf_TuneCP5_13TeV-madgraph-pythia8/MINIAODSIM/PU2017_12Apr2018_old_pmx_94X_mc2017_realistic_v14-v1/30000/72A3CAF5-9059-E811-B8B2-002590490020.root
root://cmsxrootd.fnal.gov//store/mc/RunIIFall17MiniAODv2/QCD_HT2000toInf_TuneCP5_13TeV-madgraph-pythia8/MINIAODSIM/PU2017_12Apr2018_old_pmx_94X_mc2017_realistic_v14-v1/30000/5AB9B6C4-7859-E811-8929-002590EFF972.root
root://cmsxrootd.fnal.gov//store/mc/RunIIFall17MiniAODv2/QCD_HT2000toInf_TuneCP5_13TeV-madgraph-pythia8/MINIAODSIM/PU2017_12Apr2018_old_pmx_94X_mc2017_realistic_v14-v1/30000/E684A089-8159-E811-99A9-0025900EAB2A.root
root://cmsxrootd.fnal.gov//store/mc/RunIIFall17MiniAODv2/QCD_HT2000toInf_TuneCP5_13TeV-madgraph-pythia8/MINIAODSIM/PU2017_12Apr2018_old_pmx_94X_mc2017_realistic_v14-v1/30000/42E2FD60-8459-E811-A66A-0025904A91F6.root
root://cmsxrootd.fnal.gov//store/mc/RunIIFall17MiniAODv2/QCD_HT2000toInf_TuneCP5_13TeV-madgraph-pythia8/MINIAODSIM/PU2017_12Apr2018_old_pmx_94X_mc2017_realistic_v14-v1/30000/145F7669-185A-E811-8081-003048F5ADEE.root
root://cmsxrootd.fnal.gov//store/mc/RunIIFall17MiniAODv2/QCD_HT2000toInf_TuneCP5_13TeV-madgraph-pythia8/MINIAODSIM/PU2017_12Apr2018_old_pmx_94X_mc2017_realistic_v14-v1/30000/FCDE10D0-AA59-E811-9578-0CC47A2B0392.root
root://cmsxrootd.fnal.gov//store/mc/RunIIFall17MiniAODv2/QCD_HT2000toInf_TuneCP5_13TeV-madgraph-pythia8/MINIAODSIM/PU2017_12Apr2018_old_pmx_94X_mc2017_realistic_v14-v1/30000/7E422E49-8959-E811-B3D9-0CC47A6C1054.root
root://cmsxrootd.fnal.gov//store/mc/RunIIFall17MiniAODv2/QCD_HT2000toInf_TuneCP5_13TeV-madgraph-pythia8/MINIAODSIM/PU2017_12Apr2018_old_pmx_94X_mc2017_realistic_v14-v1/30000/645B006F-9259-E811-B01E-0CC47A2B04A6.root
root://cmsxrootd.fnal.gov//store/mc/RunIIFall17MiniAODv2/QCD_HT2000toInf_TuneCP5_13TeV-madgraph-pythia8/MINIAODSIM/PU2017_12Apr2018_old_pmx_94X_mc2017_realistic_v14-v1/30000/F255CDEE-8559-E811-8872-0CC47AD98F6A.root
root://cmsxrootd.fnal.gov//store/mc/RunIIFall17MiniAODv2/QCD_HT2000toInf_TuneCP5_13TeV-madgraph-pythia8/MINIAODSIM/PU2017_12Apr2018_old_pmx_94X_mc2017_realistic_v14-v1/30000/48CD0B9F-D859-E811-858C-0CC47AA989C2.root
root://cmsxrootd.fnal.gov//store/mc/RunIIFall17MiniAODv2/QCD_HT2000toInf_TuneCP5_13TeV-madgraph-pythia8/MINIAODSIM/PU2017_12Apr2018_old_pmx_94X_mc2017_realistic_v14-v1/30000/F6A5BF04-8E59-E811-A3B9-0CC47A6C115C.root
root://cmsxrootd.fnal.gov//store/mc/RunIIFall17MiniAODv2/QCD_HT2000toInf_TuneCP5_13TeV-madgraph-pythia8/MINIAODSIM/PU2017_12Apr2018_old_pmx_94X_mc2017_realistic_v14-v1/30000/B0A2D4E3-FB59-E811-B7E5-0CC47A13D2BE.root
root://cmsxrootd.fnal.gov//store/mc/RunIIFall17MiniAODv2/QCD_HT2000toInf_TuneCP5_13TeV-madgraph-pythia8/MINIAODSIM/PU2017_12Apr2018_old_pmx_94X_mc2017_realistic_v14-v1/30000/1452402C-9459-E811-99DB-0CC47AD98CF2.root
root://cmsxrootd.fnal.gov//store/mc/RunIIFall17MiniAODv2/QCD_HT2000toInf_TuneCP5_13TeV-madgraph-pythia8/MINIAODSIM/PU2017_12Apr2018_old_pmx_94X_mc2017_realistic_v14-v1/30000/84FB457F-A459-E811-B823-0CC47AD99062.root
root://cmsxrootd.fnal.gov//store/mc/RunIIFall17MiniAODv2/QCD_HT2000toInf_TuneCP5_13TeV-madgraph-pythia8/MINIAODSIM/PU2017_12Apr2018_old_pmx_94X_mc2017_realistic_v14-v1/30000/6A5D8471-A459-E811-AA45-002590E3A0EE.root
root://cmsxrootd.fnal.gov//store/mc/RunIIFall17MiniAODv2/QCD_HT2000toInf_TuneCP5_13TeV-madgraph-pythia8/MINIAODSIM/PU2017_12Apr2018_old_pmx_94X_mc2017_realistic_v14-v1/30000/E4700517-9159-E811-AE09-0CC47AD98CF4.root
root://cmsxrootd.fnal.gov//store/mc/RunIIFall17MiniAODv2/QCD_HT2000toInf_TuneCP5_13TeV-madgraph-pythia8/MINIAODSIM/PU2017_12Apr2018_old_pmx_94X_mc2017_realistic_v14-v1/30000/C25D1217-B459-E811-AC0A-0CC47AD98D6C.root
root://cmsxrootd.fnal.gov//store/mc/RunIIFall17MiniAODv2/QCD_HT2000toInf_TuneCP5_13TeV-madgraph-pythia8/MINIAODSIM/PU2017_12Apr2018_old_pmx_94X_mc2017_realistic_v14-v1/30000/245A20DD-9559-E811-B484-90B11C27EA38.root
root://cmsxrootd.fnal.gov//store/mc/RunIIFall17MiniAODv2/QCD_HT2000toInf_TuneCP5_13TeV-madgraph-pythia8/MINIAODSIM/PU2017_12Apr2018_old_pmx_94X_mc2017_realistic_v14-v1/30000/7EA10346-BC59-E811-9FA8-0CC47A6C1058.root
root://cmsxrootd.fnal.gov//store/mc/RunIIFall17MiniAODv2/QCD_HT2000toInf_TuneCP5_13TeV-madgraph-pythia8/MINIAODSIM/PU2017_12Apr2018_old_pmx_94X_mc2017_realistic_v14-v1/30000/7C982930-9459-E811-9196-002590490020.root
