[FERMIHTC-SINGULARITY]: INFO -- No Singulariy image specified
[FERMIHTC-SINGULARITY]: INFO -- Running job on the host machine

[FERMIHTC-SINGULARITY]: INFO -- Running ./condor_exec.exe ./BoostedDiTauReco/plotRecoIdEffQCD.py ./BoostedDiTauReco/filelists/QCD94/HT500to700/QCD_HT500to700_8.txt eff QCD
Starting job on  Wed Jun 17 23:52:30 UTC 2020
Running on: Linux nbower-7483270-0-cmswn1967.fnal.gov 3.10.0-1127.8.2.el7.x86_64 #1 SMP Wed May 13 10:45:47 CDT 2020 x86_64 x86_64 x86_64 GNU/Linux
System software: Scientific Linux release 7.8 (Nitrogen)
Reading cached build data
Done: ProjectRename
BoostedDiTauReco
condor.jdl
condorOut
docker_stderror
eosHadd.py
eosHadd.py~
graphs
HoverE_EE
makeTeff.py
makeTeff.py~
newgraphs
newQCD
oldgraphs
Out
plotHoverE.py
plotHoverE.py~
plots
QCD_eff_plots
QCD_var_plots
README.md
run_condor.csh
SignalGeneration
submit_condor.csh
submit_condor.csh~
TCP_var_plots
testDY.txt
test_QCD.txt
test_TCP.txt
Arguments passed to this script are: for 1: ./BoostedDiTauReco/plotRecoIdEffQCD.py
root://cmseos.fnal.gov//store/user/nbower/QCD_eff_plots/h_QCD_HT500to700_8_eff.root
process is eff
root://cmsxrootd.fnal.gov//store/mc/RunIIFall17MiniAODv2/QCD_HT500to700_TuneCP5_13TeV-madgraph-pythia8/MINIAODSIM/PU2017_12Apr2018_old_pmx_94X_mc2017_realistic_v14-v1/70000/8A285A40-7959-E811-95D0-0CC47A74525A.root
root://cmsxrootd.fnal.gov//store/mc/RunIIFall17MiniAODv2/QCD_HT500to700_TuneCP5_13TeV-madgraph-pythia8/MINIAODSIM/PU2017_12Apr2018_old_pmx_94X_mc2017_realistic_v14-v1/70000/9CACFC17-9659-E811-9DF8-003048FFD79E.root
root://cmsxrootd.fnal.gov//store/mc/RunIIFall17MiniAODv2/QCD_HT500to700_TuneCP5_13TeV-madgraph-pythia8/MINIAODSIM/PU2017_12Apr2018_old_pmx_94X_mc2017_realistic_v14-v1/70000/4A29968F-6459-E811-8680-0025905A60F2.root
