[FERMIHTC-SINGULARITY]: INFO -- No Singulariy image specified
[FERMIHTC-SINGULARITY]: INFO -- Running job on the host machine

[FERMIHTC-SINGULARITY]: INFO -- Running ./condor_exec.exe ./BoostedDiTauReco/plotRecoIdEffQCD.py ./BoostedDiTauReco/filelists/QCD94/HT300to500/QCD_HT300to500_8.txt var QCD
Starting job on  Wed Jun 17 04:06:29 UTC 2020
Running on: Linux nbower-37044333-0-cmswn1973.fnal.gov 3.10.0-1127.8.2.el7.x86_64 #1 SMP Wed May 13 10:45:47 CDT 2020 x86_64 x86_64 x86_64 GNU/Linux
System software: Scientific Linux release 7.8 (Nitrogen)
Reading cached build data
Done: ProjectRename
BoostedDiTauReco
condor.jdl
condorOut
docker_stderror
eosHadd.py
eosHadd.py~
graphs
HoverE_EE
makeTeff.py
makeTeff.py~
newQCD
oldgraphs
Out
plotHoverE.py
plotHoverE.py~
plots
QCD_eff_plots
QCD_var_plots
README.md
run_condor.csh
SignalGeneration
submit_condor.csh
submit_condor.csh~
TCP_eff_plots
TCP_var_plots
testDY.txt
test_QCD.txt
test_TCP.txt
Arguments passed to this script are: for 1: ./BoostedDiTauReco/plotRecoIdEffQCD.py
root://cmseos.fnal.gov//store/user/nbower/QCD_var_plots/h_QCD_HT300to500_8_var.root
process is var
root://cmsxrootd.fnal.gov//store/mc/RunIIFall17MiniAODv2/QCD_HT300to500_TuneCP5_13TeV-madgraph-pythia8/MINIAODSIM/PU2017_12Apr2018_new_pmx_94X_mc2017_realistic_v14-v1/70000/F2E0E861-8A44-E911-9CB3-0CC47AFCC666.root
root://cmsxrootd.fnal.gov//store/mc/RunIIFall17MiniAODv2/QCD_HT300to500_TuneCP5_13TeV-madgraph-pythia8/MINIAODSIM/PU2017_12Apr2018_new_pmx_94X_mc2017_realistic_v14-v1/70000/64E42AD7-8F44-E911-86ED-0CC47AF9B1DE.root
root://cmsxrootd.fnal.gov//store/mc/RunIIFall17MiniAODv2/QCD_HT300to500_TuneCP5_13TeV-madgraph-pythia8/MINIAODSIM/PU2017_12Apr2018_new_pmx_94X_mc2017_realistic_v14-v1/70000/FAE73813-7F44-E911-BE7B-0025904C51F0.root
root://cmsxrootd.fnal.gov//store/mc/RunIIFall17MiniAODv2/QCD_HT300to500_TuneCP5_13TeV-madgraph-pythia8/MINIAODSIM/PU2017_12Apr2018_new_pmx_94X_mc2017_realistic_v14-v1/70000/A40F1894-8444-E911-98E2-0CC47AFB7CEC.root
root://cmsxrootd.fnal.gov//store/mc/RunIIFall17MiniAODv2/QCD_HT300to500_TuneCP5_13TeV-madgraph-pythia8/MINIAODSIM/PU2017_12Apr2018_new_pmx_94X_mc2017_realistic_v14-v1/70000/C6586260-8A44-E911-A763-0025905BA734.root
root://cmsxrootd.fnal.gov//store/mc/RunIIFall17MiniAODv2/QCD_HT300to500_TuneCP5_13TeV-madgraph-pythia8/MINIAODSIM/PU2017_12Apr2018_new_pmx_94X_mc2017_realistic_v14-v1/70000/325D9112-7F44-E911-A9B1-0025904C6624.root
root://cmsxrootd.fnal.gov//store/mc/RunIIFall17MiniAODv2/QCD_HT300to500_TuneCP5_13TeV-madgraph-pythia8/MINIAODSIM/PU2017_12Apr2018_new_pmx_94X_mc2017_realistic_v14-v1/70000/165FACC6-9244-E911-AD8F-0CC47AFF0238.root
root://cmsxrootd.fnal.gov//store/mc/RunIIFall17MiniAODv2/QCD_HT300to500_TuneCP5_13TeV-madgraph-pythia8/MINIAODSIM/PU2017_12Apr2018_new_pmx_94X_mc2017_realistic_v14-v1/70000/069B43DA-9D44-E911-A1C8-0025904CF93C.root
root://cmsxrootd.fnal.gov//store/mc/RunIIFall17MiniAODv2/QCD_HT300to500_TuneCP5_13TeV-madgraph-pythia8/MINIAODSIM/PU2017_12Apr2018_new_pmx_94X_mc2017_realistic_v14-v1/70000/6A5CE765-8A44-E911-B12E-0CC47AFCC3A2.root
root://cmsxrootd.fnal.gov//store/mc/RunIIFall17MiniAODv2/QCD_HT300to500_TuneCP5_13TeV-madgraph-pythia8/MINIAODSIM/PU2017_12Apr2018_new_pmx_94X_mc2017_realistic_v14-v1/70000/6CE0AB12-7F44-E911-A355-0CC47AFF0300.root
root://cmsxrootd.fnal.gov//store/mc/RunIIFall17MiniAODv2/QCD_HT300to500_TuneCP5_13TeV-madgraph-pythia8/MINIAODSIM/PU2017_12Apr2018_new_pmx_94X_mc2017_realistic_v14-v1/70000/F0DA3464-8A44-E911-9708-0025905C975C.root
root://cmsxrootd.fnal.gov//store/mc/RunIIFall17MiniAODv2/QCD_HT300to500_TuneCP5_13TeV-madgraph-pythia8/MINIAODSIM/PU2017_12Apr2018_new_pmx_94X_mc2017_realistic_v14-v1/70000/FA90B6C4-9244-E911-9934-0CC47AFF02B0.root
root://cmsxrootd.fnal.gov//store/mc/RunIIFall17MiniAODv2/QCD_HT300to500_TuneCP5_13TeV-madgraph-pythia8/MINIAODSIM/PU2017_12Apr2018_new_pmx_94X_mc2017_realistic_v14-v1/70000/E8D1FF91-8444-E911-85D7-0CC47AFF0480.root
root://cmsxrootd.fnal.gov//store/mc/RunIIFall17MiniAODv2/QCD_HT300to500_TuneCP5_13TeV-madgraph-pythia8/MINIAODSIM/PU2017_12Apr2018_new_pmx_94X_mc2017_realistic_v14-v1/70000/F8CFE8C3-9244-E911-A7C8-0CC47AFF0644.root
root://cmsxrootd.fnal.gov//store/mc/RunIIFall17MiniAODv2/QCD_HT300to500_TuneCP5_13TeV-madgraph-pythia8/MINIAODSIM/PU2017_12Apr2018_new_pmx_94X_mc2017_realistic_v14-v1/70000/2E89E4C4-9244-E911-A22D-0CC47AFF02B0.root
root://cmsxrootd.fnal.gov//store/mc/RunIIFall17MiniAODv2/QCD_HT300to500_TuneCP5_13TeV-madgraph-pythia8/MINIAODSIM/PU2017_12Apr2018_new_pmx_94X_mc2017_realistic_v14-v1/70000/3E1A887F-9844-E911-AE42-0CC47AFCC41A.root
root://cmsxrootd.fnal.gov//store/mc/RunIIFall17MiniAODv2/QCD_HT300to500_TuneCP5_13TeV-madgraph-pythia8/MINIAODSIM/PU2017_12Apr2018_new_pmx_94X_mc2017_realistic_v14-v1/70000/D65F4F12-7F44-E911-981E-0025905C54D8.root
root://cmsxrootd.fnal.gov//store/mc/RunIIFall17MiniAODv2/QCD_HT300to500_TuneCP5_13TeV-madgraph-pythia8/MINIAODSIM/PU2017_12Apr2018_new_pmx_94X_mc2017_realistic_v14-v1/70000/8C311861-8A44-E911-B3C2-0025905C2CA4.root
root://cmsxrootd.fnal.gov//store/mc/RunIIFall17MiniAODv2/QCD_HT300to500_TuneCP5_13TeV-madgraph-pythia8/MINIAODSIM/PU2017_12Apr2018_new_pmx_94X_mc2017_realistic_v14-v1/70000/0C9EB360-8A44-E911-B482-0025905C3DCE.root
root://cmsxrootd.fnal.gov//store/mc/RunIIFall17MiniAODv2/QCD_HT300to500_TuneCP5_13TeV-madgraph-pythia8/MINIAODSIM/PU2017_12Apr2018_new_pmx_94X_mc2017_realistic_v14-v1/70000/CC0EAE13-7F44-E911-8790-0CC47AFF0254.root
root://cmsxrootd.fnal.gov//store/mc/RunIIFall17MiniAODv2/QCD_HT300to500_TuneCP5_13TeV-madgraph-pythia8/MINIAODSIM/PU2017_12Apr2018_new_pmx_94X_mc2017_realistic_v14-v1/70000/9E448881-9844-E911-AB14-0025904C516E.root
root://cmsxrootd.fnal.gov//store/mc/RunIIFall17MiniAODv2/QCD_HT300to500_TuneCP5_13TeV-madgraph-pythia8/MINIAODSIM/PU2017_12Apr2018_new_pmx_94X_mc2017_realistic_v14-v1/70000/8ACC07D8-8F44-E911-9631-0CC47AFCC3AA.root
root://cmsxrootd.fnal.gov//store/mc/RunIIFall17MiniAODv2/QCD_HT300to500_TuneCP5_13TeV-madgraph-pythia8/MINIAODSIM/PU2017_12Apr2018_new_pmx_94X_mc2017_realistic_v14-v1/70000/F24D1795-8444-E911-A751-0025905C2CE6.root
root://cmsxrootd.fnal.gov//store/mc/RunIIFall17MiniAODv2/QCD_HT300to500_TuneCP5_13TeV-madgraph-pythia8/MINIAODSIM/PU2017_12Apr2018_new_pmx_94X_mc2017_realistic_v14-v1/70000/B874FFDC-8F44-E911-BB3D-0025905C3D98.root
root://cmsxrootd.fnal.gov//store/mc/RunIIFall17MiniAODv2/QCD_HT300to500_TuneCP5_13TeV-madgraph-pythia8/MINIAODSIM/PU2017_12Apr2018_new_pmx_94X_mc2017_realistic_v14-v1/70000/86FBAC62-8A44-E911-9112-0CC47AFF02BC.root
root://cmsxrootd.fnal.gov//store/mc/RunIIFall17MiniAODv2/QCD_HT300to500_TuneCP5_13TeV-madgraph-pythia8/MINIAODSIM/PU2017_12Apr2018_new_pmx_94X_mc2017_realistic_v14-v1/70000/D8D91E94-8444-E911-9CC5-0CC47AFF044C.root
root://cmsxrootd.fnal.gov//store/mc/RunIIFall17MiniAODv2/QCD_HT300to500_TuneCP5_13TeV-madgraph-pythia8/MINIAODSIM/PU2017_12Apr2018_new_pmx_94X_mc2017_realistic_v14-v1/70000/D4685C80-9844-E911-B28B-0CC47AFCC422.root
root://cmsxrootd.fnal.gov//store/mc/RunIIFall17MiniAODv2/QCD_HT300to500_TuneCP5_13TeV-madgraph-pythia8/MINIAODSIM/PU2017_12Apr2018_new_pmx_94X_mc2017_realistic_v14-v1/70000/882254C1-9244-E911-8225-0025904C4E28.root
root://cmsxrootd.fnal.gov//store/mc/RunIIFall17MiniAODv2/QCD_HT300to500_TuneCP5_13TeV-madgraph-pythia8/MINIAODSIM/PU2017_12Apr2018_new_pmx_94X_mc2017_realistic_v14-v1/70000/6C273A10-7F44-E911-83BB-0025905D1CB2.root
root://cmsxrootd.fnal.gov//store/mc/RunIIFall17MiniAODv2/QCD_HT300to500_TuneCP5_13TeV-madgraph-pythia8/MINIAODSIM/PU2017_12Apr2018_new_pmx_94X_mc2017_realistic_v14-v1/70000/A44C5460-8A44-E911-ACFB-0CC47AFCC37E.root
root://cmsxrootd.fnal.gov//store/mc/RunIIFall17MiniAODv2/QCD_HT300to500_TuneCP5_13TeV-madgraph-pythia8/MINIAODSIM/PU2017_12Apr2018_new_pmx_94X_mc2017_realistic_v14-v1/70000/82319512-7F44-E911-8CE1-003048947BB9.root
root://cmsxrootd.fnal.gov//store/mc/RunIIFall17MiniAODv2/QCD_HT300to500_TuneCP5_13TeV-madgraph-pythia8/MINIAODSIM/PU2017_12Apr2018_new_pmx_94X_mc2017_realistic_v14-v1/70000/9E88D0C3-9244-E911-951B-0CC47AFCC6D6.root
root://cmsxrootd.fnal.gov//store/mc/RunIIFall17MiniAODv2/QCD_HT300to500_TuneCP5_13TeV-madgraph-pythia8/MINIAODSIM/PU2017_12Apr2018_new_pmx_94X_mc2017_realistic_v14-v1/70000/24EA18D8-8F44-E911-B132-0025905C53A4.root
root://cmsxrootd.fnal.gov//store/mc/RunIIFall17MiniAODv2/QCD_HT300to500_TuneCP5_13TeV-madgraph-pythia8/MINIAODSIM/PU2017_12Apr2018_new_pmx_94X_mc2017_realistic_v14-v1/70000/B0CF6D13-7F44-E911-B52D-0025905D1CB6.root
root://cmsxrootd.fnal.gov//store/mc/RunIIFall17MiniAODv2/QCD_HT300to500_TuneCP5_13TeV-madgraph-pythia8/MINIAODSIM/PU2017_12Apr2018_new_pmx_94X_mc2017_realistic_v14-v1/70000/3A69C781-9844-E911-9D53-0025905C42A4.root
root://cmsxrootd.fnal.gov//store/mc/RunIIFall17MiniAODv2/QCD_HT300to500_TuneCP5_13TeV-madgraph-pythia8/MINIAODSIM/PU2017_12Apr2018_new_pmx_94X_mc2017_realistic_v14-v1/70000/F43F3083-9844-E911-8701-0CC47AFCC41A.root
root://cmsxrootd.fnal.gov//store/mc/RunIIFall17MiniAODv2/QCD_HT300to500_TuneCP5_13TeV-madgraph-pythia8/MINIAODSIM/PU2017_12Apr2018_new_pmx_94X_mc2017_realistic_v14-v1/70000/0609D0D9-8F44-E911-9D12-0CC47AF9B13A.root
root://cmsxrootd.fnal.gov//store/mc/RunIIFall17MiniAODv2/QCD_HT300to500_TuneCP5_13TeV-madgraph-pythia8/MINIAODSIM/PU2017_12Apr2018_new_pmx_94X_mc2017_realistic_v14-v1/70000/C2872393-8444-E911-A8B8-0025905C3D98.root
root://cmsxrootd.fnal.gov//store/mc/RunIIFall17MiniAODv2/QCD_HT300to500_TuneCP5_13TeV-madgraph-pythia8/MINIAODSIM/PU2017_12Apr2018_new_pmx_94X_mc2017_realistic_v14-v1/70000/70D61E7D-9844-E911-A105-0025904C678A.root
root://cmsxrootd.fnal.gov//store/mc/RunIIFall17MiniAODv2/QCD_HT300to500_TuneCP5_13TeV-madgraph-pythia8/MINIAODSIM/PU2017_12Apr2018_new_pmx_94X_mc2017_realistic_v14-v1/70000/26AD3466-8A44-E911-9A9F-0CC47AFCC3A2.root
root://cmsxrootd.fnal.gov//store/mc/RunIIFall17MiniAODv2/QCD_HT300to500_TuneCP5_13TeV-madgraph-pythia8/MINIAODSIM/PU2017_12Apr2018_new_pmx_94X_mc2017_realistic_v14-v1/70000/56B0CD95-8444-E911-99E0-0CC47AFCC3B6.root
root://cmsxrootd.fnal.gov//store/mc/RunIIFall17MiniAODv2/QCD_HT300to500_TuneCP5_13TeV-madgraph-pythia8/MINIAODSIM/PU2017_12Apr2018_new_pmx_94X_mc2017_realistic_v14-v1/70000/B02764D7-8F44-E911-B6DA-0CC47AFB802C.root
root://cmsxrootd.fnal.gov//store/mc/RunIIFall17MiniAODv2/QCD_HT300to500_TuneCP5_13TeV-madgraph-pythia8/MINIAODSIM/PU2017_12Apr2018_new_pmx_94X_mc2017_realistic_v14-v1/70000/E4393792-8444-E911-97A4-0025905C3D6C.root
root://cmsxrootd.fnal.gov//store/mc/RunIIFall17MiniAODv2/QCD_HT300to500_TuneCP5_13TeV-madgraph-pythia8/MINIAODSIM/PU2017_12Apr2018_new_pmx_94X_mc2017_realistic_v14-v1/70000/12E661C0-9244-E911-A78C-0CC47AFF0644.root
root://cmsxrootd.fnal.gov//store/mc/RunIIFall17MiniAODv2/QCD_HT300to500_TuneCP5_13TeV-madgraph-pythia8/MINIAODSIM/PU2017_12Apr2018_new_pmx_94X_mc2017_realistic_v14-v1/70000/7CBA3A12-7F44-E911-82AC-0025904C66F0.root
root://cmsxrootd.fnal.gov//store/mc/RunIIFall17MiniAODv2/QCD_HT300to500_TuneCP5_13TeV-madgraph-pythia8/MINIAODSIM/PU2017_12Apr2018_new_pmx_94X_mc2017_realistic_v14-v1/70000/3C1F3791-8444-E911-BC9E-0CC47AFF02BC.root
root://cmsxrootd.fnal.gov//store/mc/RunIIFall17MiniAODv2/QCD_HT300to500_TuneCP5_13TeV-madgraph-pythia8/MINIAODSIM/PU2017_12Apr2018_new_pmx_94X_mc2017_realistic_v14-v1/70000/CE8BC8C5-9244-E911-ACE3-0CC47AFF0238.root
root://cmsxrootd.fnal.gov//store/mc/RunIIFall17MiniAODv2/QCD_HT300to500_TuneCP5_13TeV-madgraph-pythia8/MINIAODSIM/PU2017_12Apr2018_new_pmx_94X_mc2017_realistic_v14-v1/70000/242DAED7-8F44-E911-A027-0025904CF93C.root
root://cmsxrootd.fnal.gov//store/mc/RunIIFall17MiniAODv2/QCD_HT300to500_TuneCP5_13TeV-madgraph-pythia8/MINIAODSIM/PU2017_12Apr2018_new_pmx_94X_mc2017_realistic_v14-v1/70000/A6E73493-8444-E911-A394-0CC47AFF046C.root
root://cmsxrootd.fnal.gov//store/mc/RunIIFall17MiniAODv2/QCD_HT300to500_TuneCP5_13TeV-madgraph-pythia8/MINIAODSIM/PU2017_12Apr2018_new_pmx_94X_mc2017_realistic_v14-v1/70000/8C0E4E13-7F44-E911-AE36-0CC47AFF02EC.root
root://cmsxrootd.fnal.gov//store/mc/RunIIFall17MiniAODv2/QCD_HT300to500_TuneCP5_13TeV-madgraph-pythia8/MINIAODSIM/PU2017_12Apr2018_new_pmx_94X_mc2017_realistic_v14-v1/70000/FA33BB61-8A44-E911-AD62-0025904CF75A.root
root://cmsxrootd.fnal.gov//store/mc/RunIIFall17MiniAODv2/QCD_HT300to500_TuneCP5_13TeV-madgraph-pythia8/MINIAODSIM/PU2017_12Apr2018_new_pmx_94X_mc2017_realistic_v14-v1/70000/627F0F92-8444-E911-83CB-0CC47AFCC3CA.root
root://cmsxrootd.fnal.gov//store/mc/RunIIFall17MiniAODv2/QCD_HT300to500_TuneCP5_13TeV-madgraph-pythia8/MINIAODSIM/PU2017_12Apr2018_new_pmx_94X_mc2017_realistic_v14-v1/70000/50E68AC7-9244-E911-93D1-0CC47AFF02B0.root
root://cmsxrootd.fnal.gov//store/mc/RunIIFall17MiniAODv2/QCD_HT300to500_TuneCP5_13TeV-madgraph-pythia8/MINIAODSIM/PU2017_12Apr2018_new_pmx_94X_mc2017_realistic_v14-v1/70000/A64124DA-8F44-E911-8629-0CC47AFCC64E.root
root://cmsxrootd.fnal.gov//store/mc/RunIIFall17MiniAODv2/QCD_HT300to500_TuneCP5_13TeV-madgraph-pythia8/MINIAODSIM/PU2017_12Apr2018_new_pmx_94X_mc2017_realistic_v14-v1/70000/D025DDBF-9244-E911-958D-0CC47AFF0644.root
root://cmsxrootd.fnal.gov//store/mc/RunIIFall17MiniAODv2/QCD_HT300to500_TuneCP5_13TeV-madgraph-pythia8/MINIAODSIM/PU2017_12Apr2018_new_pmx_94X_mc2017_realistic_v14-v1/70000/82DCAC13-7F44-E911-893B-0CC47AFCC422.root
root://cmsxrootd.fnal.gov//store/mc/RunIIFall17MiniAODv2/QCD_HT300to500_TuneCP5_13TeV-madgraph-pythia8/MINIAODSIM/PU2017_12Apr2018_new_pmx_94X_mc2017_realistic_v14-v1/70000/E4C92A91-8444-E911-9CAC-0CC47AFB7D8C.root
root://cmsxrootd.fnal.gov//store/mc/RunIIFall17MiniAODv2/QCD_HT300to500_TuneCP5_13TeV-madgraph-pythia8/MINIAODSIM/PU2017_12Apr2018_new_pmx_94X_mc2017_realistic_v14-v1/70000/62D40D61-8A44-E911-83F6-0CC47AFF04B0.root
root://cmsxrootd.fnal.gov//store/mc/RunIIFall17MiniAODv2/QCD_HT300to500_TuneCP5_13TeV-madgraph-pythia8/MINIAODSIM/PU2017_12Apr2018_new_pmx_94X_mc2017_realistic_v14-v1/70000/6C9E3381-9844-E911-893F-0CC47AFCC686.root
root://cmsxrootd.fnal.gov//store/mc/RunIIFall17MiniAODv2/QCD_HT300to500_TuneCP5_13TeV-madgraph-pythia8/MINIAODSIM/PU2017_12Apr2018_new_pmx_94X_mc2017_realistic_v14-v1/70000/F8462510-7F44-E911-84B5-0CC47AFB7DDC.root
root://cmsxrootd.fnal.gov//store/mc/RunIIFall17MiniAODv2/QCD_HT300to500_TuneCP5_13TeV-madgraph-pythia8/MINIAODSIM/PU2017_12Apr2018_new_pmx_94X_mc2017_realistic_v14-v1/70000/A8B31AD9-8F44-E911-843D-003048947BBB.root
root://cmsxrootd.fnal.gov//store/mc/RunIIFall17MiniAODv2/QCD_HT300to500_TuneCP5_13TeV-madgraph-pythia8/MINIAODSIM/PU2017_12Apr2018_new_pmx_94X_mc2017_realistic_v14-v1/70000/4C822AD9-8F44-E911-83E3-0CC47AFB80D8.root
root://cmsxrootd.fnal.gov//store/mc/RunIIFall17MiniAODv2/QCD_HT300to500_TuneCP5_13TeV-madgraph-pythia8/MINIAODSIM/PU2017_12Apr2018_new_pmx_94X_mc2017_realistic_v14-v1/70000/2A3744C0-9244-E911-9135-0CC47AFF02B0.root
root://cmsxrootd.fnal.gov//store/mc/RunIIFall17MiniAODv2/QCD_HT300to500_TuneCP5_13TeV-madgraph-pythia8/MINIAODSIM/PU2017_12Apr2018_new_pmx_94X_mc2017_realistic_v14-v1/70000/8018A8D7-8F44-E911-8477-0CC47AFCC692.root
root://cmsxrootd.fnal.gov//store/mc/RunIIFall17MiniAODv2/QCD_HT300to500_TuneCP5_13TeV-madgraph-pythia8/MINIAODSIM/PU2017_12Apr2018_new_pmx_94X_mc2017_realistic_v14-v1/70000/309253DA-8F44-E911-A040-0CC47AFCC396.root
root://cmsxrootd.fnal.gov//store/mc/RunIIFall17MiniAODv2/QCD_HT300to500_TuneCP5_13TeV-madgraph-pythia8/MINIAODSIM/PU2017_12Apr2018_new_pmx_94X_mc2017_realistic_v14-v1/70000/DA29C7C7-9244-E911-B043-0CC47AFF0238.root
root://cmsxrootd.fnal.gov//store/mc/RunIIFall17MiniAODv2/QCD_HT300to500_TuneCP5_13TeV-madgraph-pythia8/MINIAODSIM/PU2017_12Apr2018_new_pmx_94X_mc2017_realistic_v14-v1/70000/4E733C12-7F44-E911-9784-0025904CF75A.root
root://cmsxrootd.fnal.gov//store/mc/RunIIFall17MiniAODv2/QCD_HT300to500_TuneCP5_13TeV-madgraph-pythia8/MINIAODSIM/PU2017_12Apr2018_new_pmx_94X_mc2017_realistic_v14-v1/70000/E2E5337D-9844-E911-8489-0025905C53F0.root
root://cmsxrootd.fnal.gov//store/mc/RunIIFall17MiniAODv2/QCD_HT300to500_TuneCP5_13TeV-madgraph-pythia8/MINIAODSIM/PU2017_12Apr2018_new_pmx_94X_mc2017_realistic_v14-v1/70000/FC41BC92-8444-E911-A5D3-0CC47AFF021C.root
root://cmsxrootd.fnal.gov//store/mc/RunIIFall17MiniAODv2/QCD_HT300to500_TuneCP5_13TeV-madgraph-pythia8/MINIAODSIM/PU2017_12Apr2018_new_pmx_94X_mc2017_realistic_v14-v1/70000/0CB0CD12-7F44-E911-8457-0025904C51F2.root
root://cmsxrootd.fnal.gov//store/mc/RunIIFall17MiniAODv2/QCD_HT300to500_TuneCP5_13TeV-madgraph-pythia8/MINIAODSIM/PU2017_12Apr2018_new_pmx_94X_mc2017_realistic_v14-v1/70000/EA26F97D-9844-E911-A66B-0CC47AFF0220.root
root://cmsxrootd.fnal.gov//store/mc/RunIIFall17MiniAODv2/QCD_HT300to500_TuneCP5_13TeV-madgraph-pythia8/MINIAODSIM/PU2017_12Apr2018_new_pmx_94X_mc2017_realistic_v14-v1/70000/1037E592-8444-E911-B788-0CC47AFCC6BE.root
root://cmsxrootd.fnal.gov//store/mc/RunIIFall17MiniAODv2/QCD_HT300to500_TuneCP5_13TeV-madgraph-pythia8/MINIAODSIM/PU2017_12Apr2018_new_pmx_94X_mc2017_realistic_v14-v1/70000/E6329C7D-9844-E911-BC9E-0CC47AFB7D48.root
root://cmsxrootd.fnal.gov//store/mc/RunIIFall17MiniAODv2/QCD_HT300to500_TuneCP5_13TeV-madgraph-pythia8/MINIAODSIM/PU2017_12Apr2018_new_pmx_94X_mc2017_realistic_v14-v1/70000/5E76777D-9844-E911-83B9-0CC47AF9B1AE.root
root://cmsxrootd.fnal.gov//store/mc/RunIIFall17MiniAODv2/QCD_HT300to500_TuneCP5_13TeV-madgraph-pythia8/MINIAODSIM/PU2017_12Apr2018_new_pmx_94X_mc2017_realistic_v14-v1/70000/E2528860-8A44-E911-8F08-0025904C540C.root
root://cmsxrootd.fnal.gov//store/mc/RunIIFall17MiniAODv2/QCD_HT300to500_TuneCP5_13TeV-madgraph-pythia8/MINIAODSIM/PU2017_12Apr2018_new_pmx_94X_mc2017_realistic_v14-v1/70000/DAA72760-8A44-E911-B8FA-0CC47AFB8104.root
root://cmsxrootd.fnal.gov//store/mc/RunIIFall17MiniAODv2/QCD_HT300to500_TuneCP5_13TeV-madgraph-pythia8/MINIAODSIM/PU2017_12Apr2018_new_pmx_94X_mc2017_realistic_v14-v1/70000/620BB0D7-8F44-E911-8A1C-0025904C6624.root
root://cmsxrootd.fnal.gov//store/mc/RunIIFall17MiniAODv2/QCD_HT300to500_TuneCP5_13TeV-madgraph-pythia8/MINIAODSIM/PU2017_12Apr2018_new_pmx_94X_mc2017_realistic_v14-v1/70000/2A2DCA60-8A44-E911-B22E-0CC47AFB7D7C.root
root://cmsxrootd.fnal.gov//store/mc/RunIIFall17MiniAODv2/QCD_HT300to500_TuneCP5_13TeV-madgraph-pythia8/MINIAODSIM/PU2017_12Apr2018_new_pmx_94X_mc2017_realistic_v14-v1/70000/B2138E65-8A44-E911-9527-0025905C542C.root
root://cmsxrootd.fnal.gov//store/mc/RunIIFall17MiniAODv2/QCD_HT300to500_TuneCP5_13TeV-madgraph-pythia8/MINIAODSIM/PU2017_12Apr2018_new_pmx_94X_mc2017_realistic_v14-v1/70000/2C205686-9844-E911-8B34-0025905C53F0.root
root://cmsxrootd.fnal.gov//store/mc/RunIIFall17MiniAODv2/QCD_HT300to500_TuneCP5_13TeV-madgraph-pythia8/MINIAODSIM/PU2017_12Apr2018_new_pmx_94X_mc2017_realistic_v14-v1/70000/38ED4E0F-7F44-E911-BF4C-0025904C66A4.root
root://cmsxrootd.fnal.gov//store/mc/RunIIFall17MiniAODv2/QCD_HT300to500_TuneCP5_13TeV-madgraph-pythia8/MINIAODSIM/PU2017_12Apr2018_new_pmx_94X_mc2017_realistic_v14-v1/70000/EE797212-7F44-E911-911C-0CC47AFB80DC.root
root://cmsxrootd.fnal.gov//store/mc/RunIIFall17MiniAODv2/QCD_HT300to500_TuneCP5_13TeV-madgraph-pythia8/MINIAODSIM/PU2017_12Apr2018_new_pmx_94X_mc2017_realistic_v14-v1/70000/2A67EE12-7F44-E911-B86E-0CC47AFCC372.root
root://cmsxrootd.fnal.gov//store/mc/RunIIFall17MiniAODv2/QCD_HT300to500_TuneCP5_13TeV-madgraph-pythia8/MINIAODSIM/PU2017_12Apr2018_new_pmx_94X_mc2017_realistic_v14-v1/70000/E829CA92-8444-E911-9200-0025905C42F2.root
root://cmsxrootd.fnal.gov//store/mc/RunIIFall17MiniAODv2/QCD_HT300to500_TuneCP5_13TeV-madgraph-pythia8/MINIAODSIM/PU2017_12Apr2018_new_pmx_94X_mc2017_realistic_v14-v1/70000/004957C5-9244-E911-B689-0CC47AFF02B0.root
root://cmsxrootd.fnal.gov//store/mc/RunIIFall17MiniAODv2/QCD_HT300to500_TuneCP5_13TeV-madgraph-pythia8/MINIAODSIM/PU2017_12Apr2018_new_pmx_94X_mc2017_realistic_v14-v1/70000/02AC587C-9844-E911-B5D5-0025905C42A4.root
root://cmsxrootd.fnal.gov//store/mc/RunIIFall17MiniAODv2/QCD_HT300to500_TuneCP5_13TeV-madgraph-pythia8/MINIAODSIM/PU2017_12Apr2018_new_pmx_94X_mc2017_realistic_v14-v1/70000/EA40F580-9844-E911-AE78-0CC47AFCC67E.root
root://cmsxrootd.fnal.gov//store/mc/RunIIFall17MiniAODv2/QCD_HT300to500_TuneCP5_13TeV-madgraph-pythia8/MINIAODSIM/PU2017_12Apr2018_new_pmx_94X_mc2017_realistic_v14-v1/70000/B45E20C4-9244-E911-9214-0CC47AFCC6D6.root
root://cmsxrootd.fnal.gov//store/mc/RunIIFall17MiniAODv2/QCD_HT300to500_TuneCP5_13TeV-madgraph-pythia8/MINIAODSIM/PU2017_12Apr2018_new_pmx_94X_mc2017_realistic_v14-v1/70000/E4883B12-7F44-E911-9292-0025905C3D40.root
root://cmsxrootd.fnal.gov//store/mc/RunIIFall17MiniAODv2/QCD_HT300to500_TuneCP5_13TeV-madgraph-pythia8/MINIAODSIM/PU2017_12Apr2018_new_pmx_94X_mc2017_realistic_v14-v1/70000/D88974C6-9244-E911-911E-0CC47AFCC6D6.root
root://cmsxrootd.fnal.gov//store/mc/RunIIFall17MiniAODv2/QCD_HT300to500_TuneCP5_13TeV-madgraph-pythia8/MINIAODSIM/PU2017_12Apr2018_new_pmx_94X_mc2017_realistic_v14-v1/70000/E21B0AC7-9244-E911-B0BB-0CC47AFF0238.root
root://cmsxrootd.fnal.gov//store/mc/RunIIFall17MiniAODv2/QCD_HT300to500_TuneCP5_13TeV-madgraph-pythia8/MINIAODSIM/PU2017_12Apr2018_new_pmx_94X_mc2017_realistic_v14-v1/70000/60D1B162-8A44-E911-ADAF-0CC47AFB7FFC.root
root://cmsxrootd.fnal.gov//store/mc/RunIIFall17MiniAODv2/QCD_HT300to500_TuneCP5_13TeV-madgraph-pythia8/MINIAODSIM/PU2017_12Apr2018_new_pmx_94X_mc2017_realistic_v14-v1/70000/C47B9292-8444-E911-A529-0025904C66A4.root
root://cmsxrootd.fnal.gov//store/mc/RunIIFall17MiniAODv2/QCD_HT300to500_TuneCP5_13TeV-madgraph-pythia8/MINIAODSIM/PU2017_12Apr2018_new_pmx_94X_mc2017_realistic_v14-v1/70000/F4DF0996-8444-E911-9D1B-0CC47AFF02B0.root
root://cmsxrootd.fnal.gov//store/mc/RunIIFall17MiniAODv2/QCD_HT300to500_TuneCP5_13TeV-madgraph-pythia8/MINIAODSIM/PU2017_12Apr2018_new_pmx_94X_mc2017_realistic_v14-v1/70000/B0B42913-7F44-E911-AE1F-0CC47AFF04B0.root
root://cmsxrootd.fnal.gov//store/mc/RunIIFall17MiniAODv2/QCD_HT300to500_TuneCP5_13TeV-madgraph-pythia8/MINIAODSIM/PU2017_12Apr2018_new_pmx_94X_mc2017_realistic_v14-v1/70000/1E4C9262-8A44-E911-8BF6-0CC47AFF0638.root
root://cmsxrootd.fnal.gov//store/mc/RunIIFall17MiniAODv2/QCD_HT300to500_TuneCP5_13TeV-madgraph-pythia8/MINIAODSIM/PU2017_12Apr2018_new_pmx_94X_mc2017_realistic_v14-v1/70000/281F0D93-8444-E911-AEE3-0CC47AF9B2C6.root
root://cmsxrootd.fnal.gov//store/mc/RunIIFall17MiniAODv2/QCD_HT300to500_TuneCP5_13TeV-madgraph-pythia8/MINIAODSIM/PU2017_12Apr2018_new_pmx_94X_mc2017_realistic_v14-v1/70000/909504DA-8F44-E911-B347-0025905C2CD2.root
root://cmsxrootd.fnal.gov//store/mc/RunIIFall17MiniAODv2/QCD_HT300to500_TuneCP5_13TeV-madgraph-pythia8/MINIAODSIM/PU2017_12Apr2018_new_pmx_94X_mc2017_realistic_v14-v1/70000/684A0C7E-9844-E911-9AFE-0025905D1C54.root
root://cmsxrootd.fnal.gov//store/mc/RunIIFall17MiniAODv2/QCD_HT300to500_TuneCP5_13TeV-madgraph-pythia8/MINIAODSIM/PU2017_12Apr2018_new_pmx_94X_mc2017_realistic_v14-v1/70000/A84CCC12-7F44-E911-842D-0025905C2CE4.root
