[FERMIHTC-SINGULARITY]: INFO -- No Singulariy image specified
[FERMIHTC-SINGULARITY]: INFO -- Running job on the host machine

[FERMIHTC-SINGULARITY]: INFO -- Running ./condor_exec.exe ./BoostedDiTauReco/plotRecoIdEffQCD.py ./BoostedDiTauReco/filelists/TCP/TCP_cleaned_m10_0.txt var TCP
Starting job on  Wed Jun 17 03:53:02 UTC 2020
Running on: Linux nbower-7445834-0-cmswn1756.fnal.gov 3.10.0-1127.el7.x86_64 #1 SMP Wed Apr 1 12:25:50 CDT 2020 x86_64 x86_64 x86_64 GNU/Linux
System software: Scientific Linux release 7.8 (Nitrogen)
Reading cached build data
Done: ProjectRename
BoostedDiTauReco
condor.jdl
condorOut
docker_stderror
eosHadd.py
eosHadd.py~
graphs
HoverE_EE
makeTeff.py
makeTeff.py~
newQCD
oldgraphs
Out
plotHoverE.py
plotHoverE.py~
plots
QCD_eff_plots
QCD_var_plots
README.md
run_condor.csh
SignalGeneration
submit_condor.csh
submit_condor.csh~
TCP_eff_plots
TCP_var_plots
testDY.txt
test_QCD.txt
test_TCP.txt
Arguments passed to this script are: for 1: ./BoostedDiTauReco/plotRecoIdEffQCD.py
root://cmseos.fnal.gov//store/user/nbower/TCP_var_plots/h_TCP_cleaned_m10_0_var.root
process is var
root://cmseos.fnal.gov//store/user/zhangj/events/ALP/RunIISummer17DR94Premix/ALP_m10_w1_htjmin400_RunIISummer17DR94Premix_reMINIAODSIM_Cleaned_1.root
root://cmseos.fnal.gov//store/user/zhangj/events/ALP/RunIISummer17DR94Premix/ALP_m10_w1_htjmin400_RunIISummer17DR94Premix_reMINIAODSIM_Cleaned_1.root
root://cmseos.fnal.gov//store/user/zhangj/events/ALP/RunIISummer17DR94Premix/ALP_m10_w1_htjmin400_RunIISummer17DR94Premix_reMINIAODSIM_Cleaned_10.root
root://cmseos.fnal.gov//store/user/zhangj/events/ALP/RunIISummer17DR94Premix/ALP_m10_w1_htjmin400_RunIISummer17DR94Premix_reMINIAODSIM_Cleaned_10.root
root://cmseos.fnal.gov//store/user/zhangj/events/ALP/RunIISummer17DR94Premix/ALP_m10_w1_htjmin400_RunIISummer17DR94Premix_reMINIAODSIM_Cleaned_100.root
root://cmseos.fnal.gov//store/user/zhangj/events/ALP/RunIISummer17DR94Premix/ALP_m10_w1_htjmin400_RunIISummer17DR94Premix_reMINIAODSIM_Cleaned_100.root
root://cmseos.fnal.gov//store/user/zhangj/events/ALP/RunIISummer17DR94Premix/ALP_m10_w1_htjmin400_RunIISummer17DR94Premix_reMINIAODSIM_Cleaned_11.root
root://cmseos.fnal.gov//store/user/zhangj/events/ALP/RunIISummer17DR94Premix/ALP_m10_w1_htjmin400_RunIISummer17DR94Premix_reMINIAODSIM_Cleaned_11.root
root://cmseos.fnal.gov//store/user/zhangj/events/ALP/RunIISummer17DR94Premix/ALP_m10_w1_htjmin400_RunIISummer17DR94Premix_reMINIAODSIM_Cleaned_12.root
root://cmseos.fnal.gov//store/user/zhangj/events/ALP/RunIISummer17DR94Premix/ALP_m10_w1_htjmin400_RunIISummer17DR94Premix_reMINIAODSIM_Cleaned_12.root
root://cmseos.fnal.gov//store/user/zhangj/events/ALP/RunIISummer17DR94Premix/ALP_m10_w1_htjmin400_RunIISummer17DR94Premix_reMINIAODSIM_Cleaned_13.root
root://cmseos.fnal.gov//store/user/zhangj/events/ALP/RunIISummer17DR94Premix/ALP_m10_w1_htjmin400_RunIISummer17DR94Premix_reMINIAODSIM_Cleaned_13.root
root://cmseos.fnal.gov//store/user/zhangj/events/ALP/RunIISummer17DR94Premix/ALP_m10_w1_htjmin400_RunIISummer17DR94Premix_reMINIAODSIM_Cleaned_14.root
root://cmseos.fnal.gov//store/user/zhangj/events/ALP/RunIISummer17DR94Premix/ALP_m10_w1_htjmin400_RunIISummer17DR94Premix_reMINIAODSIM_Cleaned_14.root
root://cmseos.fnal.gov//store/user/zhangj/events/ALP/RunIISummer17DR94Premix/ALP_m10_w1_htjmin400_RunIISummer17DR94Premix_reMINIAODSIM_Cleaned_15.root
root://cmseos.fnal.gov//store/user/zhangj/events/ALP/RunIISummer17DR94Premix/ALP_m10_w1_htjmin400_RunIISummer17DR94Premix_reMINIAODSIM_Cleaned_15.root
root://cmseos.fnal.gov//store/user/zhangj/events/ALP/RunIISummer17DR94Premix/ALP_m10_w1_htjmin400_RunIISummer17DR94Premix_reMINIAODSIM_Cleaned_16.root
root://cmseos.fnal.gov//store/user/zhangj/events/ALP/RunIISummer17DR94Premix/ALP_m10_w1_htjmin400_RunIISummer17DR94Premix_reMINIAODSIM_Cleaned_16.root
root://cmseos.fnal.gov//store/user/zhangj/events/ALP/RunIISummer17DR94Premix/ALP_m10_w1_htjmin400_RunIISummer17DR94Premix_reMINIAODSIM_Cleaned_17.root
root://cmseos.fnal.gov//store/user/zhangj/events/ALP/RunIISummer17DR94Premix/ALP_m10_w1_htjmin400_RunIISummer17DR94Premix_reMINIAODSIM_Cleaned_17.root
root://cmseos.fnal.gov//store/user/zhangj/events/ALP/RunIISummer17DR94Premix/ALP_m10_w1_htjmin400_RunIISummer17DR94Premix_reMINIAODSIM_Cleaned_18.root
root://cmseos.fnal.gov//store/user/zhangj/events/ALP/RunIISummer17DR94Premix/ALP_m10_w1_htjmin400_RunIISummer17DR94Premix_reMINIAODSIM_Cleaned_18.root
root://cmseos.fnal.gov//store/user/zhangj/events/ALP/RunIISummer17DR94Premix/ALP_m10_w1_htjmin400_RunIISummer17DR94Premix_reMINIAODSIM_Cleaned_19.root
root://cmseos.fnal.gov//store/user/zhangj/events/ALP/RunIISummer17DR94Premix/ALP_m10_w1_htjmin400_RunIISummer17DR94Premix_reMINIAODSIM_Cleaned_19.root
root://cmseos.fnal.gov//store/user/zhangj/events/ALP/RunIISummer17DR94Premix/ALP_m10_w1_htjmin400_RunIISummer17DR94Premix_reMINIAODSIM_Cleaned_2.root
root://cmseos.fnal.gov//store/user/zhangj/events/ALP/RunIISummer17DR94Premix/ALP_m10_w1_htjmin400_RunIISummer17DR94Premix_reMINIAODSIM_Cleaned_2.root
root://cmseos.fnal.gov//store/user/zhangj/events/ALP/RunIISummer17DR94Premix/ALP_m10_w1_htjmin400_RunIISummer17DR94Premix_reMINIAODSIM_Cleaned_20.root
root://cmseos.fnal.gov//store/user/zhangj/events/ALP/RunIISummer17DR94Premix/ALP_m10_w1_htjmin400_RunIISummer17DR94Premix_reMINIAODSIM_Cleaned_20.root
root://cmseos.fnal.gov//store/user/zhangj/events/ALP/RunIISummer17DR94Premix/ALP_m10_w1_htjmin400_RunIISummer17DR94Premix_reMINIAODSIM_Cleaned_21.root
root://cmseos.fnal.gov//store/user/zhangj/events/ALP/RunIISummer17DR94Premix/ALP_m10_w1_htjmin400_RunIISummer17DR94Premix_reMINIAODSIM_Cleaned_21.root
root://cmseos.fnal.gov//store/user/zhangj/events/ALP/RunIISummer17DR94Premix/ALP_m10_w1_htjmin400_RunIISummer17DR94Premix_reMINIAODSIM_Cleaned_22.root
root://cmseos.fnal.gov//store/user/zhangj/events/ALP/RunIISummer17DR94Premix/ALP_m10_w1_htjmin400_RunIISummer17DR94Premix_reMINIAODSIM_Cleaned_22.root
root://cmseos.fnal.gov//store/user/zhangj/events/ALP/RunIISummer17DR94Premix/ALP_m10_w1_htjmin400_RunIISummer17DR94Premix_reMINIAODSIM_Cleaned_23.root
root://cmseos.fnal.gov//store/user/zhangj/events/ALP/RunIISummer17DR94Premix/ALP_m10_w1_htjmin400_RunIISummer17DR94Premix_reMINIAODSIM_Cleaned_23.root
root://cmseos.fnal.gov//store/user/zhangj/events/ALP/RunIISummer17DR94Premix/ALP_m10_w1_htjmin400_RunIISummer17DR94Premix_reMINIAODSIM_Cleaned_24.root
root://cmseos.fnal.gov//store/user/zhangj/events/ALP/RunIISummer17DR94Premix/ALP_m10_w1_htjmin400_RunIISummer17DR94Premix_reMINIAODSIM_Cleaned_24.root
root://cmseos.fnal.gov//store/user/zhangj/events/ALP/RunIISummer17DR94Premix/ALP_m10_w1_htjmin400_RunIISummer17DR94Premix_reMINIAODSIM_Cleaned_25.root
root://cmseos.fnal.gov//store/user/zhangj/events/ALP/RunIISummer17DR94Premix/ALP_m10_w1_htjmin400_RunIISummer17DR94Premix_reMINIAODSIM_Cleaned_25.root
root://cmseos.fnal.gov//store/user/zhangj/events/ALP/RunIISummer17DR94Premix/ALP_m10_w1_htjmin400_RunIISummer17DR94Premix_reMINIAODSIM_Cleaned_26.root
root://cmseos.fnal.gov//store/user/zhangj/events/ALP/RunIISummer17DR94Premix/ALP_m10_w1_htjmin400_RunIISummer17DR94Premix_reMINIAODSIM_Cleaned_26.root
root://cmseos.fnal.gov//store/user/zhangj/events/ALP/RunIISummer17DR94Premix/ALP_m10_w1_htjmin400_RunIISummer17DR94Premix_reMINIAODSIM_Cleaned_27.root
root://cmseos.fnal.gov//store/user/zhangj/events/ALP/RunIISummer17DR94Premix/ALP_m10_w1_htjmin400_RunIISummer17DR94Premix_reMINIAODSIM_Cleaned_27.root
root://cmseos.fnal.gov//store/user/zhangj/events/ALP/RunIISummer17DR94Premix/ALP_m10_w1_htjmin400_RunIISummer17DR94Premix_reMINIAODSIM_Cleaned_28.root
root://cmseos.fnal.gov//store/user/zhangj/events/ALP/RunIISummer17DR94Premix/ALP_m10_w1_htjmin400_RunIISummer17DR94Premix_reMINIAODSIM_Cleaned_28.root
root://cmseos.fnal.gov//store/user/zhangj/events/ALP/RunIISummer17DR94Premix/ALP_m10_w1_htjmin400_RunIISummer17DR94Premix_reMINIAODSIM_Cleaned_29.root
root://cmseos.fnal.gov//store/user/zhangj/events/ALP/RunIISummer17DR94Premix/ALP_m10_w1_htjmin400_RunIISummer17DR94Premix_reMINIAODSIM_Cleaned_29.root
root://cmseos.fnal.gov//store/user/zhangj/events/ALP/RunIISummer17DR94Premix/ALP_m10_w1_htjmin400_RunIISummer17DR94Premix_reMINIAODSIM_Cleaned_3.root
root://cmseos.fnal.gov//store/user/zhangj/events/ALP/RunIISummer17DR94Premix/ALP_m10_w1_htjmin400_RunIISummer17DR94Premix_reMINIAODSIM_Cleaned_3.root
root://cmseos.fnal.gov//store/user/zhangj/events/ALP/RunIISummer17DR94Premix/ALP_m10_w1_htjmin400_RunIISummer17DR94Premix_reMINIAODSIM_Cleaned_30.root
root://cmseos.fnal.gov//store/user/zhangj/events/ALP/RunIISummer17DR94Premix/ALP_m10_w1_htjmin400_RunIISummer17DR94Premix_reMINIAODSIM_Cleaned_30.root
root://cmseos.fnal.gov//store/user/zhangj/events/ALP/RunIISummer17DR94Premix/ALP_m10_w1_htjmin400_RunIISummer17DR94Premix_reMINIAODSIM_Cleaned_31.root
root://cmseos.fnal.gov//store/user/zhangj/events/ALP/RunIISummer17DR94Premix/ALP_m10_w1_htjmin400_RunIISummer17DR94Premix_reMINIAODSIM_Cleaned_31.root
root://cmseos.fnal.gov//store/user/zhangj/events/ALP/RunIISummer17DR94Premix/ALP_m10_w1_htjmin400_RunIISummer17DR94Premix_reMINIAODSIM_Cleaned_32.root
root://cmseos.fnal.gov//store/user/zhangj/events/ALP/RunIISummer17DR94Premix/ALP_m10_w1_htjmin400_RunIISummer17DR94Premix_reMINIAODSIM_Cleaned_32.root
root://cmseos.fnal.gov//store/user/zhangj/events/ALP/RunIISummer17DR94Premix/ALP_m10_w1_htjmin400_RunIISummer17DR94Premix_reMINIAODSIM_Cleaned_33.root
root://cmseos.fnal.gov//store/user/zhangj/events/ALP/RunIISummer17DR94Premix/ALP_m10_w1_htjmin400_RunIISummer17DR94Premix_reMINIAODSIM_Cleaned_33.root
root://cmseos.fnal.gov//store/user/zhangj/events/ALP/RunIISummer17DR94Premix/ALP_m10_w1_htjmin400_RunIISummer17DR94Premix_reMINIAODSIM_Cleaned_34.root
root://cmseos.fnal.gov//store/user/zhangj/events/ALP/RunIISummer17DR94Premix/ALP_m10_w1_htjmin400_RunIISummer17DR94Premix_reMINIAODSIM_Cleaned_34.root
root://cmseos.fnal.gov//store/user/zhangj/events/ALP/RunIISummer17DR94Premix/ALP_m10_w1_htjmin400_RunIISummer17DR94Premix_reMINIAODSIM_Cleaned_35.root
root://cmseos.fnal.gov//store/user/zhangj/events/ALP/RunIISummer17DR94Premix/ALP_m10_w1_htjmin400_RunIISummer17DR94Premix_reMINIAODSIM_Cleaned_35.root
root://cmseos.fnal.gov//store/user/zhangj/events/ALP/RunIISummer17DR94Premix/ALP_m10_w1_htjmin400_RunIISummer17DR94Premix_reMINIAODSIM_Cleaned_36.root
root://cmseos.fnal.gov//store/user/zhangj/events/ALP/RunIISummer17DR94Premix/ALP_m10_w1_htjmin400_RunIISummer17DR94Premix_reMINIAODSIM_Cleaned_36.root
root://cmseos.fnal.gov//store/user/zhangj/events/ALP/RunIISummer17DR94Premix/ALP_m10_w1_htjmin400_RunIISummer17DR94Premix_reMINIAODSIM_Cleaned_37.root
root://cmseos.fnal.gov//store/user/zhangj/events/ALP/RunIISummer17DR94Premix/ALP_m10_w1_htjmin400_RunIISummer17DR94Premix_reMINIAODSIM_Cleaned_37.root
root://cmseos.fnal.gov//store/user/zhangj/events/ALP/RunIISummer17DR94Premix/ALP_m10_w1_htjmin400_RunIISummer17DR94Premix_reMINIAODSIM_Cleaned_38.root
root://cmseos.fnal.gov//store/user/zhangj/events/ALP/RunIISummer17DR94Premix/ALP_m10_w1_htjmin400_RunIISummer17DR94Premix_reMINIAODSIM_Cleaned_38.root
root://cmseos.fnal.gov//store/user/zhangj/events/ALP/RunIISummer17DR94Premix/ALP_m10_w1_htjmin400_RunIISummer17DR94Premix_reMINIAODSIM_Cleaned_39.root
root://cmseos.fnal.gov//store/user/zhangj/events/ALP/RunIISummer17DR94Premix/ALP_m10_w1_htjmin400_RunIISummer17DR94Premix_reMINIAODSIM_Cleaned_39.root
root://cmseos.fnal.gov//store/user/zhangj/events/ALP/RunIISummer17DR94Premix/ALP_m10_w1_htjmin400_RunIISummer17DR94Premix_reMINIAODSIM_Cleaned_4.root
root://cmseos.fnal.gov//store/user/zhangj/events/ALP/RunIISummer17DR94Premix/ALP_m10_w1_htjmin400_RunIISummer17DR94Premix_reMINIAODSIM_Cleaned_4.root
root://cmseos.fnal.gov//store/user/zhangj/events/ALP/RunIISummer17DR94Premix/ALP_m10_w1_htjmin400_RunIISummer17DR94Premix_reMINIAODSIM_Cleaned_40.root
root://cmseos.fnal.gov//store/user/zhangj/events/ALP/RunIISummer17DR94Premix/ALP_m10_w1_htjmin400_RunIISummer17DR94Premix_reMINIAODSIM_Cleaned_40.root
root://cmseos.fnal.gov//store/user/zhangj/events/ALP/RunIISummer17DR94Premix/ALP_m10_w1_htjmin400_RunIISummer17DR94Premix_reMINIAODSIM_Cleaned_41.root
root://cmseos.fnal.gov//store/user/zhangj/events/ALP/RunIISummer17DR94Premix/ALP_m10_w1_htjmin400_RunIISummer17DR94Premix_reMINIAODSIM_Cleaned_41.root
root://cmseos.fnal.gov//store/user/zhangj/events/ALP/RunIISummer17DR94Premix/ALP_m10_w1_htjmin400_RunIISummer17DR94Premix_reMINIAODSIM_Cleaned_42.root
root://cmseos.fnal.gov//store/user/zhangj/events/ALP/RunIISummer17DR94Premix/ALP_m10_w1_htjmin400_RunIISummer17DR94Premix_reMINIAODSIM_Cleaned_42.root
root://cmseos.fnal.gov//store/user/zhangj/events/ALP/RunIISummer17DR94Premix/ALP_m10_w1_htjmin400_RunIISummer17DR94Premix_reMINIAODSIM_Cleaned_43.root
root://cmseos.fnal.gov//store/user/zhangj/events/ALP/RunIISummer17DR94Premix/ALP_m10_w1_htjmin400_RunIISummer17DR94Premix_reMINIAODSIM_Cleaned_43.root
root://cmseos.fnal.gov//store/user/zhangj/events/ALP/RunIISummer17DR94Premix/ALP_m10_w1_htjmin400_RunIISummer17DR94Premix_reMINIAODSIM_Cleaned_44.root
root://cmseos.fnal.gov//store/user/zhangj/events/ALP/RunIISummer17DR94Premix/ALP_m10_w1_htjmin400_RunIISummer17DR94Premix_reMINIAODSIM_Cleaned_44.root
root://cmseos.fnal.gov//store/user/zhangj/events/ALP/RunIISummer17DR94Premix/ALP_m10_w1_htjmin400_RunIISummer17DR94Premix_reMINIAODSIM_Cleaned_45.root
root://cmseos.fnal.gov//store/user/zhangj/events/ALP/RunIISummer17DR94Premix/ALP_m10_w1_htjmin400_RunIISummer17DR94Premix_reMINIAODSIM_Cleaned_45.root
root://cmseos.fnal.gov//store/user/zhangj/events/ALP/RunIISummer17DR94Premix/ALP_m10_w1_htjmin400_RunIISummer17DR94Premix_reMINIAODSIM_Cleaned_46.root
root://cmseos.fnal.gov//store/user/zhangj/events/ALP/RunIISummer17DR94Premix/ALP_m10_w1_htjmin400_RunIISummer17DR94Premix_reMINIAODSIM_Cleaned_46.root
root://cmseos.fnal.gov//store/user/zhangj/events/ALP/RunIISummer17DR94Premix/ALP_m10_w1_htjmin400_RunIISummer17DR94Premix_reMINIAODSIM_Cleaned_47.root
root://cmseos.fnal.gov//store/user/zhangj/events/ALP/RunIISummer17DR94Premix/ALP_m10_w1_htjmin400_RunIISummer17DR94Premix_reMINIAODSIM_Cleaned_47.root
root://cmseos.fnal.gov//store/user/zhangj/events/ALP/RunIISummer17DR94Premix/ALP_m10_w1_htjmin400_RunIISummer17DR94Premix_reMINIAODSIM_Cleaned_48.root
root://cmseos.fnal.gov//store/user/zhangj/events/ALP/RunIISummer17DR94Premix/ALP_m10_w1_htjmin400_RunIISummer17DR94Premix_reMINIAODSIM_Cleaned_48.root
root://cmseos.fnal.gov//store/user/zhangj/events/ALP/RunIISummer17DR94Premix/ALP_m10_w1_htjmin400_RunIISummer17DR94Premix_reMINIAODSIM_Cleaned_49.root
root://cmseos.fnal.gov//store/user/zhangj/events/ALP/RunIISummer17DR94Premix/ALP_m10_w1_htjmin400_RunIISummer17DR94Premix_reMINIAODSIM_Cleaned_49.root
root://cmseos.fnal.gov//store/user/zhangj/events/ALP/RunIISummer17DR94Premix/ALP_m10_w1_htjmin400_RunIISummer17DR94Premix_reMINIAODSIM_Cleaned_5.root
root://cmseos.fnal.gov//store/user/zhangj/events/ALP/RunIISummer17DR94Premix/ALP_m10_w1_htjmin400_RunIISummer17DR94Premix_reMINIAODSIM_Cleaned_5.root
root://cmseos.fnal.gov//store/user/zhangj/events/ALP/RunIISummer17DR94Premix/ALP_m10_w1_htjmin400_RunIISummer17DR94Premix_reMINIAODSIM_Cleaned_50.root
root://cmseos.fnal.gov//store/user/zhangj/events/ALP/RunIISummer17DR94Premix/ALP_m10_w1_htjmin400_RunIISummer17DR94Premix_reMINIAODSIM_Cleaned_50.root
root://cmseos.fnal.gov//store/user/zhangj/events/ALP/RunIISummer17DR94Premix/ALP_m10_w1_htjmin400_RunIISummer17DR94Premix_reMINIAODSIM_Cleaned_51.root
root://cmseos.fnal.gov//store/user/zhangj/events/ALP/RunIISummer17DR94Premix/ALP_m10_w1_htjmin400_RunIISummer17DR94Premix_reMINIAODSIM_Cleaned_51.root
root://cmseos.fnal.gov//store/user/zhangj/events/ALP/RunIISummer17DR94Premix/ALP_m10_w1_htjmin400_RunIISummer17DR94Premix_reMINIAODSIM_Cleaned_52.root
root://cmseos.fnal.gov//store/user/zhangj/events/ALP/RunIISummer17DR94Premix/ALP_m10_w1_htjmin400_RunIISummer17DR94Premix_reMINIAODSIM_Cleaned_52.root
root://cmseos.fnal.gov//store/user/zhangj/events/ALP/RunIISummer17DR94Premix/ALP_m10_w1_htjmin400_RunIISummer17DR94Premix_reMINIAODSIM_Cleaned_53.root
root://cmseos.fnal.gov//store/user/zhangj/events/ALP/RunIISummer17DR94Premix/ALP_m10_w1_htjmin400_RunIISummer17DR94Premix_reMINIAODSIM_Cleaned_53.root
