[702.2kB/702.2kB][100%][==================================================][702.2kB/s]  [702.2kB/702.2kB][100%][==================================================][702.2kB/s]  
Error in <TNetXNGFile::ReadBuffer>: [ERROR] Server responded with an error: [3005] Unable to read /store/mc/RunIIFall17MiniAODv2/QCD_HT1000to1500_TuneCP5_13TeV-madgraph-pythia8/MINIAODSIM/PU2017_12Apr2018_new_pmx_94X_mc2017_realistic_v14-v1/20000/EE72C69D-1694-E811-B107-AC1F6B1E303E.root; unknown error 255

Error in <TNetXNGFile::Init>: root://cmsxrootd.fnal.gov//store/mc/RunIIFall17MiniAODv2/QCD_HT1000to1500_TuneCP5_13TeV-madgraph-pythia8/MINIAODSIM/PU2017_12Apr2018_new_pmx_94X_mc2017_realistic_v14-v1/20000/EE72C69D-1694-E811-B107-AC1F6B1E303E.root failed to read the file type data.
Error in <TNetXNGFile::TNetXNGFile>: Object is in 'zombie' state

 *** Break *** segmentation violation



===========================================================
There was a crash.
This is the entire stack trace of all threads:
===========================================================

Thread 6 (Thread 0x7f2bcbcd8700 (LWP 231)):
#0  0x00007f2bdbb27bf9 in syscall () from /lib64/libc.so.6
#1  0x00007f2bcdfd689f in XrdSys::LinuxSemaphore::Wait (this=0x3688e20) at /build/cmsbld/auto-builds/CMSSW_9_4_0_pre1-slc7_amd64_gcc630/build/CMSSW_9_4_0_pre1-build/BUILD/slc7_amd64_gcc630/external/xrootd/4.6.1-fmblme/xrootd-4.6.1/src/./XrdSys/XrdSysLinuxSemaphore.hh:161
#2  XrdCl::SyncQueue<XrdCl::JobManager::JobHelper>::Get (this=0xb99958) at /build/cmsbld/auto-builds/CMSSW_9_4_0_pre1-slc7_amd64_gcc630/build/CMSSW_9_4_0_pre1-build/BUILD/slc7_amd64_gcc630/external/xrootd/4.6.1-fmblme/xrootd-4.6.1/src/./XrdCl/XrdClSyncQueue.hh:67
#3  XrdCl::JobManager::RunJobs (this=0xb99940) at /build/cmsbld/auto-builds/CMSSW_9_4_0_pre1-slc7_amd64_gcc630/build/CMSSW_9_4_0_pre1-build/BUILD/slc7_amd64_gcc630/external/xrootd/4.6.1-fmblme/xrootd-4.6.1/src/XrdCl/XrdClJobManager.cc:146
#4  0x00007f2bcdfd6a59 in RunRunnerThread (arg=<optimized out>) at /build/cmsbld/auto-builds/CMSSW_9_4_0_pre1-slc7_amd64_gcc630/build/CMSSW_9_4_0_pre1-build/BUILD/slc7_amd64_gcc630/external/xrootd/4.6.1-fmblme/xrootd-4.6.1/src/XrdCl/XrdClJobManager.cc:33
#5  0x00007f2bdc50dea5 in start_thread () from /lib64/libpthread.so.0
#6  0x00007f2bdbb2d8dd in clone () from /lib64/libc.so.6

Thread 5 (Thread 0x7f2bcc4d9700 (LWP 230)):
#0  0x00007f2bdbb27bf9 in syscall () from /lib64/libc.so.6
#1  0x00007f2bcdfd689f in XrdSys::LinuxSemaphore::Wait (this=0x3688e20) at /build/cmsbld/auto-builds/CMSSW_9_4_0_pre1-slc7_amd64_gcc630/build/CMSSW_9_4_0_pre1-build/BUILD/slc7_amd64_gcc630/external/xrootd/4.6.1-fmblme/xrootd-4.6.1/src/./XrdSys/XrdSysLinuxSemaphore.hh:161
#2  XrdCl::SyncQueue<XrdCl::JobManager::JobHelper>::Get (this=0xb99958) at /build/cmsbld/auto-builds/CMSSW_9_4_0_pre1-slc7_amd64_gcc630/build/CMSSW_9_4_0_pre1-build/BUILD/slc7_amd64_gcc630/external/xrootd/4.6.1-fmblme/xrootd-4.6.1/src/./XrdCl/XrdClSyncQueue.hh:67
#3  XrdCl::JobManager::RunJobs (this=0xb99940) at /build/cmsbld/auto-builds/CMSSW_9_4_0_pre1-slc7_amd64_gcc630/build/CMSSW_9_4_0_pre1-build/BUILD/slc7_amd64_gcc630/external/xrootd/4.6.1-fmblme/xrootd-4.6.1/src/XrdCl/XrdClJobManager.cc:146
#4  0x00007f2bcdfd6a59 in RunRunnerThread (arg=<optimized out>) at /build/cmsbld/auto-builds/CMSSW_9_4_0_pre1-slc7_amd64_gcc630/build/CMSSW_9_4_0_pre1-build/BUILD/slc7_amd64_gcc630/external/xrootd/4.6.1-fmblme/xrootd-4.6.1/src/XrdCl/XrdClJobManager.cc:33
#5  0x00007f2bdc50dea5 in start_thread () from /lib64/libpthread.so.0
#6  0x00007f2bdbb2d8dd in clone () from /lib64/libc.so.6

Thread 4 (Thread 0x7f2bcccda700 (LWP 229)):
#0  0x00007f2bdbb27bf9 in syscall () from /lib64/libc.so.6
#1  0x00007f2bcdfd689f in XrdSys::LinuxSemaphore::Wait (this=0x3688e20) at /build/cmsbld/auto-builds/CMSSW_9_4_0_pre1-slc7_amd64_gcc630/build/CMSSW_9_4_0_pre1-build/BUILD/slc7_amd64_gcc630/external/xrootd/4.6.1-fmblme/xrootd-4.6.1/src/./XrdSys/XrdSysLinuxSemaphore.hh:161
#2  XrdCl::SyncQueue<XrdCl::JobManager::JobHelper>::Get (this=0xb99958) at /build/cmsbld/auto-builds/CMSSW_9_4_0_pre1-slc7_amd64_gcc630/build/CMSSW_9_4_0_pre1-build/BUILD/slc7_amd64_gcc630/external/xrootd/4.6.1-fmblme/xrootd-4.6.1/src/./XrdCl/XrdClSyncQueue.hh:67
#3  XrdCl::JobManager::RunJobs (this=0xb99940) at /build/cmsbld/auto-builds/CMSSW_9_4_0_pre1-slc7_amd64_gcc630/build/CMSSW_9_4_0_pre1-build/BUILD/slc7_amd64_gcc630/external/xrootd/4.6.1-fmblme/xrootd-4.6.1/src/XrdCl/XrdClJobManager.cc:146
#4  0x00007f2bcdfd6a59 in RunRunnerThread (arg=<optimized out>) at /build/cmsbld/auto-builds/CMSSW_9_4_0_pre1-slc7_amd64_gcc630/build/CMSSW_9_4_0_pre1-build/BUILD/slc7_amd64_gcc630/external/xrootd/4.6.1-fmblme/xrootd-4.6.1/src/XrdCl/XrdClJobManager.cc:33
#5  0x00007f2bdc50dea5 in start_thread () from /lib64/libpthread.so.0
#6  0x00007f2bdbb2d8dd in clone () from /lib64/libc.so.6

Thread 3 (Thread 0x7f2bcd4db700 (LWP 228)):
#0  0x00007f2bdc514e9d in nanosleep () from /lib64/libpthread.so.0
#1  0x00007f2bce0db753 in XrdSysTimer::Wait (mills=<optimized out>) at /build/cmsbld/auto-builds/CMSSW_9_4_0_pre1-slc7_amd64_gcc630/build/CMSSW_9_4_0_pre1-build/BUILD/slc7_amd64_gcc630/external/xrootd/4.6.1-fmblme/xrootd-4.6.1/src/XrdSys/XrdSysTimer.cc:239
#2  0x00007f2bcdf7b627 in XrdCl::TaskManager::RunTasks (this=0x36396f0) at /build/cmsbld/auto-builds/CMSSW_9_4_0_pre1-slc7_amd64_gcc630/build/CMSSW_9_4_0_pre1-build/BUILD/slc7_amd64_gcc630/external/xrootd/4.6.1-fmblme/xrootd-4.6.1/src/XrdCl/XrdClTaskManager.cc:244
#3  0x00007f2bcdf7b779 in RunRunnerThread (arg=<optimized out>) at /build/cmsbld/auto-builds/CMSSW_9_4_0_pre1-slc7_amd64_gcc630/build/CMSSW_9_4_0_pre1-build/BUILD/slc7_amd64_gcc630/external/xrootd/4.6.1-fmblme/xrootd-4.6.1/src/XrdCl/XrdClTaskManager.cc:37
#4  0x00007f2bdc50dea5 in start_thread () from /lib64/libpthread.so.0
#5  0x00007f2bdbb2d8dd in clone () from /lib64/libc.so.6

Thread 2 (Thread 0x7f2bcdcdc700 (LWP 227)):
#0  0x00007f2bdbb2deb3 in epoll_wait () from /lib64/libc.so.6
#1  0x00007f2bce0e0804 in XrdSys::IOEvents::PollE::Begin (this=0x3630990, syncsem=<optimized out>, retcode=<optimized out>, eTxt=<optimized out>) at /build/cmsbld/auto-builds/CMSSW_9_4_0_pre1-slc7_amd64_gcc630/build/CMSSW_9_4_0_pre1-build/BUILD/slc7_amd64_gcc630/external/xrootd/4.6.1-fmblme/xrootd-4.6.1/src/./XrdSys/XrdSysIOEventsPollE.icc:213
#2  0x00007f2bce0dce75 in XrdSys::IOEvents::BootStrap::Start (parg=0x7ffcc5dc83a0) at /build/cmsbld/auto-builds/CMSSW_9_4_0_pre1-slc7_amd64_gcc630/build/CMSSW_9_4_0_pre1-build/BUILD/slc7_amd64_gcc630/external/xrootd/4.6.1-fmblme/xrootd-4.6.1/src/XrdSys/XrdSysIOEvents.cc:131
#3  0x00007f2bce0daf78 in XrdSysThread_Xeq (myargs=0x3606e30) at /build/cmsbld/auto-builds/CMSSW_9_4_0_pre1-slc7_amd64_gcc630/build/CMSSW_9_4_0_pre1-build/BUILD/slc7_amd64_gcc630/external/xrootd/4.6.1-fmblme/xrootd-4.6.1/src/XrdSys/XrdSysPthread.cc:86
#4  0x00007f2bdc50dea5 in start_thread () from /lib64/libpthread.so.0
#5  0x00007f2bdbb2d8dd in clone () from /lib64/libc.so.6

Thread 1 (Thread 0x7f2bdcb37740 (LWP 203)):
#0  0x00007f2bdbaf44b9 in waitpid () from /lib64/libc.so.6
#1  0x00007f2bdba71f62 in do_system () from /lib64/libc.so.6
#2  0x00007f2bdba72311 in system () from /lib64/libc.so.6
#3  0x00007f2bdb05e702 in TUnixSystem::StackTrace() () from /cvmfs/cms.cern.ch/slc7_amd64_gcc630/cms/cmssw/CMSSW_9_4_13/external/slc7_amd64_gcc630/lib/libCore.so
#4  0x00007f2bdb060bac in TUnixSystem::DispatchSignals(ESignals) () from /cvmfs/cms.cern.ch/slc7_amd64_gcc630/cms/cmssw/CMSSW_9_4_13/external/slc7_amd64_gcc630/lib/libCore.so
#5  <signal handler called>
#6  0x00007f2bc8401c08 in fwlite::ChainEvent::ChainEvent(std::vector<std::__cxx11::basic_string<char, std::char_traits<char>, std::allocator<char> >, std::allocator<std::__cxx11::basic_string<char, std::char_traits<char>, std::allocator<char> > > > const&) () from /cvmfs/cms.cern.ch/slc7_amd64_gcc630/cms/cmssw/CMSSW_9_4_13/lib/slc7_amd64_gcc630/libDataFormatsFWLite.so
#7  0x00007f2bc83e204b in ?? ()
#8  0x00007f2bc83e2010 in ?? ()
#9  0x00007ffcc5dc9e60 in ?? ()
#10 0x0000000000000056 in ?? ()
#11 0x00007f2bdb9c6554 in ?? () from /cvmfs/cms.cern.ch/slc7_amd64_gcc630/lcg/root/6.10.08-fmblme2/lib/libPyROOT.so
#12 0x00007ffcc5dc9a30 in ?? ()
#13 0x00007f2bdb98e811 in FastCall(long, void*, void*, void*) () from /cvmfs/cms.cern.ch/slc7_amd64_gcc630/lcg/root/6.10.08-fmblme2/lib/libPyROOT.so
===========================================================


The lines below might hint at the cause of the crash.
You may get help by asking at the ROOT forum http://root.cern.ch/forum.
Only if you are really convinced it is a bug in ROOT then please submit a
report at http://root.cern.ch/bugs. Please post the ENTIRE stack trace
from above as an attachment in addition to anything else
that might help us fixing this issue.
===========================================================
#6  0x00007f2bc8401c08 in fwlite::ChainEvent::ChainEvent(std::vector<std::__cxx11::basic_string<char, std::char_traits<char>, std::allocator<char> >, std::allocator<std::__cxx11::basic_string<char, std::char_traits<char>, std::allocator<char> > > > const&) () from /cvmfs/cms.cern.ch/slc7_amd64_gcc630/cms/cmssw/CMSSW_9_4_13/lib/slc7_amd64_gcc630/libDataFormatsFWLite.so
#7  0x00007f2bc83e204b in ?? ()
#8  0x00007f2bc83e2010 in ?? ()
#9  0x00007ffcc5dc9e60 in ?? ()
#10 0x0000000000000056 in ?? ()
#11 0x00007f2bdb9c6554 in ?? () from /cvmfs/cms.cern.ch/slc7_amd64_gcc630/lcg/root/6.10.08-fmblme2/lib/libPyROOT.so
#12 0x00007ffcc5dc9a30 in ?? ()
#13 0x00007f2bdb98e811 in FastCall(long, void*, void*, void*) () from /cvmfs/cms.cern.ch/slc7_amd64_gcc630/lcg/root/6.10.08-fmblme2/lib/libPyROOT.so
===========================================================


Error in <TNetXNGFile::ReadBuffer>: [ERROR] Server responded with an error: [3005] Unable to read /store/mc/RunIIFall17MiniAODv2/QCD_HT1000to1500_TuneCP5_13TeV-madgraph-pythia8/MINIAODSIM/PU2017_12Apr2018_new_pmx_94X_mc2017_realistic_v14-v1/20000/EE72C69D-1694-E811-B107-AC1F6B1E303E.root; unknown error 255

Error in <TNetXNGFile::Init>: root://cmsxrootd.fnal.gov//store/mc/RunIIFall17MiniAODv2/QCD_HT1000to1500_TuneCP5_13TeV-madgraph-pythia8/MINIAODSIM/PU2017_12Apr2018_new_pmx_94X_mc2017_realistic_v14-v1/20000/EE72C69D-1694-E811-B107-AC1F6B1E303E.root failed to read the file type data.
Error in <TNetXNGFile::TNetXNGFile>: Object is in 'zombie' state

 *** Break *** segmentation violation



===========================================================
There was a crash.
This is the entire stack trace of all threads:
===========================================================

Thread 6 (Thread 0x7f2bcbcd8700 (LWP 231)):
#0  0x00007f2bdbb27bf9 in syscall () from /lib64/libc.so.6
#1  0x00007f2bcdfd689f in XrdSys::LinuxSemaphore::Wait (this=0x3688e20) at /build/cmsbld/auto-builds/CMSSW_9_4_0_pre1-slc7_amd64_gcc630/build/CMSSW_9_4_0_pre1-build/BUILD/slc7_amd64_gcc630/external/xrootd/4.6.1-fmblme/xrootd-4.6.1/src/./XrdSys/XrdSysLinuxSemaphore.hh:161
#2  XrdCl::SyncQueue<XrdCl::JobManager::JobHelper>::Get (this=0xb99958) at /build/cmsbld/auto-builds/CMSSW_9_4_0_pre1-slc7_amd64_gcc630/build/CMSSW_9_4_0_pre1-build/BUILD/slc7_amd64_gcc630/external/xrootd/4.6.1-fmblme/xrootd-4.6.1/src/./XrdCl/XrdClSyncQueue.hh:67
#3  XrdCl::JobManager::RunJobs (this=0xb99940) at /build/cmsbld/auto-builds/CMSSW_9_4_0_pre1-slc7_amd64_gcc630/build/CMSSW_9_4_0_pre1-build/BUILD/slc7_amd64_gcc630/external/xrootd/4.6.1-fmblme/xrootd-4.6.1/src/XrdCl/XrdClJobManager.cc:146
#4  0x00007f2bcdfd6a59 in RunRunnerThread (arg=<optimized out>) at /build/cmsbld/auto-builds/CMSSW_9_4_0_pre1-slc7_amd64_gcc630/build/CMSSW_9_4_0_pre1-build/BUILD/slc7_amd64_gcc630/external/xrootd/4.6.1-fmblme/xrootd-4.6.1/src/XrdCl/XrdClJobManager.cc:33
#5  0x00007f2bdc50dea5 in start_thread () from /lib64/libpthread.so.0
#6  0x00007f2bdbb2d8dd in clone () from /lib64/libc.so.6

Thread 5 (Thread 0x7f2bcc4d9700 (LWP 230)):
#0  0x00007f2bdbb27bf9 in syscall () from /lib64/libc.so.6
#1  0x00007f2bcdfd689f in XrdSys::LinuxSemaphore::Wait (this=0x3688e20) at /build/cmsbld/auto-builds/CMSSW_9_4_0_pre1-slc7_amd64_gcc630/build/CMSSW_9_4_0_pre1-build/BUILD/slc7_amd64_gcc630/external/xrootd/4.6.1-fmblme/xrootd-4.6.1/src/./XrdSys/XrdSysLinuxSemaphore.hh:161
#2  XrdCl::SyncQueue<XrdCl::JobManager::JobHelper>::Get (this=0xb99958) at /build/cmsbld/auto-builds/CMSSW_9_4_0_pre1-slc7_amd64_gcc630/build/CMSSW_9_4_0_pre1-build/BUILD/slc7_amd64_gcc630/external/xrootd/4.6.1-fmblme/xrootd-4.6.1/src/./XrdCl/XrdClSyncQueue.hh:67
#3  XrdCl::JobManager::RunJobs (this=0xb99940) at /build/cmsbld/auto-builds/CMSSW_9_4_0_pre1-slc7_amd64_gcc630/build/CMSSW_9_4_0_pre1-build/BUILD/slc7_amd64_gcc630/external/xrootd/4.6.1-fmblme/xrootd-4.6.1/src/XrdCl/XrdClJobManager.cc:146
#4  0x00007f2bcdfd6a59 in RunRunnerThread (arg=<optimized out>) at /build/cmsbld/auto-builds/CMSSW_9_4_0_pre1-slc7_amd64_gcc630/build/CMSSW_9_4_0_pre1-build/BUILD/slc7_amd64_gcc630/external/xrootd/4.6.1-fmblme/xrootd-4.6.1/src/XrdCl/XrdClJobManager.cc:33
#5  0x00007f2bdc50dea5 in start_thread () from /lib64/libpthread.so.0
#6  0x00007f2bdbb2d8dd in clone () from /lib64/libc.so.6

Thread 4 (Thread 0x7f2bcccda700 (LWP 229)):
#0  0x00007f2bdbb27bf9 in syscall () from /lib64/libc.so.6
#1  0x00007f2bcdfd689f in XrdSys::LinuxSemaphore::Wait (this=0x3688e20) at /build/cmsbld/auto-builds/CMSSW_9_4_0_pre1-slc7_amd64_gcc630/build/CMSSW_9_4_0_pre1-build/BUILD/slc7_amd64_gcc630/external/xrootd/4.6.1-fmblme/xrootd-4.6.1/src/./XrdSys/XrdSysLinuxSemaphore.hh:161
#2  XrdCl::SyncQueue<XrdCl::JobManager::JobHelper>::Get (this=0xb99958) at /build/cmsbld/auto-builds/CMSSW_9_4_0_pre1-slc7_amd64_gcc630/build/CMSSW_9_4_0_pre1-build/BUILD/slc7_amd64_gcc630/external/xrootd/4.6.1-fmblme/xrootd-4.6.1/src/./XrdCl/XrdClSyncQueue.hh:67
#3  XrdCl::JobManager::RunJobs (this=0xb99940) at /build/cmsbld/auto-builds/CMSSW_9_4_0_pre1-slc7_amd64_gcc630/build/CMSSW_9_4_0_pre1-build/BUILD/slc7_amd64_gcc630/external/xrootd/4.6.1-fmblme/xrootd-4.6.1/src/XrdCl/XrdClJobManager.cc:146
#4  0x00007f2bcdfd6a59 in RunRunnerThread (arg=<optimized out>) at /build/cmsbld/auto-builds/CMSSW_9_4_0_pre1-slc7_amd64_gcc630/build/CMSSW_9_4_0_pre1-build/BUILD/slc7_amd64_gcc630/external/xrootd/4.6.1-fmblme/xrootd-4.6.1/src/XrdCl/XrdClJobManager.cc:33
#5  0x00007f2bdc50dea5 in start_thread () from /lib64/libpthread.so.0
#6  0x00007f2bdbb2d8dd in clone () from /lib64/libc.so.6

Thread 3 (Thread 0x7f2bcd4db700 (LWP 228)):
#0  0x00007f2bdc514e9d in nanosleep () from /lib64/libpthread.so.0
#1  0x00007f2bce0db753 in XrdSysTimer::Wait (mills=<optimized out>) at /build/cmsbld/auto-builds/CMSSW_9_4_0_pre1-slc7_amd64_gcc630/build/CMSSW_9_4_0_pre1-build/BUILD/slc7_amd64_gcc630/external/xrootd/4.6.1-fmblme/xrootd-4.6.1/src/XrdSys/XrdSysTimer.cc:239
#2  0x00007f2bcdf7b627 in XrdCl::TaskManager::RunTasks (this=0x36396f0) at /build/cmsbld/auto-builds/CMSSW_9_4_0_pre1-slc7_amd64_gcc630/build/CMSSW_9_4_0_pre1-build/BUILD/slc7_amd64_gcc630/external/xrootd/4.6.1-fmblme/xrootd-4.6.1/src/XrdCl/XrdClTaskManager.cc:244
#3  0x00007f2bcdf7b779 in RunRunnerThread (arg=<optimized out>) at /build/cmsbld/auto-builds/CMSSW_9_4_0_pre1-slc7_amd64_gcc630/build/CMSSW_9_4_0_pre1-build/BUILD/slc7_amd64_gcc630/external/xrootd/4.6.1-fmblme/xrootd-4.6.1/src/XrdCl/XrdClTaskManager.cc:37
#4  0x00007f2bdc50dea5 in start_thread () from /lib64/libpthread.so.0
#5  0x00007f2bdbb2d8dd in clone () from /lib64/libc.so.6

Thread 2 (Thread 0x7f2bcdcdc700 (LWP 227)):
#0  0x00007f2bdbb2deb3 in epoll_wait () from /lib64/libc.so.6
#1  0x00007f2bce0e0804 in XrdSys::IOEvents::PollE::Begin (this=0x3630990, syncsem=<optimized out>, retcode=<optimized out>, eTxt=<optimized out>) at /build/cmsbld/auto-builds/CMSSW_9_4_0_pre1-slc7_amd64_gcc630/build/CMSSW_9_4_0_pre1-build/BUILD/slc7_amd64_gcc630/external/xrootd/4.6.1-fmblme/xrootd-4.6.1/src/./XrdSys/XrdSysIOEventsPollE.icc:213
#2  0x00007f2bce0dce75 in XrdSys::IOEvents::BootStrap::Start (parg=0x7ffcc5dc83a0) at /build/cmsbld/auto-builds/CMSSW_9_4_0_pre1-slc7_amd64_gcc630/build/CMSSW_9_4_0_pre1-build/BUILD/slc7_amd64_gcc630/external/xrootd/4.6.1-fmblme/xrootd-4.6.1/src/XrdSys/XrdSysIOEvents.cc:131
#3  0x00007f2bce0daf78 in XrdSysThread_Xeq (myargs=0x3606e30) at /build/cmsbld/auto-builds/CMSSW_9_4_0_pre1-slc7_amd64_gcc630/build/CMSSW_9_4_0_pre1-build/BUILD/slc7_amd64_gcc630/external/xrootd/4.6.1-fmblme/xrootd-4.6.1/src/XrdSys/XrdSysPthread.cc:86
#4  0x00007f2bdc50dea5 in start_thread () from /lib64/libpthread.so.0
#5  0x00007f2bdbb2d8dd in clone () from /lib64/libc.so.6

Thread 1 (Thread 0x7f2bdcb37740 (LWP 203)):
#0  0x00007f2bdbaf44b9 in waitpid () from /lib64/libc.so.6
#1  0x00007f2bdba71f62 in do_system () from /lib64/libc.so.6
#2  0x00007f2bdba72311 in system () from /lib64/libc.so.6
#3  0x00007f2bdb05e702 in TUnixSystem::StackTrace() () from /cvmfs/cms.cern.ch/slc7_amd64_gcc630/cms/cmssw/CMSSW_9_4_13/external/slc7_amd64_gcc630/lib/libCore.so
#4  0x00007f2bdb060bac in TUnixSystem::DispatchSignals(ESignals) () from /cvmfs/cms.cern.ch/slc7_amd64_gcc630/cms/cmssw/CMSSW_9_4_13/external/slc7_amd64_gcc630/lib/libCore.so
#5  <signal handler called>
#6  0x00007f2bc8401c08 in fwlite::ChainEvent::ChainEvent(std::vector<std::__cxx11::basic_string<char, std::char_traits<char>, std::allocator<char> >, std::allocator<std::__cxx11::basic_string<char, std::char_traits<char>, std::allocator<char> > > > const&) () from /cvmfs/cms.cern.ch/slc7_amd64_gcc630/cms/cmssw/CMSSW_9_4_13/lib/slc7_amd64_gcc630/libDataFormatsFWLite.so
#7  0x00007f2bc83e204b in ?? ()
#8  0x00007f2bc83e2010 in ?? ()
#9  0x00007ffcc5dc9e60 in ?? ()
#10 0x0000000000000056 in ?? ()
#11 0x00007f2bdb9c6554 in ?? () from /cvmfs/cms.cern.ch/slc7_amd64_gcc630/lcg/root/6.10.08-fmblme2/lib/libPyROOT.so
#12 0x00007ffcc5dc9a30 in ?? ()
#13 0x00007f2bdb98e811 in FastCall(long, void*, void*, void*) () from /cvmfs/cms.cern.ch/slc7_amd64_gcc630/lcg/root/6.10.08-fmblme2/lib/libPyROOT.so
===========================================================


The lines below might hint at the cause of the crash.
You may get help by asking at the ROOT forum http://root.cern.ch/forum.
Only if you are really convinced it is a bug in ROOT then please submit a
report at http://root.cern.ch/bugs. Please post the ENTIRE stack trace
from above as an attachment in addition to anything else
that might help us fixing this issue.
===========================================================
#6  0x00007f2bc8401c08 in fwlite::ChainEvent::ChainEvent(std::vector<std::__cxx11::basic_string<char, std::char_traits<char>, std::allocator<char> >, std::allocator<std::__cxx11::basic_string<char, std::char_traits<char>, std::allocator<char> > > > const&) () from /cvmfs/cms.cern.ch/slc7_amd64_gcc630/cms/cmssw/CMSSW_9_4_13/lib/slc7_amd64_gcc630/libDataFormatsFWLite.so
#7  0x00007f2bc83e204b in ?? ()
#8  0x00007f2bc83e2010 in ?? ()
#9  0x00007ffcc5dc9e60 in ?? ()
#10 0x0000000000000056 in ?? ()
#11 0x00007f2bdb9c6554 in ?? () from /cvmfs/cms.cern.ch/slc7_amd64_gcc630/lcg/root/6.10.08-fmblme2/lib/libPyROOT.so
#12 0x00007ffcc5dc9a30 in ?? ()
#13 0x00007f2bdb98e811 in FastCall(long, void*, void*, void*) () from /cvmfs/cms.cern.ch/slc7_amd64_gcc630/lcg/root/6.10.08-fmblme2/lib/libPyROOT.so
===========================================================


Traceback (most recent call last):
  File "./BoostedDiTauReco/plotRecoIdEffQCD.py", line 224, in <module>
    for event in events:
  File "/cvmfs/cms.cern.ch/slc7_amd64_gcc630/cms/cmssw/CMSSW_9_4_13/python/DataFormats/FWLite/__init__.py", line 663, in _next
    self._createFWLiteEvent()
  File "/cvmfs/cms.cern.ch/slc7_amd64_gcc630/cms/cmssw/CMSSW_9_4_13/python/DataFormats/FWLite/__init__.py", line 655, in _createFWLiteEvent
    self._event = ROOT.fwlite.ChainEvent (filenamesSVec)
TypeError: none of the 2 overloaded methods succeeded. Full details:
  fwlite::ChainEvent::fwlite::ChainEvent(const vector<string>& iFileNames) =>
    problem in C++; program state has been reset
  fwlite::ChainEvent::fwlite::ChainEvent(const fwlite::ChainEvent&) =>
    could not convert argument 1
Error in <TNetXNGFile::Close>: [ERROR] Invalid session
Error in <TNetXNGFile::Close>: [ERROR] Invalid session
