[FERMIHTC-SINGULARITY]: INFO -- No Singulariy image specified
[FERMIHTC-SINGULARITY]: INFO -- Running job on the host machine

[FERMIHTC-SINGULARITY]: INFO -- Running ./condor_exec.exe ./BoostedDiTauReco/plotRecoIdEffQCD.py ./BoostedDiTauReco/filelists/QCD94/HT500to700/QCD_HT500to700_7.txt eff QCD
Starting job on  Wed Jun 17 23:52:18 UTC 2020
Running on: Linux nbower-7483269-0-cmswn1859.fnal.gov 3.10.0-1127.el7.x86_64 #1 SMP Wed Apr 1 12:25:50 CDT 2020 x86_64 x86_64 x86_64 GNU/Linux
System software: Scientific Linux release 7.8 (Nitrogen)
Reading cached build data
Done: ProjectRename
BoostedDiTauReco
condor.jdl
condorOut
docker_stderror
eosHadd.py
eosHadd.py~
graphs
HoverE_EE
makeTeff.py
makeTeff.py~
newgraphs
newQCD
oldgraphs
Out
plotHoverE.py
plotHoverE.py~
plots
QCD_eff_plots
QCD_var_plots
README.md
run_condor.csh
SignalGeneration
submit_condor.csh
submit_condor.csh~
TCP_var_plots
testDY.txt
test_QCD.txt
test_TCP.txt
Arguments passed to this script are: for 1: ./BoostedDiTauReco/plotRecoIdEffQCD.py
root://cmseos.fnal.gov//store/user/nbower/QCD_eff_plots/h_QCD_HT500to700_7_eff.root
process is eff
root://cmsxrootd.fnal.gov//store/mc/RunIIFall17MiniAODv2/QCD_HT500to700_TuneCP5_13TeV-madgraph-pythia8/MINIAODSIM/PU2017_12Apr2018_old_pmx_94X_mc2017_realistic_v14-v1/70000/9C0D349E-C759-E811-BCE9-EC0D9A8222E6.root
root://cmsxrootd.fnal.gov//store/mc/RunIIFall17MiniAODv2/QCD_HT500to700_TuneCP5_13TeV-madgraph-pythia8/MINIAODSIM/PU2017_12Apr2018_old_pmx_94X_mc2017_realistic_v14-v1/70000/E857037C-9D59-E811-83E5-24BE05C63741.root
root://cmsxrootd.fnal.gov//store/mc/RunIIFall17MiniAODv2/QCD_HT500to700_TuneCP5_13TeV-madgraph-pythia8/MINIAODSIM/PU2017_12Apr2018_old_pmx_94X_mc2017_realistic_v14-v1/70000/4A94928A-9859-E811-B1AE-EC0D9A80980A.root
root://cmsxrootd.fnal.gov//store/mc/RunIIFall17MiniAODv2/QCD_HT500to700_TuneCP5_13TeV-madgraph-pythia8/MINIAODSIM/PU2017_12Apr2018_old_pmx_94X_mc2017_realistic_v14-v1/70000/BC51E43E-B859-E811-B4D5-EC0D9A8221FE.root
root://cmsxrootd.fnal.gov//store/mc/RunIIFall17MiniAODv2/QCD_HT500to700_TuneCP5_13TeV-madgraph-pythia8/MINIAODSIM/PU2017_12Apr2018_old_pmx_94X_mc2017_realistic_v14-v1/70000/D03CD2E8-B259-E811-92C8-EC0D9A8225FE.root
root://cmsxrootd.fnal.gov//store/mc/RunIIFall17MiniAODv2/QCD_HT500to700_TuneCP5_13TeV-madgraph-pythia8/MINIAODSIM/PU2017_12Apr2018_old_pmx_94X_mc2017_realistic_v14-v1/70000/525E6FA6-9B59-E811-AB89-E0071B74AC10.root
root://cmsxrootd.fnal.gov//store/mc/RunIIFall17MiniAODv2/QCD_HT500to700_TuneCP5_13TeV-madgraph-pythia8/MINIAODSIM/PU2017_12Apr2018_old_pmx_94X_mc2017_realistic_v14-v1/70000/D234F867-9159-E811-96C3-E0071B6C9DA0.root
root://cmsxrootd.fnal.gov//store/mc/RunIIFall17MiniAODv2/QCD_HT500to700_TuneCP5_13TeV-madgraph-pythia8/MINIAODSIM/PU2017_12Apr2018_old_pmx_94X_mc2017_realistic_v14-v1/70000/3AE5276B-9159-E811-82FF-24BE05CEADA1.root
root://cmsxrootd.fnal.gov//store/mc/RunIIFall17MiniAODv2/QCD_HT500to700_TuneCP5_13TeV-madgraph-pythia8/MINIAODSIM/PU2017_12Apr2018_old_pmx_94X_mc2017_realistic_v14-v1/70000/4A10B0ED-A559-E811-B43A-B8CA3A70B608.root
root://cmsxrootd.fnal.gov//store/mc/RunIIFall17MiniAODv2/QCD_HT500to700_TuneCP5_13TeV-madgraph-pythia8/MINIAODSIM/PU2017_12Apr2018_old_pmx_94X_mc2017_realistic_v14-v1/70000/1247B9E7-B259-E811-8FA2-E0071B7AF7C0.root
root://cmsxrootd.fnal.gov//store/mc/RunIIFall17MiniAODv2/QCD_HT500to700_TuneCP5_13TeV-madgraph-pythia8/MINIAODSIM/PU2017_12Apr2018_old_pmx_94X_mc2017_realistic_v14-v1/70000/0C26289F-C759-E811-99CB-E0071B6CAD00.root
root://cmsxrootd.fnal.gov//store/mc/RunIIFall17MiniAODv2/QCD_HT500to700_TuneCP5_13TeV-madgraph-pythia8/MINIAODSIM/PU2017_12Apr2018_old_pmx_94X_mc2017_realistic_v14-v1/70000/6C1D5B71-8E59-E811-9CD2-24BE05C3B8B1.root
root://cmsxrootd.fnal.gov//store/mc/RunIIFall17MiniAODv2/QCD_HT500to700_TuneCP5_13TeV-madgraph-pythia8/MINIAODSIM/PU2017_12Apr2018_old_pmx_94X_mc2017_realistic_v14-v1/70000/0058539E-C759-E811-82BF-EC0D9A8222E6.root
root://cmsxrootd.fnal.gov//store/mc/RunIIFall17MiniAODv2/QCD_HT500to700_TuneCP5_13TeV-madgraph-pythia8/MINIAODSIM/PU2017_12Apr2018_old_pmx_94X_mc2017_realistic_v14-v1/70000/4A5033A6-AC59-E811-B5F4-E0071B7A6890.root
root://cmsxrootd.fnal.gov//store/mc/RunIIFall17MiniAODv2/QCD_HT500to700_TuneCP5_13TeV-madgraph-pythia8/MINIAODSIM/PU2017_12Apr2018_old_pmx_94X_mc2017_realistic_v14-v1/70000/B40DD753-8E59-E811-BCD3-5065F3812201.root
root://cmsxrootd.fnal.gov//store/mc/RunIIFall17MiniAODv2/QCD_HT500to700_TuneCP5_13TeV-madgraph-pythia8/MINIAODSIM/PU2017_12Apr2018_old_pmx_94X_mc2017_realistic_v14-v1/70000/2046771A-CE59-E811-A0FC-EC0D9A822606.root
root://cmsxrootd.fnal.gov//store/mc/RunIIFall17MiniAODv2/QCD_HT500to700_TuneCP5_13TeV-madgraph-pythia8/MINIAODSIM/PU2017_12Apr2018_old_pmx_94X_mc2017_realistic_v14-v1/70000/D2DF9CA7-AC59-E811-9CB5-E0071B7A6890.root
root://cmsxrootd.fnal.gov//store/mc/RunIIFall17MiniAODv2/QCD_HT500to700_TuneCP5_13TeV-madgraph-pythia8/MINIAODSIM/PU2017_12Apr2018_old_pmx_94X_mc2017_realistic_v14-v1/70000/EAFE5AA5-9B59-E811-95B1-24BE05C618F1.root
root://cmsxrootd.fnal.gov//store/mc/RunIIFall17MiniAODv2/QCD_HT500to700_TuneCP5_13TeV-madgraph-pythia8/MINIAODSIM/PU2017_12Apr2018_old_pmx_94X_mc2017_realistic_v14-v1/70000/50B9FEA7-AC59-E811-9E19-E0071B7A6890.root
root://cmsxrootd.fnal.gov//store/mc/RunIIFall17MiniAODv2/QCD_HT500to700_TuneCP5_13TeV-madgraph-pythia8/MINIAODSIM/PU2017_12Apr2018_old_pmx_94X_mc2017_realistic_v14-v1/70000/1812F067-8F59-E811-85D0-5065F3819241.root
root://cmsxrootd.fnal.gov//store/mc/RunIIFall17MiniAODv2/QCD_HT500to700_TuneCP5_13TeV-madgraph-pythia8/MINIAODSIM/PU2017_12Apr2018_old_pmx_94X_mc2017_realistic_v14-v1/70000/24250585-9D59-E811-A5EF-24BE05CEECD1.root
root://cmsxrootd.fnal.gov//store/mc/RunIIFall17MiniAODv2/QCD_HT500to700_TuneCP5_13TeV-madgraph-pythia8/MINIAODSIM/PU2017_12Apr2018_old_pmx_94X_mc2017_realistic_v14-v1/70000/AA7D7B1D-CE59-E811-BE5B-4C79BA180B23.root
root://cmsxrootd.fnal.gov//store/mc/RunIIFall17MiniAODv2/QCD_HT500to700_TuneCP5_13TeV-madgraph-pythia8/MINIAODSIM/PU2017_12Apr2018_old_pmx_94X_mc2017_realistic_v14-v1/70000/7E2FA465-9159-E811-A832-5065F38102F1.root
root://cmsxrootd.fnal.gov//store/mc/RunIIFall17MiniAODv2/QCD_HT500to700_TuneCP5_13TeV-madgraph-pythia8/MINIAODSIM/PU2017_12Apr2018_old_pmx_94X_mc2017_realistic_v14-v1/70000/02575FA2-9359-E811-896A-E0071B7A6890.root
root://cmsxrootd.fnal.gov//store/mc/RunIIFall17MiniAODv2/QCD_HT500to700_TuneCP5_13TeV-madgraph-pythia8/MINIAODSIM/PU2017_12Apr2018_old_pmx_94X_mc2017_realistic_v14-v1/70000/1A1A0455-8E59-E811-84B5-5065F3812201.root
root://cmsxrootd.fnal.gov//store/mc/RunIIFall17MiniAODv2/QCD_HT500to700_TuneCP5_13TeV-madgraph-pythia8/MINIAODSIM/PU2017_12Apr2018_old_pmx_94X_mc2017_realistic_v14-v1/70000/10D53E9B-9359-E811-B361-5065F381C251.root
root://cmsxrootd.fnal.gov//store/mc/RunIIFall17MiniAODv2/QCD_HT500to700_TuneCP5_13TeV-madgraph-pythia8/MINIAODSIM/PU2017_12Apr2018_old_pmx_94X_mc2017_realistic_v14-v1/70000/B8F504A5-9B59-E811-9563-5065F38182E1.root
root://cmsxrootd.fnal.gov//store/mc/RunIIFall17MiniAODv2/QCD_HT500to700_TuneCP5_13TeV-madgraph-pythia8/MINIAODSIM/PU2017_12Apr2018_old_pmx_94X_mc2017_realistic_v14-v1/70000/9E6A836D-D659-E811-B355-24BE05C6D731.root
root://cmsxrootd.fnal.gov//store/mc/RunIIFall17MiniAODv2/QCD_HT500to700_TuneCP5_13TeV-madgraph-pythia8/MINIAODSIM/PU2017_12Apr2018_old_pmx_94X_mc2017_realistic_v14-v1/70000/A0F95F66-9359-E811-95D1-24BE05CEADA1.root
root://cmsxrootd.fnal.gov//store/mc/RunIIFall17MiniAODv2/QCD_HT500to700_TuneCP5_13TeV-madgraph-pythia8/MINIAODSIM/PU2017_12Apr2018_old_pmx_94X_mc2017_realistic_v14-v1/70000/A62AAE4F-8E59-E811-8396-5065F3818281.root
root://cmsxrootd.fnal.gov//store/mc/RunIIFall17MiniAODv2/QCD_HT500to700_TuneCP5_13TeV-madgraph-pythia8/MINIAODSIM/PU2017_12Apr2018_old_pmx_94X_mc2017_realistic_v14-v1/70000/8CD3E484-9D59-E811-9048-24BE05C62611.root
root://cmsxrootd.fnal.gov//store/mc/RunIIFall17MiniAODv2/QCD_HT500to700_TuneCP5_13TeV-madgraph-pythia8/MINIAODSIM/PU2017_12Apr2018_old_pmx_94X_mc2017_realistic_v14-v1/70000/849B5D48-BF59-E811-AFA0-00000086FE80.root
root://cmsxrootd.fnal.gov//store/mc/RunIIFall17MiniAODv2/QCD_HT500to700_TuneCP5_13TeV-madgraph-pythia8/MINIAODSIM/PU2017_12Apr2018_old_pmx_94X_mc2017_realistic_v14-v1/70000/0EFC119E-9359-E811-9E87-E0071B7A18F0.root
root://cmsxrootd.fnal.gov//store/mc/RunIIFall17MiniAODv2/QCD_HT500to700_TuneCP5_13TeV-madgraph-pythia8/MINIAODSIM/PU2017_12Apr2018_old_pmx_94X_mc2017_realistic_v14-v1/70000/C28CD2A4-9B59-E811-A0C0-24BE05C63741.root
root://cmsxrootd.fnal.gov//store/mc/RunIIFall17MiniAODv2/QCD_HT500to700_TuneCP5_13TeV-madgraph-pythia8/MINIAODSIM/PU2017_12Apr2018_old_pmx_94X_mc2017_realistic_v14-v1/70000/50CA158A-9859-E811-B34A-5065F3816251.root
root://cmsxrootd.fnal.gov//store/mc/RunIIFall17MiniAODv2/QCD_HT500to700_TuneCP5_13TeV-madgraph-pythia8/MINIAODSIM/PU2017_12Apr2018_old_pmx_94X_mc2017_realistic_v14-v1/70000/8E7FA9A3-AC59-E811-BB8A-24BE05C44B91.root
root://cmsxrootd.fnal.gov//store/mc/RunIIFall17MiniAODv2/QCD_HT500to700_TuneCP5_13TeV-madgraph-pythia8/MINIAODSIM/PU2017_12Apr2018_old_pmx_94X_mc2017_realistic_v14-v1/70000/E62A9F6B-9159-E811-86EC-24BE05CEADA1.root
root://cmsxrootd.fnal.gov//store/mc/RunIIFall17MiniAODv2/QCD_HT500to700_TuneCP5_13TeV-madgraph-pythia8/MINIAODSIM/PU2017_12Apr2018_old_pmx_94X_mc2017_realistic_v14-v1/70000/7C49DB8C-9859-E811-B73D-4C79BA320DA9.root
root://cmsxrootd.fnal.gov//store/mc/RunIIFall17MiniAODv2/QCD_HT500to700_TuneCP5_13TeV-madgraph-pythia8/MINIAODSIM/PU2017_12Apr2018_old_pmx_94X_mc2017_realistic_v14-v1/70000/62E1EC9B-C759-E811-A229-5065F38122D1.root
root://cmsxrootd.fnal.gov//store/mc/RunIIFall17MiniAODv2/QCD_HT500to700_TuneCP5_13TeV-madgraph-pythia8/MINIAODSIM/PU2017_12Apr2018_old_pmx_94X_mc2017_realistic_v14-v1/70000/CAD0DD4C-BF59-E811-8C5F-4C79BA18111F.root
root://cmsxrootd.fnal.gov//store/mc/RunIIFall17MiniAODv2/QCD_HT500to700_TuneCP5_13TeV-madgraph-pythia8/MINIAODSIM/PU2017_12Apr2018_old_pmx_94X_mc2017_realistic_v14-v1/70000/CA3A95A2-9359-E811-8018-E0071B73C640.root
root://cmsxrootd.fnal.gov//store/mc/RunIIFall17MiniAODv2/QCD_HT500to700_TuneCP5_13TeV-madgraph-pythia8/MINIAODSIM/PU2017_12Apr2018_old_pmx_94X_mc2017_realistic_v14-v1/70000/7EDB5219-CE59-E811-BFAE-00000086FE80.root
root://cmsxrootd.fnal.gov//store/mc/RunIIFall17MiniAODv2/QCD_HT500to700_TuneCP5_13TeV-madgraph-pythia8/MINIAODSIM/PU2017_12Apr2018_old_pmx_94X_mc2017_realistic_v14-v1/70000/0E027748-BF59-E811-B387-E0071B791111.root
root://cmsxrootd.fnal.gov//store/mc/RunIIFall17MiniAODv2/QCD_HT500to700_TuneCP5_13TeV-madgraph-pythia8/MINIAODSIM/PU2017_12Apr2018_old_pmx_94X_mc2017_realistic_v14-v1/70000/6054BF9B-9359-E811-BEA6-E0071B7A9810.root
root://cmsxrootd.fnal.gov//store/mc/RunIIFall17MiniAODv2/QCD_HT500to700_TuneCP5_13TeV-madgraph-pythia8/MINIAODSIM/PU2017_12Apr2018_old_pmx_94X_mc2017_realistic_v14-v1/70000/E0C8DB31-A659-E811-BA3D-4C79BA320D7D.root
root://cmsxrootd.fnal.gov//store/mc/RunIIFall17MiniAODv2/QCD_HT500to700_TuneCP5_13TeV-madgraph-pythia8/MINIAODSIM/PU2017_12Apr2018_old_pmx_94X_mc2017_realistic_v14-v1/70000/AA7E1EA5-AC59-E811-9FC1-E0071B7A6890.root
root://cmsxrootd.fnal.gov//store/mc/RunIIFall17MiniAODv2/QCD_HT500to700_TuneCP5_13TeV-madgraph-pythia8/MINIAODSIM/PU2017_12Apr2018_old_pmx_94X_mc2017_realistic_v14-v1/70000/6E802265-9159-E811-967E-24BE05BDBE61.root
root://cmsxrootd.fnal.gov//store/mc/RunIIFall17MiniAODv2/QCD_HT500to700_TuneCP5_13TeV-madgraph-pythia8/MINIAODSIM/PU2017_12Apr2018_old_pmx_94X_mc2017_realistic_v14-v1/70000/9E0D833C-7959-E811-999B-0CC47A7C3628.root
root://cmsxrootd.fnal.gov//store/mc/RunIIFall17MiniAODv2/QCD_HT500to700_TuneCP5_13TeV-madgraph-pythia8/MINIAODSIM/PU2017_12Apr2018_old_pmx_94X_mc2017_realistic_v14-v1/70000/0667CB40-5C59-E811-B061-0025905B85CA.root
root://cmsxrootd.fnal.gov//store/mc/RunIIFall17MiniAODv2/QCD_HT500to700_TuneCP5_13TeV-madgraph-pythia8/MINIAODSIM/PU2017_12Apr2018_old_pmx_94X_mc2017_realistic_v14-v1/70000/88353FD7-8D59-E811-9530-0025905A60F2.root
root://cmsxrootd.fnal.gov//store/mc/RunIIFall17MiniAODv2/QCD_HT500to700_TuneCP5_13TeV-madgraph-pythia8/MINIAODSIM/PU2017_12Apr2018_old_pmx_94X_mc2017_realistic_v14-v1/70000/74E9FF8B-6459-E811-B512-0025905B85D2.root
root://cmsxrootd.fnal.gov//store/mc/RunIIFall17MiniAODv2/QCD_HT500to700_TuneCP5_13TeV-madgraph-pythia8/MINIAODSIM/PU2017_12Apr2018_old_pmx_94X_mc2017_realistic_v14-v1/70000/16D04A0C-6B59-E811-ABD8-0CC47A4C8E28.root
root://cmsxrootd.fnal.gov//store/mc/RunIIFall17MiniAODv2/QCD_HT500to700_TuneCP5_13TeV-madgraph-pythia8/MINIAODSIM/PU2017_12Apr2018_old_pmx_94X_mc2017_realistic_v14-v1/70000/CE94625C-8159-E811-9D5B-0025905A48C0.root
root://cmsxrootd.fnal.gov//store/mc/RunIIFall17MiniAODv2/QCD_HT500to700_TuneCP5_13TeV-madgraph-pythia8/MINIAODSIM/PU2017_12Apr2018_old_pmx_94X_mc2017_realistic_v14-v1/70000/0C2900F1-9559-E811-A57D-0025905B85D6.root
root://cmsxrootd.fnal.gov//store/mc/RunIIFall17MiniAODv2/QCD_HT500to700_TuneCP5_13TeV-madgraph-pythia8/MINIAODSIM/PU2017_12Apr2018_old_pmx_94X_mc2017_realistic_v14-v1/70000/E2369E0D-6B59-E811-9B79-002618FDA259.root
root://cmsxrootd.fnal.gov//store/mc/RunIIFall17MiniAODv2/QCD_HT500to700_TuneCP5_13TeV-madgraph-pythia8/MINIAODSIM/PU2017_12Apr2018_old_pmx_94X_mc2017_realistic_v14-v1/70000/C6E7B4CB-6A59-E811-93E0-0CC47A4D764C.root
root://cmsxrootd.fnal.gov//store/mc/RunIIFall17MiniAODv2/QCD_HT500to700_TuneCP5_13TeV-madgraph-pythia8/MINIAODSIM/PU2017_12Apr2018_old_pmx_94X_mc2017_realistic_v14-v1/70000/40A361C4-6259-E811-81EA-0025905A60BE.root
root://cmsxrootd.fnal.gov//store/mc/RunIIFall17MiniAODv2/QCD_HT500to700_TuneCP5_13TeV-madgraph-pythia8/MINIAODSIM/PU2017_12Apr2018_old_pmx_94X_mc2017_realistic_v14-v1/70000/B22B19C3-9D59-E811-8FFB-0CC47A4D769E.root
root://cmsxrootd.fnal.gov//store/mc/RunIIFall17MiniAODv2/QCD_HT500to700_TuneCP5_13TeV-madgraph-pythia8/MINIAODSIM/PU2017_12Apr2018_old_pmx_94X_mc2017_realistic_v14-v1/70000/0220CFCE-8D59-E811-A51A-0CC47A4D7628.root
root://cmsxrootd.fnal.gov//store/mc/RunIIFall17MiniAODv2/QCD_HT500to700_TuneCP5_13TeV-madgraph-pythia8/MINIAODSIM/PU2017_12Apr2018_old_pmx_94X_mc2017_realistic_v14-v1/70000/44B65ED0-8D59-E811-BDA5-0CC47A7C357E.root
root://cmsxrootd.fnal.gov//store/mc/RunIIFall17MiniAODv2/QCD_HT500to700_TuneCP5_13TeV-madgraph-pythia8/MINIAODSIM/PU2017_12Apr2018_old_pmx_94X_mc2017_realistic_v14-v1/70000/32421AA9-AC59-E811-AE52-0025905A48D0.root
root://cmsxrootd.fnal.gov//store/mc/RunIIFall17MiniAODv2/QCD_HT500to700_TuneCP5_13TeV-madgraph-pythia8/MINIAODSIM/PU2017_12Apr2018_old_pmx_94X_mc2017_realistic_v14-v1/70000/EC088C17-A659-E811-8ABA-0CC47A7C34EE.root
root://cmsxrootd.fnal.gov//store/mc/RunIIFall17MiniAODv2/QCD_HT500to700_TuneCP5_13TeV-madgraph-pythia8/MINIAODSIM/PU2017_12Apr2018_old_pmx_94X_mc2017_realistic_v14-v1/70000/5424345C-8159-E811-9062-0025905A48C0.root
root://cmsxrootd.fnal.gov//store/mc/RunIIFall17MiniAODv2/QCD_HT500to700_TuneCP5_13TeV-madgraph-pythia8/MINIAODSIM/PU2017_12Apr2018_old_pmx_94X_mc2017_realistic_v14-v1/70000/3A7F85BB-6259-E811-9E19-0CC47A4D763C.root
root://cmsxrootd.fnal.gov//store/mc/RunIIFall17MiniAODv2/QCD_HT500to700_TuneCP5_13TeV-madgraph-pythia8/MINIAODSIM/PU2017_12Apr2018_old_pmx_94X_mc2017_realistic_v14-v1/70000/B61F5CBE-6259-E811-81B5-0CC47A4D75F2.root
root://cmsxrootd.fnal.gov//store/mc/RunIIFall17MiniAODv2/QCD_HT500to700_TuneCP5_13TeV-madgraph-pythia8/MINIAODSIM/PU2017_12Apr2018_old_pmx_94X_mc2017_realistic_v14-v1/70000/6AB6B308-5359-E811-8EC5-003048FFCC16.root
root://cmsxrootd.fnal.gov//store/mc/RunIIFall17MiniAODv2/QCD_HT500to700_TuneCP5_13TeV-madgraph-pythia8/MINIAODSIM/PU2017_12Apr2018_old_pmx_94X_mc2017_realistic_v14-v1/70000/2A718E13-6B59-E811-9EE3-0025905A60D0.root
root://cmsxrootd.fnal.gov//store/mc/RunIIFall17MiniAODv2/QCD_HT500to700_TuneCP5_13TeV-madgraph-pythia8/MINIAODSIM/PU2017_12Apr2018_old_pmx_94X_mc2017_realistic_v14-v1/70000/8C205EA0-AC59-E811-BAB6-0CC47A7C3450.root
root://cmsxrootd.fnal.gov//store/mc/RunIIFall17MiniAODv2/QCD_HT500to700_TuneCP5_13TeV-madgraph-pythia8/MINIAODSIM/PU2017_12Apr2018_old_pmx_94X_mc2017_realistic_v14-v1/70000/207F2C45-7959-E811-A0BB-0025905B857E.root
root://cmsxrootd.fnal.gov//store/mc/RunIIFall17MiniAODv2/QCD_HT500to700_TuneCP5_13TeV-madgraph-pythia8/MINIAODSIM/PU2017_12Apr2018_old_pmx_94X_mc2017_realistic_v14-v1/70000/46B676CA-6A59-E811-A5E8-0CC47A4D764C.root
root://cmsxrootd.fnal.gov//store/mc/RunIIFall17MiniAODv2/QCD_HT500to700_TuneCP5_13TeV-madgraph-pythia8/MINIAODSIM/PU2017_12Apr2018_old_pmx_94X_mc2017_realistic_v14-v1/70000/6CD69ACE-8D59-E811-9E6C-0CC47A7C35F8.root
root://cmsxrootd.fnal.gov//store/mc/RunIIFall17MiniAODv2/QCD_HT500to700_TuneCP5_13TeV-madgraph-pythia8/MINIAODSIM/PU2017_12Apr2018_old_pmx_94X_mc2017_realistic_v14-v1/70000/68C1285C-8159-E811-8EB3-0025905A48C0.root
root://cmsxrootd.fnal.gov//store/mc/RunIIFall17MiniAODv2/QCD_HT500to700_TuneCP5_13TeV-madgraph-pythia8/MINIAODSIM/PU2017_12Apr2018_old_pmx_94X_mc2017_realistic_v14-v1/70000/72ABFEF0-9559-E811-A5F8-0025905B85D6.root
root://cmsxrootd.fnal.gov//store/mc/RunIIFall17MiniAODv2/QCD_HT500to700_TuneCP5_13TeV-madgraph-pythia8/MINIAODSIM/PU2017_12Apr2018_old_pmx_94X_mc2017_realistic_v14-v1/70000/96EE7C3F-9959-E811-BEE1-0CC47A4C8E5E.root
root://cmsxrootd.fnal.gov//store/mc/RunIIFall17MiniAODv2/QCD_HT500to700_TuneCP5_13TeV-madgraph-pythia8/MINIAODSIM/PU2017_12Apr2018_old_pmx_94X_mc2017_realistic_v14-v1/70000/E2A12FC4-6259-E811-AAF9-0025905B85D2.root
root://cmsxrootd.fnal.gov//store/mc/RunIIFall17MiniAODv2/QCD_HT500to700_TuneCP5_13TeV-madgraph-pythia8/MINIAODSIM/PU2017_12Apr2018_old_pmx_94X_mc2017_realistic_v14-v1/70000/8EF96216-6B59-E811-B8B6-0025905A48D8.root
root://cmsxrootd.fnal.gov//store/mc/RunIIFall17MiniAODv2/QCD_HT500to700_TuneCP5_13TeV-madgraph-pythia8/MINIAODSIM/PU2017_12Apr2018_old_pmx_94X_mc2017_realistic_v14-v1/70000/32B93F8C-6459-E811-9EA4-0025905A60F4.root
root://cmsxrootd.fnal.gov//store/mc/RunIIFall17MiniAODv2/QCD_HT500to700_TuneCP5_13TeV-madgraph-pythia8/MINIAODSIM/PU2017_12Apr2018_old_pmx_94X_mc2017_realistic_v14-v1/70000/2E80C41C-7359-E811-8B81-0CC47A4C8F08.root
root://cmsxrootd.fnal.gov//store/mc/RunIIFall17MiniAODv2/QCD_HT500to700_TuneCP5_13TeV-madgraph-pythia8/MINIAODSIM/PU2017_12Apr2018_old_pmx_94X_mc2017_realistic_v14-v1/70000/5C88443D-7959-E811-BDDF-0CC47A7C34C8.root
root://cmsxrootd.fnal.gov//store/mc/RunIIFall17MiniAODv2/QCD_HT500to700_TuneCP5_13TeV-madgraph-pythia8/MINIAODSIM/PU2017_12Apr2018_old_pmx_94X_mc2017_realistic_v14-v1/70000/D25CC23D-7959-E811-8A2B-0CC47A4C8F06.root
root://cmsxrootd.fnal.gov//store/mc/RunIIFall17MiniAODv2/QCD_HT500to700_TuneCP5_13TeV-madgraph-pythia8/MINIAODSIM/PU2017_12Apr2018_old_pmx_94X_mc2017_realistic_v14-v1/70000/7EA776FA-9859-E811-B0E1-0025905B85D6.root
root://cmsxrootd.fnal.gov//store/mc/RunIIFall17MiniAODv2/QCD_HT500to700_TuneCP5_13TeV-madgraph-pythia8/MINIAODSIM/PU2017_12Apr2018_old_pmx_94X_mc2017_realistic_v14-v1/70000/981620A0-AC59-E811-B049-0CC47A4D765E.root
root://cmsxrootd.fnal.gov//store/mc/RunIIFall17MiniAODv2/QCD_HT500to700_TuneCP5_13TeV-madgraph-pythia8/MINIAODSIM/PU2017_12Apr2018_old_pmx_94X_mc2017_realistic_v14-v1/70000/4817F13D-7959-E811-8644-0CC47A4C8E28.root
root://cmsxrootd.fnal.gov//store/mc/RunIIFall17MiniAODv2/QCD_HT500to700_TuneCP5_13TeV-madgraph-pythia8/MINIAODSIM/PU2017_12Apr2018_old_pmx_94X_mc2017_realistic_v14-v1/70000/947E11DF-7259-E811-B1AA-0CC47A7C35B2.root
root://cmsxrootd.fnal.gov//store/mc/RunIIFall17MiniAODv2/QCD_HT500to700_TuneCP5_13TeV-madgraph-pythia8/MINIAODSIM/PU2017_12Apr2018_old_pmx_94X_mc2017_realistic_v14-v1/70000/000C6686-6459-E811-80D8-002618FDA259.root
root://cmsxrootd.fnal.gov//store/mc/RunIIFall17MiniAODv2/QCD_HT500to700_TuneCP5_13TeV-madgraph-pythia8/MINIAODSIM/PU2017_12Apr2018_old_pmx_94X_mc2017_realistic_v14-v1/70000/68849835-5C59-E811-9ACF-0CC47A4D762E.root
root://cmsxrootd.fnal.gov//store/mc/RunIIFall17MiniAODv2/QCD_HT500to700_TuneCP5_13TeV-madgraph-pythia8/MINIAODSIM/PU2017_12Apr2018_old_pmx_94X_mc2017_realistic_v14-v1/70000/5EC7B4A3-AC59-E811-9BEB-0CC47A7C3450.root
root://cmsxrootd.fnal.gov//store/mc/RunIIFall17MiniAODv2/QCD_HT500to700_TuneCP5_13TeV-madgraph-pythia8/MINIAODSIM/PU2017_12Apr2018_old_pmx_94X_mc2017_realistic_v14-v1/70000/B6B38CF3-9559-E811-A33E-0025905A6060.root
root://cmsxrootd.fnal.gov//store/mc/RunIIFall17MiniAODv2/QCD_HT500to700_TuneCP5_13TeV-madgraph-pythia8/MINIAODSIM/PU2017_12Apr2018_old_pmx_94X_mc2017_realistic_v14-v1/70000/9864540F-6B59-E811-AD81-0CC47A4C8E66.root
root://cmsxrootd.fnal.gov//store/mc/RunIIFall17MiniAODv2/QCD_HT500to700_TuneCP5_13TeV-madgraph-pythia8/MINIAODSIM/PU2017_12Apr2018_old_pmx_94X_mc2017_realistic_v14-v1/70000/A47F42C6-6259-E811-9946-0025905B857E.root
root://cmsxrootd.fnal.gov//store/mc/RunIIFall17MiniAODv2/QCD_HT500to700_TuneCP5_13TeV-madgraph-pythia8/MINIAODSIM/PU2017_12Apr2018_old_pmx_94X_mc2017_realistic_v14-v1/70000/4633DD36-5C59-E811-AE88-0CC47A4D7600.root
root://cmsxrootd.fnal.gov//store/mc/RunIIFall17MiniAODv2/QCD_HT500to700_TuneCP5_13TeV-madgraph-pythia8/MINIAODSIM/PU2017_12Apr2018_old_pmx_94X_mc2017_realistic_v14-v1/70000/0E7AFDF0-9559-E811-A913-0025905B85D6.root
root://cmsxrootd.fnal.gov//store/mc/RunIIFall17MiniAODv2/QCD_HT500to700_TuneCP5_13TeV-madgraph-pythia8/MINIAODSIM/PU2017_12Apr2018_old_pmx_94X_mc2017_realistic_v14-v1/70000/ACCCFDF0-9559-E811-AD0A-0025905B85D6.root
root://cmsxrootd.fnal.gov//store/mc/RunIIFall17MiniAODv2/QCD_HT500to700_TuneCP5_13TeV-madgraph-pythia8/MINIAODSIM/PU2017_12Apr2018_old_pmx_94X_mc2017_realistic_v14-v1/70000/BCED3E5C-8159-E811-8E26-0025905A48C0.root
root://cmsxrootd.fnal.gov//store/mc/RunIIFall17MiniAODv2/QCD_HT500to700_TuneCP5_13TeV-madgraph-pythia8/MINIAODSIM/PU2017_12Apr2018_old_pmx_94X_mc2017_realistic_v14-v1/70000/5459685C-8159-E811-9E34-0025905A48C0.root
root://cmsxrootd.fnal.gov//store/mc/RunIIFall17MiniAODv2/QCD_HT500to700_TuneCP5_13TeV-madgraph-pythia8/MINIAODSIM/PU2017_12Apr2018_old_pmx_94X_mc2017_realistic_v14-v1/70000/C4A9D0C5-6259-E811-AF60-0025905A48BA.root
root://cmsxrootd.fnal.gov//store/mc/RunIIFall17MiniAODv2/QCD_HT500to700_TuneCP5_13TeV-madgraph-pythia8/MINIAODSIM/PU2017_12Apr2018_old_pmx_94X_mc2017_realistic_v14-v1/70000/061D0B09-5359-E811-9C5A-0025905B85E8.root
root://cmsxrootd.fnal.gov//store/mc/RunIIFall17MiniAODv2/QCD_HT500to700_TuneCP5_13TeV-madgraph-pythia8/MINIAODSIM/PU2017_12Apr2018_old_pmx_94X_mc2017_realistic_v14-v1/70000/C0D1A93E-7959-E811-A481-0CC47A4C8F0A.root
root://cmsxrootd.fnal.gov//store/mc/RunIIFall17MiniAODv2/QCD_HT500to700_TuneCP5_13TeV-madgraph-pythia8/MINIAODSIM/PU2017_12Apr2018_old_pmx_94X_mc2017_realistic_v14-v1/70000/FA905219-6B59-E811-B354-0025905A48E4.root
root://cmsxrootd.fnal.gov//store/mc/RunIIFall17MiniAODv2/QCD_HT500to700_TuneCP5_13TeV-madgraph-pythia8/MINIAODSIM/PU2017_12Apr2018_old_pmx_94X_mc2017_realistic_v14-v1/70000/04B033DF-7259-E811-8D75-0CC47A7C35B2.root
