[FERMIHTC-SINGULARITY]: INFO -- No Singulariy image specified
[FERMIHTC-SINGULARITY]: INFO -- Running job on the host machine

[FERMIHTC-SINGULARITY]: INFO -- Running ./condor_exec.exe ./BoostedDiTauReco/plotRecoIdEffQCD.py ./BoostedDiTauReco/filelists/QCD94/HT300to500/QCD_HT300to500_3.txt var QCD
Starting job on  Wed Jun 17 04:05:02 UTC 2020
Running on: Linux nbower-37044328-0-cmswn1704.fnal.gov 3.10.0-1127.el7.x86_64 #1 SMP Wed Apr 1 12:25:50 CDT 2020 x86_64 x86_64 x86_64 GNU/Linux
System software: Scientific Linux release 7.8 (Nitrogen)
Reading cached build data
Done: ProjectRename
BoostedDiTauReco
condor.jdl
condorOut
docker_stderror
eosHadd.py
eosHadd.py~
graphs
HoverE_EE
makeTeff.py
makeTeff.py~
newQCD
oldgraphs
Out
plotHoverE.py
plotHoverE.py~
plots
QCD_eff_plots
QCD_var_plots
README.md
run_condor.csh
SignalGeneration
submit_condor.csh
submit_condor.csh~
TCP_eff_plots
TCP_var_plots
testDY.txt
test_QCD.txt
test_TCP.txt
Arguments passed to this script are: for 1: ./BoostedDiTauReco/plotRecoIdEffQCD.py
root://cmseos.fnal.gov//store/user/nbower/QCD_var_plots/h_QCD_HT300to500_3_var.root
process is var
root://cmsxrootd.fnal.gov//store/mc/RunIIFall17MiniAODv2/QCD_HT300to500_TuneCP5_13TeV-madgraph-pythia8/MINIAODSIM/PU2017_12Apr2018_new_pmx_94X_mc2017_realistic_v14-v1/90000/6C109510-7C35-E911-91E3-0CC47A78A42E.root
root://cmsxrootd.fnal.gov//store/mc/RunIIFall17MiniAODv2/QCD_HT300to500_TuneCP5_13TeV-madgraph-pythia8/MINIAODSIM/PU2017_12Apr2018_new_pmx_94X_mc2017_realistic_v14-v1/90000/6E0AD0E6-5F35-E911-951E-0CC47A78A4B0.root
root://cmsxrootd.fnal.gov//store/mc/RunIIFall17MiniAODv2/QCD_HT300to500_TuneCP5_13TeV-madgraph-pythia8/MINIAODSIM/PU2017_12Apr2018_new_pmx_94X_mc2017_realistic_v14-v1/90000/183460F0-5635-E911-B863-0CC47A4D7668.root
root://cmsxrootd.fnal.gov//store/mc/RunIIFall17MiniAODv2/QCD_HT300to500_TuneCP5_13TeV-madgraph-pythia8/MINIAODSIM/PU2017_12Apr2018_new_pmx_94X_mc2017_realistic_v14-v1/90000/74BF1E17-5D35-E911-AACD-0CC47A78A4B0.root
root://cmsxrootd.fnal.gov//store/mc/RunIIFall17MiniAODv2/QCD_HT300to500_TuneCP5_13TeV-madgraph-pythia8/MINIAODSIM/PU2017_12Apr2018_new_pmx_94X_mc2017_realistic_v14-v1/90000/E6077B39-6035-E911-B1EC-0CC47A7C3410.root
root://cmsxrootd.fnal.gov//store/mc/RunIIFall17MiniAODv2/QCD_HT300to500_TuneCP5_13TeV-madgraph-pythia8/MINIAODSIM/PU2017_12Apr2018_new_pmx_94X_mc2017_realistic_v14-v1/90000/F024214D-5C35-E911-9DDB-0CC47A78A426.root
root://cmsxrootd.fnal.gov//store/mc/RunIIFall17MiniAODv2/QCD_HT300to500_TuneCP5_13TeV-madgraph-pythia8/MINIAODSIM/PU2017_12Apr2018_new_pmx_94X_mc2017_realistic_v14-v1/90000/949393BB-8635-E911-B9B6-AC1F6BAC7C10.root
root://cmsxrootd.fnal.gov//store/mc/RunIIFall17MiniAODv2/QCD_HT300to500_TuneCP5_13TeV-madgraph-pythia8/MINIAODSIM/PU2017_12Apr2018_new_pmx_94X_mc2017_realistic_v14-v1/90000/F4543518-9435-E911-B291-AC1F6BAC7C06.root
root://cmsxrootd.fnal.gov//store/mc/RunIIFall17MiniAODv2/QCD_HT300to500_TuneCP5_13TeV-madgraph-pythia8/MINIAODSIM/PU2017_12Apr2018_new_pmx_94X_mc2017_realistic_v14-v1/90000/281AA0D1-5D35-E911-88D6-0CC47A4D7600.root
root://cmsxrootd.fnal.gov//store/mc/RunIIFall17MiniAODv2/QCD_HT300to500_TuneCP5_13TeV-madgraph-pythia8/MINIAODSIM/PU2017_12Apr2018_new_pmx_94X_mc2017_realistic_v14-v1/90000/5ED54C20-7B35-E911-A396-AC1F6BAC7EAE.root
root://cmsxrootd.fnal.gov//store/mc/RunIIFall17MiniAODv2/QCD_HT300to500_TuneCP5_13TeV-madgraph-pythia8/MINIAODSIM/PU2017_12Apr2018_new_pmx_94X_mc2017_realistic_v14-v1/90000/B27A911D-7C35-E911-B1D5-0025905A60D0.root
root://cmsxrootd.fnal.gov//store/mc/RunIIFall17MiniAODv2/QCD_HT300to500_TuneCP5_13TeV-madgraph-pythia8/MINIAODSIM/PU2017_12Apr2018_new_pmx_94X_mc2017_realistic_v14-v1/90000/0AB681C4-7E35-E911-A9E9-0025905A606A.root
root://cmsxrootd.fnal.gov//store/mc/RunIIFall17MiniAODv2/QCD_HT300to500_TuneCP5_13TeV-madgraph-pythia8/MINIAODSIM/PU2017_12Apr2018_new_pmx_94X_mc2017_realistic_v14-v1/90000/C8DD52B5-5935-E911-938F-0CC47A7C35E0.root
root://cmsxrootd.fnal.gov//store/mc/RunIIFall17MiniAODv2/QCD_HT300to500_TuneCP5_13TeV-madgraph-pythia8/MINIAODSIM/PU2017_12Apr2018_new_pmx_94X_mc2017_realistic_v14-v1/90000/0AD42415-7C35-E911-A7CB-0CC47A4D7602.root
root://cmsxrootd.fnal.gov//store/mc/RunIIFall17MiniAODv2/QCD_HT300to500_TuneCP5_13TeV-madgraph-pythia8/MINIAODSIM/PU2017_12Apr2018_new_pmx_94X_mc2017_realistic_v14-v1/90000/946FC487-7B35-E911-8C64-0CC47A4D76B2.root
root://cmsxrootd.fnal.gov//store/mc/RunIIFall17MiniAODv2/QCD_HT300to500_TuneCP5_13TeV-madgraph-pythia8/MINIAODSIM/PU2017_12Apr2018_new_pmx_94X_mc2017_realistic_v14-v1/90000/6A1827A1-5D35-E911-BCA8-0CC47A4D7626.root
root://cmsxrootd.fnal.gov//store/mc/RunIIFall17MiniAODv2/QCD_HT300to500_TuneCP5_13TeV-madgraph-pythia8/MINIAODSIM/PU2017_12Apr2018_new_pmx_94X_mc2017_realistic_v14-v1/90000/30923DAA-5D35-E911-84CA-AC1F6BAC815A.root
root://cmsxrootd.fnal.gov//store/mc/RunIIFall17MiniAODv2/QCD_HT300to500_TuneCP5_13TeV-madgraph-pythia8/MINIAODSIM/PU2017_12Apr2018_new_pmx_94X_mc2017_realistic_v14-v1/90000/1C833418-9435-E911-92AE-AC1F6BAC7C06.root
root://cmsxrootd.fnal.gov//store/mc/RunIIFall17MiniAODv2/QCD_HT300to500_TuneCP5_13TeV-madgraph-pythia8/MINIAODSIM/PU2017_12Apr2018_new_pmx_94X_mc2017_realistic_v14-v1/90000/ACD77986-7935-E911-8BF2-0025905B85BE.root
root://cmsxrootd.fnal.gov//store/mc/RunIIFall17MiniAODv2/QCD_HT300to500_TuneCP5_13TeV-madgraph-pythia8/MINIAODSIM/PU2017_12Apr2018_new_pmx_94X_mc2017_realistic_v14-v1/90000/5EECF160-7935-E911-8957-0CC47A78A2F6.root
root://cmsxrootd.fnal.gov//store/mc/RunIIFall17MiniAODv2/QCD_HT300to500_TuneCP5_13TeV-madgraph-pythia8/MINIAODSIM/PU2017_12Apr2018_new_pmx_94X_mc2017_realistic_v14-v1/90000/68EAA937-5B35-E911-877A-0CC47A4C8F26.root
root://cmsxrootd.fnal.gov//store/mc/RunIIFall17MiniAODv2/QCD_HT300to500_TuneCP5_13TeV-madgraph-pythia8/MINIAODSIM/PU2017_12Apr2018_new_pmx_94X_mc2017_realistic_v14-v1/90000/66178BF8-6035-E911-941E-0CC47A7C345E.root
root://cmsxrootd.fnal.gov//store/mc/RunIIFall17MiniAODv2/QCD_HT300to500_TuneCP5_13TeV-madgraph-pythia8/MINIAODSIM/PU2017_12Apr2018_new_pmx_94X_mc2017_realistic_v14-v1/90000/2EA19DC6-5635-E911-95F0-0CC47A4D76B2.root
root://cmsxrootd.fnal.gov//store/mc/RunIIFall17MiniAODv2/QCD_HT300to500_TuneCP5_13TeV-madgraph-pythia8/MINIAODSIM/PU2017_12Apr2018_new_pmx_94X_mc2017_realistic_v14-v1/90000/9C29E138-7835-E911-AE2F-0CC47A4D760A.root
root://cmsxrootd.fnal.gov//store/mc/RunIIFall17MiniAODv2/QCD_HT300to500_TuneCP5_13TeV-madgraph-pythia8/MINIAODSIM/PU2017_12Apr2018_new_pmx_94X_mc2017_realistic_v14-v1/90000/D8C98E93-8435-E911-925E-0CC47A4D76B2.root
root://cmsxrootd.fnal.gov//store/mc/RunIIFall17MiniAODv2/QCD_HT300to500_TuneCP5_13TeV-madgraph-pythia8/MINIAODSIM/PU2017_12Apr2018_new_pmx_94X_mc2017_realistic_v14-v1/90000/9ED2AF89-5835-E911-A841-0CC47A4D760C.root
root://cmsxrootd.fnal.gov//store/mc/RunIIFall17MiniAODv2/QCD_HT300to500_TuneCP5_13TeV-madgraph-pythia8/MINIAODSIM/PU2017_12Apr2018_new_pmx_94X_mc2017_realistic_v14-v1/90000/020437D8-7435-E911-8B47-0CC47A4D765A.root
root://cmsxrootd.fnal.gov//store/mc/RunIIFall17MiniAODv2/QCD_HT300to500_TuneCP5_13TeV-madgraph-pythia8/MINIAODSIM/PU2017_12Apr2018_new_pmx_94X_mc2017_realistic_v14-v1/90000/54F62622-5B35-E911-8AE6-0CC47A4D760C.root
root://cmsxrootd.fnal.gov//store/mc/RunIIFall17MiniAODv2/QCD_HT300to500_TuneCP5_13TeV-madgraph-pythia8/MINIAODSIM/PU2017_12Apr2018_new_pmx_94X_mc2017_realistic_v14-v1/90000/284B4A65-7635-E911-A3EC-AC1F6BAC816C.root
root://cmsxrootd.fnal.gov//store/mc/RunIIFall17MiniAODv2/QCD_HT300to500_TuneCP5_13TeV-madgraph-pythia8/MINIAODSIM/PU2017_12Apr2018_new_pmx_94X_mc2017_realistic_v14-v1/90000/EE760F5E-8035-E911-ACE4-0CC47A4D76B2.root
root://cmsxrootd.fnal.gov//store/mc/RunIIFall17MiniAODv2/QCD_HT300to500_TuneCP5_13TeV-madgraph-pythia8/MINIAODSIM/PU2017_12Apr2018_new_pmx_94X_mc2017_realistic_v14-v1/90000/4C1C3E66-5A35-E911-BEFD-0CC47A7C35A4.root
root://cmsxrootd.fnal.gov//store/mc/RunIIFall17MiniAODv2/QCD_HT300to500_TuneCP5_13TeV-madgraph-pythia8/MINIAODSIM/PU2017_12Apr2018_new_pmx_94X_mc2017_realistic_v14-v1/90000/EC6E497C-6E35-E911-B66D-AC1F6BAC7C78.root
root://cmsxrootd.fnal.gov//store/mc/RunIIFall17MiniAODv2/QCD_HT300to500_TuneCP5_13TeV-madgraph-pythia8/MINIAODSIM/PU2017_12Apr2018_new_pmx_94X_mc2017_realistic_v14-v1/90000/12EB66C6-6935-E911-857B-AC1F6BAC7D10.root
root://cmsxrootd.fnal.gov//store/mc/RunIIFall17MiniAODv2/QCD_HT300to500_TuneCP5_13TeV-madgraph-pythia8/MINIAODSIM/PU2017_12Apr2018_new_pmx_94X_mc2017_realistic_v14-v1/90000/C4F02A3E-7635-E911-8531-0CC47A78A2F6.root
root://cmsxrootd.fnal.gov//store/mc/RunIIFall17MiniAODv2/QCD_HT300to500_TuneCP5_13TeV-madgraph-pythia8/MINIAODSIM/PU2017_12Apr2018_new_pmx_94X_mc2017_realistic_v14-v1/90000/F2076EB4-5935-E911-9110-0CC47A7C345E.root
root://cmsxrootd.fnal.gov//store/mc/RunIIFall17MiniAODv2/QCD_HT300to500_TuneCP5_13TeV-madgraph-pythia8/MINIAODSIM/PU2017_12Apr2018_new_pmx_94X_mc2017_realistic_v14-v1/90000/72F8046B-7335-E911-905E-0CC47A4D75F2.root
root://cmsxrootd.fnal.gov//store/mc/RunIIFall17MiniAODv2/QCD_HT300to500_TuneCP5_13TeV-madgraph-pythia8/MINIAODSIM/PU2017_12Apr2018_new_pmx_94X_mc2017_realistic_v14-v1/90000/38466EC7-5D35-E911-B347-0CC47A4D7638.root
root://cmsxrootd.fnal.gov//store/mc/RunIIFall17MiniAODv2/QCD_HT300to500_TuneCP5_13TeV-madgraph-pythia8/MINIAODSIM/PU2017_12Apr2018_new_pmx_94X_mc2017_realistic_v14-v1/90000/083CE992-5B35-E911-850E-0CC47A78A440.root
root://cmsxrootd.fnal.gov//store/mc/RunIIFall17MiniAODv2/QCD_HT300to500_TuneCP5_13TeV-madgraph-pythia8/MINIAODSIM/PU2017_12Apr2018_new_pmx_94X_mc2017_realistic_v14-v1/80000/C09D9B94-3D3F-E911-A30C-0025905B861C.root
root://cmsxrootd.fnal.gov//store/mc/RunIIFall17MiniAODv2/QCD_HT300to500_TuneCP5_13TeV-madgraph-pythia8/MINIAODSIM/PU2017_12Apr2018_new_pmx_94X_mc2017_realistic_v14-v1/80000/CA18EF2E-C63E-E911-A4F9-AC1F6BAC7D12.root
root://cmsxrootd.fnal.gov//store/mc/RunIIFall17MiniAODv2/QCD_HT300to500_TuneCP5_13TeV-madgraph-pythia8/MINIAODSIM/PU2017_12Apr2018_new_pmx_94X_mc2017_realistic_v14-v1/80000/269CA568-F13E-E911-9FAF-0CC47A4C8ED8.root
root://cmsxrootd.fnal.gov//store/mc/RunIIFall17MiniAODv2/QCD_HT300to500_TuneCP5_13TeV-madgraph-pythia8/MINIAODSIM/PU2017_12Apr2018_new_pmx_94X_mc2017_realistic_v14-v1/80000/2023A2C5-F83E-E911-AC7F-AC1F6BAC8178.root
root://cmsxrootd.fnal.gov//store/mc/RunIIFall17MiniAODv2/QCD_HT300to500_TuneCP5_13TeV-madgraph-pythia8/MINIAODSIM/PU2017_12Apr2018_new_pmx_94X_mc2017_realistic_v14-v1/80000/8266635A-DA3E-E911-9F93-0CC47A7C3636.root
root://cmsxrootd.fnal.gov//store/mc/RunIIFall17MiniAODv2/QCD_HT300to500_TuneCP5_13TeV-madgraph-pythia8/MINIAODSIM/PU2017_12Apr2018_new_pmx_94X_mc2017_realistic_v14-v1/80000/B859C51F-483F-E911-8DCE-0025905B85EE.root
root://cmsxrootd.fnal.gov//store/mc/RunIIFall17MiniAODv2/QCD_HT300to500_TuneCP5_13TeV-madgraph-pythia8/MINIAODSIM/PU2017_12Apr2018_new_pmx_94X_mc2017_realistic_v14-v1/80000/0A6F12B7-FC3E-E911-AA4D-0CC47A4C8E28.root
root://cmsxrootd.fnal.gov//store/mc/RunIIFall17MiniAODv2/QCD_HT300to500_TuneCP5_13TeV-madgraph-pythia8/MINIAODSIM/PU2017_12Apr2018_new_pmx_94X_mc2017_realistic_v14-v1/80000/24794546-D03E-E911-8E2E-0025905B857C.root
root://cmsxrootd.fnal.gov//store/mc/RunIIFall17MiniAODv2/QCD_HT300to500_TuneCP5_13TeV-madgraph-pythia8/MINIAODSIM/PU2017_12Apr2018_new_pmx_94X_mc2017_realistic_v14-v1/80000/B07387F8-2C3F-E911-BEF7-0CC47A4D7604.root
root://cmsxrootd.fnal.gov//store/mc/RunIIFall17MiniAODv2/QCD_HT300to500_TuneCP5_13TeV-madgraph-pythia8/MINIAODSIM/PU2017_12Apr2018_new_pmx_94X_mc2017_realistic_v14-v1/80000/88C07946-F53E-E911-B3C6-AC1F6BAC7C78.root
root://cmsxrootd.fnal.gov//store/mc/RunIIFall17MiniAODv2/QCD_HT300to500_TuneCP5_13TeV-madgraph-pythia8/MINIAODSIM/PU2017_12Apr2018_new_pmx_94X_mc2017_realistic_v14-v1/80000/5E5A4084-C23E-E911-A1A2-0025905B855C.root
root://cmsxrootd.fnal.gov//store/mc/RunIIFall17MiniAODv2/QCD_HT300to500_TuneCP5_13TeV-madgraph-pythia8/MINIAODSIM/PU2017_12Apr2018_new_pmx_94X_mc2017_realistic_v14-v1/80000/E2DAB725-093F-E911-B51F-0025905A608E.root
root://cmsxrootd.fnal.gov//store/mc/RunIIFall17MiniAODv2/QCD_HT300to500_TuneCP5_13TeV-madgraph-pythia8/MINIAODSIM/PU2017_12Apr2018_new_pmx_94X_mc2017_realistic_v14-v1/80000/7EFEC0EA-023F-E911-B164-0CC47A4D7626.root
root://cmsxrootd.fnal.gov//store/mc/RunIIFall17MiniAODv2/QCD_HT300to500_TuneCP5_13TeV-madgraph-pythia8/MINIAODSIM/PU2017_12Apr2018_new_pmx_94X_mc2017_realistic_v14-v1/80000/A2AAC7B2-FA3E-E911-A4F6-0CC47A4C8E28.root
root://cmsxrootd.fnal.gov//store/mc/RunIIFall17MiniAODv2/QCD_HT300to500_TuneCP5_13TeV-madgraph-pythia8/MINIAODSIM/PU2017_12Apr2018_new_pmx_94X_mc2017_realistic_v14-v1/80000/FEDA958B-173F-E911-9B7B-0CC47A78A41C.root
root://cmsxrootd.fnal.gov//store/mc/RunIIFall17MiniAODv2/QCD_HT300to500_TuneCP5_13TeV-madgraph-pythia8/MINIAODSIM/PU2017_12Apr2018_new_pmx_94X_mc2017_realistic_v14-v1/80000/D8BFC8D9-EB3E-E911-AB0F-0CC47A4C8E64.root
root://cmsxrootd.fnal.gov//store/mc/RunIIFall17MiniAODv2/QCD_HT300to500_TuneCP5_13TeV-madgraph-pythia8/MINIAODSIM/PU2017_12Apr2018_new_pmx_94X_mc2017_realistic_v14-v1/80000/30066746-BF3F-E911-A6FF-0CC47A4C8E38.root
root://cmsxrootd.fnal.gov//store/mc/RunIIFall17MiniAODv2/QCD_HT300to500_TuneCP5_13TeV-madgraph-pythia8/MINIAODSIM/PU2017_12Apr2018_new_pmx_94X_mc2017_realistic_v14-v1/80000/8E9B8849-2E40-E911-8FB8-0CC47A4D7636.root
root://cmsxrootd.fnal.gov//store/mc/RunIIFall17MiniAODv2/QCD_HT300to500_TuneCP5_13TeV-madgraph-pythia8/MINIAODSIM/PU2017_12Apr2018_new_pmx_94X_mc2017_realistic_v14-v1/80000/2A1D6FC3-2E3F-E911-AE57-0025905B8586.root
root://cmsxrootd.fnal.gov//store/mc/RunIIFall17MiniAODv2/QCD_HT300to500_TuneCP5_13TeV-madgraph-pythia8/MINIAODSIM/PU2017_12Apr2018_new_pmx_94X_mc2017_realistic_v14-v1/80000/124CA568-F13E-E911-826C-0CC47A4C8ED8.root
root://cmsxrootd.fnal.gov//store/mc/RunIIFall17MiniAODv2/QCD_HT300to500_TuneCP5_13TeV-madgraph-pythia8/MINIAODSIM/PU2017_12Apr2018_new_pmx_94X_mc2017_realistic_v14-v1/80000/BE7F7CF5-073F-E911-9FC0-AC1F6BAC815A.root
root://cmsxrootd.fnal.gov//store/mc/RunIIFall17MiniAODv2/QCD_HT300to500_TuneCP5_13TeV-madgraph-pythia8/MINIAODSIM/PU2017_12Apr2018_new_pmx_94X_mc2017_realistic_v14-v1/80000/FA3700B3-C83E-E911-A76C-0025905B8610.root
root://cmsxrootd.fnal.gov//store/mc/RunIIFall17MiniAODv2/QCD_HT300to500_TuneCP5_13TeV-madgraph-pythia8/MINIAODSIM/PU2017_12Apr2018_new_pmx_94X_mc2017_realistic_v14-v1/80000/9A38DC39-DE3E-E911-9A6B-0025905A606A.root
root://cmsxrootd.fnal.gov//store/mc/RunIIFall17MiniAODv2/QCD_HT300to500_TuneCP5_13TeV-madgraph-pythia8/MINIAODSIM/PU2017_12Apr2018_new_pmx_94X_mc2017_realistic_v14-v1/80000/68DD73AD-FB3E-E911-9E1B-0CC47A4C8EB6.root
root://cmsxrootd.fnal.gov//store/mc/RunIIFall17MiniAODv2/QCD_HT300to500_TuneCP5_13TeV-madgraph-pythia8/MINIAODSIM/PU2017_12Apr2018_new_pmx_94X_mc2017_realistic_v14-v1/80000/A09DD185-183F-E911-B739-0CC47A7C354C.root
root://cmsxrootd.fnal.gov//store/mc/RunIIFall17MiniAODv2/QCD_HT300to500_TuneCP5_13TeV-madgraph-pythia8/MINIAODSIM/PU2017_12Apr2018_new_pmx_94X_mc2017_realistic_v14-v1/80000/4EA59689-1C3F-E911-A645-0CC47A7C3404.root
root://cmsxrootd.fnal.gov//store/mc/RunIIFall17MiniAODv2/QCD_HT300to500_TuneCP5_13TeV-madgraph-pythia8/MINIAODSIM/PU2017_12Apr2018_new_pmx_94X_mc2017_realistic_v14-v1/80000/DAFE807E-023F-E911-9B52-0CC47A4C8E98.root
root://cmsxrootd.fnal.gov//store/mc/RunIIFall17MiniAODv2/QCD_HT300to500_TuneCP5_13TeV-madgraph-pythia8/MINIAODSIM/PU2017_12Apr2018_new_pmx_94X_mc2017_realistic_v14-v1/80000/A04331EB-1B3F-E911-963C-AC1F6BAC7C52.root
root://cmsxrootd.fnal.gov//store/mc/RunIIFall17MiniAODv2/QCD_HT300to500_TuneCP5_13TeV-madgraph-pythia8/MINIAODSIM/PU2017_12Apr2018_new_pmx_94X_mc2017_realistic_v14-v1/80000/C4EB9731-D53E-E911-9D22-0025905A609A.root
root://cmsxrootd.fnal.gov//store/mc/RunIIFall17MiniAODv2/QCD_HT300to500_TuneCP5_13TeV-madgraph-pythia8/MINIAODSIM/PU2017_12Apr2018_new_pmx_94X_mc2017_realistic_v14-v1/80000/2EFE5C61-F43F-E911-97AF-0CC47A7452D8.root
root://cmsxrootd.fnal.gov//store/mc/RunIIFall17MiniAODv2/QCD_HT300to500_TuneCP5_13TeV-madgraph-pythia8/MINIAODSIM/PU2017_12Apr2018_new_pmx_94X_mc2017_realistic_v14-v1/80000/D42750B4-113F-E911-8B25-0025905B855E.root
root://cmsxrootd.fnal.gov//store/mc/RunIIFall17MiniAODv2/QCD_HT300to500_TuneCP5_13TeV-madgraph-pythia8/MINIAODSIM/PU2017_12Apr2018_new_pmx_94X_mc2017_realistic_v14-v1/80000/42B4DB10-C13E-E911-B957-0CC47A78A458.root
root://cmsxrootd.fnal.gov//store/mc/RunIIFall17MiniAODv2/QCD_HT300to500_TuneCP5_13TeV-madgraph-pythia8/MINIAODSIM/PU2017_12Apr2018_new_pmx_94X_mc2017_realistic_v14-v1/80000/3625CC8C-C73E-E911-A5A5-AC1F6BAC7C52.root
root://cmsxrootd.fnal.gov//store/mc/RunIIFall17MiniAODv2/QCD_HT300to500_TuneCP5_13TeV-madgraph-pythia8/MINIAODSIM/PU2017_12Apr2018_new_pmx_94X_mc2017_realistic_v14-v1/80000/F09D11BD-0A3F-E911-9966-0CC47A78A3F8.root
root://cmsxrootd.fnal.gov//store/mc/RunIIFall17MiniAODv2/QCD_HT300to500_TuneCP5_13TeV-madgraph-pythia8/MINIAODSIM/PU2017_12Apr2018_new_pmx_94X_mc2017_realistic_v14-v1/80000/C4D06D5D-DF3E-E911-91FF-AC1F6BAC7F24.root
root://cmsxrootd.fnal.gov//store/mc/RunIIFall17MiniAODv2/QCD_HT300to500_TuneCP5_13TeV-madgraph-pythia8/MINIAODSIM/PU2017_12Apr2018_new_pmx_94X_mc2017_realistic_v14-v1/80000/78FBC62B-103F-E911-9EC2-0CC47A4D7644.root
root://cmsxrootd.fnal.gov//store/mc/RunIIFall17MiniAODv2/QCD_HT300to500_TuneCP5_13TeV-madgraph-pythia8/MINIAODSIM/PU2017_12Apr2018_new_pmx_94X_mc2017_realistic_v14-v1/80000/08E6A8C2-F93E-E911-A0FC-AC1F6BAC7EAC.root
root://cmsxrootd.fnal.gov//store/mc/RunIIFall17MiniAODv2/QCD_HT300to500_TuneCP5_13TeV-madgraph-pythia8/MINIAODSIM/PU2017_12Apr2018_new_pmx_94X_mc2017_realistic_v14-v1/80000/58511676-D63F-E911-A509-0CC47A7C3412.root
root://cmsxrootd.fnal.gov//store/mc/RunIIFall17MiniAODv2/QCD_HT300to500_TuneCP5_13TeV-madgraph-pythia8/MINIAODSIM/PU2017_12Apr2018_new_pmx_94X_mc2017_realistic_v14-v1/80000/28194108-323F-E911-9B5C-0025905B8566.root
root://cmsxrootd.fnal.gov//store/mc/RunIIFall17MiniAODv2/QCD_HT300to500_TuneCP5_13TeV-madgraph-pythia8/MINIAODSIM/PU2017_12Apr2018_new_pmx_94X_mc2017_realistic_v14-v1/80000/02F91283-EA3E-E911-A925-0CC47A7C3636.root
root://cmsxrootd.fnal.gov//store/mc/RunIIFall17MiniAODv2/QCD_HT300to500_TuneCP5_13TeV-madgraph-pythia8/MINIAODSIM/PU2017_12Apr2018_new_pmx_94X_mc2017_realistic_v14-v1/80000/AA07F3D8-E93E-E911-8984-0025905B85FC.root
root://cmsxrootd.fnal.gov//store/mc/RunIIFall17MiniAODv2/QCD_HT300to500_TuneCP5_13TeV-madgraph-pythia8/MINIAODSIM/PU2017_12Apr2018_new_pmx_94X_mc2017_realistic_v14-v1/80000/E468DDD0-EE3E-E911-8E3D-0CC47A7C35B2.root
root://cmsxrootd.fnal.gov//store/mc/RunIIFall17MiniAODv2/QCD_HT300to500_TuneCP5_13TeV-madgraph-pythia8/MINIAODSIM/PU2017_12Apr2018_new_pmx_94X_mc2017_realistic_v14-v1/80000/068F6FEE-143F-E911-9161-0CC47A78A41C.root
root://cmsxrootd.fnal.gov//store/mc/RunIIFall17MiniAODv2/QCD_HT300to500_TuneCP5_13TeV-madgraph-pythia8/MINIAODSIM/PU2017_12Apr2018_new_pmx_94X_mc2017_realistic_v14-v1/80000/C86F97B0-FB3E-E911-9C39-AC1F6BAC7D18.root
root://cmsxrootd.fnal.gov//store/mc/RunIIFall17MiniAODv2/QCD_HT300to500_TuneCP5_13TeV-madgraph-pythia8/MINIAODSIM/PU2017_12Apr2018_new_pmx_94X_mc2017_realistic_v14-v1/80000/F66EB28E-F33E-E911-A0BA-0CC47A7C35B2.root
root://cmsxrootd.fnal.gov//store/mc/RunIIFall17MiniAODv2/QCD_HT300to500_TuneCP5_13TeV-madgraph-pythia8/MINIAODSIM/PU2017_12Apr2018_new_pmx_94X_mc2017_realistic_v14-v1/80000/903065D3-043F-E911-867A-0CC47A4D7626.root
root://cmsxrootd.fnal.gov//store/mc/RunIIFall17MiniAODv2/QCD_HT300to500_TuneCP5_13TeV-madgraph-pythia8/MINIAODSIM/PU2017_12Apr2018_new_pmx_94X_mc2017_realistic_v14-v1/80000/CE202382-1E3F-E911-9E37-AC1F6BAC7C10.root
root://cmsxrootd.fnal.gov//store/mc/RunIIFall17MiniAODv2/QCD_HT300to500_TuneCP5_13TeV-madgraph-pythia8/MINIAODSIM/PU2017_12Apr2018_new_pmx_94X_mc2017_realistic_v14-v1/80000/3250EFA0-D23E-E911-92A0-0025905B857C.root
root://cmsxrootd.fnal.gov//store/mc/RunIIFall17MiniAODv2/QCD_HT300to500_TuneCP5_13TeV-madgraph-pythia8/MINIAODSIM/PU2017_12Apr2018_new_pmx_94X_mc2017_realistic_v14-v1/80000/FC89E80C-283F-E911-B0DE-0025905A6082.root
root://cmsxrootd.fnal.gov//store/mc/RunIIFall17MiniAODv2/QCD_HT300to500_TuneCP5_13TeV-madgraph-pythia8/MINIAODSIM/PU2017_12Apr2018_new_pmx_94X_mc2017_realistic_v14-v1/80000/1496FDAE-063F-E911-B281-0025905A497A.root
root://cmsxrootd.fnal.gov//store/mc/RunIIFall17MiniAODv2/QCD_HT300to500_TuneCP5_13TeV-madgraph-pythia8/MINIAODSIM/PU2017_12Apr2018_new_pmx_94X_mc2017_realistic_v14-v1/80000/56A71052-F33E-E911-8146-0CC47A4C8ED8.root
root://cmsxrootd.fnal.gov//store/mc/RunIIFall17MiniAODv2/QCD_HT300to500_TuneCP5_13TeV-madgraph-pythia8/MINIAODSIM/PU2017_12Apr2018_new_pmx_94X_mc2017_realistic_v14-v1/80000/52CBEB15-E43E-E911-BECF-0CC47A4C8E20.root
root://cmsxrootd.fnal.gov//store/mc/RunIIFall17MiniAODv2/QCD_HT300to500_TuneCP5_13TeV-madgraph-pythia8/MINIAODSIM/PU2017_12Apr2018_new_pmx_94X_mc2017_realistic_v14-v1/80000/3C91A7C5-E63E-E911-8286-0CC47A4D7632.root
root://cmsxrootd.fnal.gov//store/mc/RunIIFall17MiniAODv2/QCD_HT300to500_TuneCP5_13TeV-madgraph-pythia8/MINIAODSIM/PU2017_12Apr2018_new_pmx_94X_mc2017_realistic_v14-v1/80000/880F0CBD-F73E-E911-A498-0CC47A7C34C8.root
root://cmsxrootd.fnal.gov//store/mc/RunIIFall17MiniAODv2/QCD_HT300to500_TuneCP5_13TeV-madgraph-pythia8/MINIAODSIM/PU2017_12Apr2018_new_pmx_94X_mc2017_realistic_v14-v1/80000/D089220D-013F-E911-A5E0-0CC47A4D7626.root
root://cmsxrootd.fnal.gov//store/mc/RunIIFall17MiniAODv2/QCD_HT300to500_TuneCP5_13TeV-madgraph-pythia8/MINIAODSIM/PU2017_12Apr2018_new_pmx_94X_mc2017_realistic_v14-v1/80000/92E3C07E-023F-E911-96C5-0CC47A4D7698.root
root://cmsxrootd.fnal.gov//store/mc/RunIIFall17MiniAODv2/QCD_HT300to500_TuneCP5_13TeV-madgraph-pythia8/MINIAODSIM/PU2017_12Apr2018_new_pmx_94X_mc2017_realistic_v14-v1/80000/DEA254B2-A73F-E911-9542-0CC47A7C3628.root
root://cmsxrootd.fnal.gov//store/mc/RunIIFall17MiniAODv2/QCD_HT300to500_TuneCP5_13TeV-madgraph-pythia8/MINIAODSIM/PU2017_12Apr2018_new_pmx_94X_mc2017_realistic_v14-v1/80000/F65EECD3-E83E-E911-9754-0CC47A4D769E.root
root://cmsxrootd.fnal.gov//store/mc/RunIIFall17MiniAODv2/QCD_HT300to500_TuneCP5_13TeV-madgraph-pythia8/MINIAODSIM/PU2017_12Apr2018_new_pmx_94X_mc2017_realistic_v14-v1/80000/1E9FC65B-233F-E911-9FB2-0CC47A4C8EC6.root
root://cmsxrootd.fnal.gov//store/mc/RunIIFall17MiniAODv2/QCD_HT300to500_TuneCP5_13TeV-madgraph-pythia8/MINIAODSIM/PU2017_12Apr2018_new_pmx_94X_mc2017_realistic_v14-v1/80000/30196437-DD3E-E911-BCEC-0CC47A7C3604.root
root://cmsxrootd.fnal.gov//store/mc/RunIIFall17MiniAODv2/QCD_HT300to500_TuneCP5_13TeV-madgraph-pythia8/MINIAODSIM/PU2017_12Apr2018_new_pmx_94X_mc2017_realistic_v14-v1/80000/48512063-273F-E911-B849-AC1F6BAC7D1A.root
root://cmsxrootd.fnal.gov//store/mc/RunIIFall17MiniAODv2/QCD_HT300to500_TuneCP5_13TeV-madgraph-pythia8/MINIAODSIM/PU2017_12Apr2018_new_pmx_94X_mc2017_realistic_v14-v1/80000/2841660D-EA3E-E911-9C11-0CC47A4D7632.root
