000 (6204846.000.000) 05/07 00:39:44 Job submitted from host: <131.225.188.55:9618?addrs=131.225.188.55-9618&noUDP&sock=2343_ae7c_3>
...
001 (6204846.000.000) 05/07 00:40:40 Job executing on host: <131.225.205.201:9618?addrs=131.225.205.201-9618&noUDP&sock=3526_1f06_3>
...
006 (6204846.000.000) 05/07 00:40:50 Image size of job updated: 4
	4  -  MemoryUsage of job (MB)
	4272  -  ResidentSetSize of job (KB)
...
005 (6204846.000.000) 05/07 00:40:54 Job terminated.
	(1) Normal termination (return value 1)
		Usr 0 00:00:00, Sys 0 00:00:00  -  Run Remote Usage
		Usr 0 00:00:00, Sys 0 00:00:00  -  Run Local Usage
		Usr 0 00:00:00, Sys 0 00:00:00  -  Total Remote Usage
		Usr 0 00:00:00, Sys 0 00:00:00  -  Total Local Usage
	1182  -  Run Bytes Sent By Job
	11292  -  Run Bytes Received By Job
	1182  -  Total Bytes Sent By Job
	11292  -  Total Bytes Received By Job
	Partitionable Resources :    Usage  Request Allocated 
	   Cpus                 :        0        1         1 
	   Disk (KB)            :       72        2   1633235 
	   Memory (MB)          :        4     4200      4200 
...
